[0.149s] DEBUG:colcon:Command line arguments: ['/usr/bin/colcon', 'build']
[0.149s] DEBUG:colcon:Parsed command line arguments: Namespace(log_base=None, log_level=None, verb_name='build', build_base='build', install_base='install', merge_install=False, symlink_install=False, test_result_base=None, continue_on_error=False, executor='parallel', parallel_workers=4, event_handlers=None, ignore_user_meta=False, metas=['./colcon.meta'], base_paths=['.'], packages_ignore=None, packages_ignore_regex=None, paths=None, packages_up_to=None, packages_up_to_regex=None, packages_above=None, packages_above_and_dependencies=None, packages_above_depth=None, packages_select_by_dep=None, packages_skip_by_dep=None, packages_skip_up_to=None, packages_select_build_failed=False, packages_skip_build_finished=False, packages_select_test_failures=False, packages_skip_test_passed=False, packages_select=None, packages_skip=None, packages_select_regex=None, packages_skip_regex=None, packages_start=None, packages_end=None, allow_overriding=[], cmake_args=None, cmake_target=None, cmake_target_skip_unavailable=False, cmake_clean_cache=False, cmake_clean_first=False, cmake_force_configure=False, ament_cmake_args=None, catkin_cmake_args=None, catkin_skip_building_tests=False, mixin_files=None, mixin=None, verb_parser=<colcon_mixin.mixin.mixin_argument.MixinArgumentDecorator object at 0x7e059371ff40>, verb_extension=<colcon_core.verb.build.BuildVerb object at 0x7e059371f940>, main=<bound method BuildVerb.main of <colcon_core.verb.build.BuildVerb object at 0x7e059371f940>>, mixin_verb=('build',))
[0.397s] Level 1:colcon.colcon_core.package_discovery:discover_packages(colcon_meta) check parameters
[0.397s] Level 1:colcon.colcon_core.package_discovery:discover_packages(recursive) check parameters
[0.397s] Level 1:colcon.colcon_core.package_discovery:discover_packages(ignore) check parameters
[0.397s] Level 1:colcon.colcon_core.package_discovery:discover_packages(path) check parameters
[0.397s] Level 1:colcon.colcon_core.package_discovery:discover_packages(colcon_meta) discover
[0.398s] Level 1:colcon.colcon_core.package_discovery:discover_packages(recursive) discover
[0.398s] INFO:colcon.colcon_core.package_discovery:Crawling recursively for packages in '/home/rics/ros2_selfdriving'
[0.398s] Level 1:colcon.colcon_core.package_identification:_identify(.) by extensions ['ignore', 'ignore_ament_install']
[0.398s] Level 1:colcon.colcon_core.package_identification:_identify(.) by extension 'ignore'
[0.398s] Level 1:colcon.colcon_core.package_identification:_identify(.) by extension 'ignore_ament_install'
[0.398s] Level 1:colcon.colcon_core.package_identification:_identify(.) by extensions ['colcon_pkg']
[0.398s] Level 1:colcon.colcon_core.package_identification:_identify(.) by extension 'colcon_pkg'
[0.398s] Level 1:colcon.colcon_core.package_identification:_identify(.) by extensions ['colcon_meta']
[0.398s] Level 1:colcon.colcon_core.package_identification:_identify(.) by extension 'colcon_meta'
[0.398s] Level 1:colcon.colcon_core.package_identification:_identify(.) by extensions ['ros']
[0.399s] Level 1:colcon.colcon_core.package_identification:_identify(.) by extension 'ros'
[0.412s] Level 1:colcon.colcon_core.package_identification:_identify(.) by extensions ['cmake', 'python']
[0.412s] Level 1:colcon.colcon_core.package_identification:_identify(.) by extension 'cmake'
[0.412s] Level 1:colcon.colcon_core.package_identification:_identify(.) by extension 'python'
[0.412s] Level 1:colcon.colcon_core.package_identification:_identify(.) by extensions ['python_setup_py']
[0.412s] Level 1:colcon.colcon_core.package_identification:_identify(.) by extension 'python_setup_py'
[0.413s] Level 1:colcon.colcon_core.package_identification:_identify(bags) by extensions ['ignore', 'ignore_ament_install']
[0.413s] Level 1:colcon.colcon_core.package_identification:_identify(bags) by extension 'ignore'
[0.413s] Level 1:colcon.colcon_core.package_identification:_identify(bags) by extension 'ignore_ament_install'
[0.413s] Level 1:colcon.colcon_core.package_identification:_identify(bags) by extensions ['colcon_pkg']
[0.413s] Level 1:colcon.colcon_core.package_identification:_identify(bags) by extension 'colcon_pkg'
[0.413s] Level 1:colcon.colcon_core.package_identification:_identify(bags) by extensions ['colcon_meta']
[0.413s] Level 1:colcon.colcon_core.package_identification:_identify(bags) by extension 'colcon_meta'
[0.413s] Level 1:colcon.colcon_core.package_identification:_identify(bags) by extensions ['ros']
[0.413s] Level 1:colcon.colcon_core.package_identification:_identify(bags) by extension 'ros'
[0.413s] Level 1:colcon.colcon_core.package_identification:_identify(bags) by extensions ['cmake', 'python']
[0.414s] Level 1:colcon.colcon_core.package_identification:_identify(bags) by extension 'cmake'
[0.414s] Level 1:colcon.colcon_core.package_identification:_identify(bags) by extension 'python'
[0.414s] Level 1:colcon.colcon_core.package_identification:_identify(bags) by extensions ['python_setup_py']
[0.414s] Level 1:colcon.colcon_core.package_identification:_identify(bags) by extension 'python_setup_py'
[0.414s] Level 1:colcon.colcon_core.package_identification:_identify(bags/circular_bag) by extensions ['ignore', 'ignore_ament_install']
[0.414s] Level 1:colcon.colcon_core.package_identification:_identify(bags/circular_bag) by extension 'ignore'
[0.414s] Level 1:colcon.colcon_core.package_identification:_identify(bags/circular_bag) by extension 'ignore_ament_install'
[0.414s] Level 1:colcon.colcon_core.package_identification:_identify(bags/circular_bag) by extensions ['colcon_pkg']
[0.415s] Level 1:colcon.colcon_core.package_identification:_identify(bags/circular_bag) by extension 'colcon_pkg'
[0.415s] Level 1:colcon.colcon_core.package_identification:_identify(bags/circular_bag) by extensions ['colcon_meta']
[0.415s] Level 1:colcon.colcon_core.package_identification:_identify(bags/circular_bag) by extension 'colcon_meta'
[0.415s] Level 1:colcon.colcon_core.package_identification:_identify(bags/circular_bag) by extensions ['ros']
[0.415s] Level 1:colcon.colcon_core.package_identification:_identify(bags/circular_bag) by extension 'ros'
[0.415s] Level 1:colcon.colcon_core.package_identification:_identify(bags/circular_bag) by extensions ['cmake', 'python']
[0.415s] Level 1:colcon.colcon_core.package_identification:_identify(bags/circular_bag) by extension 'cmake'
[0.415s] Level 1:colcon.colcon_core.package_identification:_identify(bags/circular_bag) by extension 'python'
[0.415s] Level 1:colcon.colcon_core.package_identification:_identify(bags/circular_bag) by extensions ['python_setup_py']
[0.415s] Level 1:colcon.colcon_core.package_identification:_identify(bags/circular_bag) by extension 'python_setup_py'
[0.416s] Level 1:colcon.colcon_core.package_identification:_identify(bags/circular_bag_reframed) by extensions ['ignore', 'ignore_ament_install']
[0.416s] Level 1:colcon.colcon_core.package_identification:_identify(bags/circular_bag_reframed) by extension 'ignore'
[0.416s] Level 1:colcon.colcon_core.package_identification:_identify(bags/circular_bag_reframed) by extension 'ignore_ament_install'
[0.416s] Level 1:colcon.colcon_core.package_identification:_identify(bags/circular_bag_reframed) by extensions ['colcon_pkg']
[0.416s] Level 1:colcon.colcon_core.package_identification:_identify(bags/circular_bag_reframed) by extension 'colcon_pkg'
[0.416s] Level 1:colcon.colcon_core.package_identification:_identify(bags/circular_bag_reframed) by extensions ['colcon_meta']
[0.416s] Level 1:colcon.colcon_core.package_identification:_identify(bags/circular_bag_reframed) by extension 'colcon_meta'
[0.416s] Level 1:colcon.colcon_core.package_identification:_identify(bags/circular_bag_reframed) by extensions ['ros']
[0.416s] Level 1:colcon.colcon_core.package_identification:_identify(bags/circular_bag_reframed) by extension 'ros'
[0.417s] Level 1:colcon.colcon_core.package_identification:_identify(bags/circular_bag_reframed) by extensions ['cmake', 'python']
[0.417s] Level 1:colcon.colcon_core.package_identification:_identify(bags/circular_bag_reframed) by extension 'cmake'
[0.417s] Level 1:colcon.colcon_core.package_identification:_identify(bags/circular_bag_reframed) by extension 'python'
[0.417s] Level 1:colcon.colcon_core.package_identification:_identify(bags/circular_bag_reframed) by extensions ['python_setup_py']
[0.417s] Level 1:colcon.colcon_core.package_identification:_identify(bags/circular_bag_reframed) by extension 'python_setup_py'
[0.417s] Level 1:colcon.colcon_core.package_identification:_identify(bags/eight_bag) by extensions ['ignore', 'ignore_ament_install']
[0.417s] Level 1:colcon.colcon_core.package_identification:_identify(bags/eight_bag) by extension 'ignore'
[0.417s] Level 1:colcon.colcon_core.package_identification:_identify(bags/eight_bag) by extension 'ignore_ament_install'
[0.417s] Level 1:colcon.colcon_core.package_identification:_identify(bags/eight_bag) by extensions ['colcon_pkg']
[0.417s] Level 1:colcon.colcon_core.package_identification:_identify(bags/eight_bag) by extension 'colcon_pkg'
[0.418s] Level 1:colcon.colcon_core.package_identification:_identify(bags/eight_bag) by extensions ['colcon_meta']
[0.418s] Level 1:colcon.colcon_core.package_identification:_identify(bags/eight_bag) by extension 'colcon_meta'
[0.418s] Level 1:colcon.colcon_core.package_identification:_identify(bags/eight_bag) by extensions ['ros']
[0.418s] Level 1:colcon.colcon_core.package_identification:_identify(bags/eight_bag) by extension 'ros'
[0.418s] Level 1:colcon.colcon_core.package_identification:_identify(bags/eight_bag) by extensions ['cmake', 'python']
[0.418s] Level 1:colcon.colcon_core.package_identification:_identify(bags/eight_bag) by extension 'cmake'
[0.418s] Level 1:colcon.colcon_core.package_identification:_identify(bags/eight_bag) by extension 'python'
[0.418s] Level 1:colcon.colcon_core.package_identification:_identify(bags/eight_bag) by extensions ['python_setup_py']
[0.418s] Level 1:colcon.colcon_core.package_identification:_identify(bags/eight_bag) by extension 'python_setup_py'
[0.418s] Level 1:colcon.colcon_core.package_identification:_identify(bags/eight_bag_reframed) by extensions ['ignore', 'ignore_ament_install']
[0.419s] Level 1:colcon.colcon_core.package_identification:_identify(bags/eight_bag_reframed) by extension 'ignore'
[0.419s] Level 1:colcon.colcon_core.package_identification:_identify(bags/eight_bag_reframed) by extension 'ignore_ament_install'
[0.419s] Level 1:colcon.colcon_core.package_identification:_identify(bags/eight_bag_reframed) by extensions ['colcon_pkg']
[0.419s] Level 1:colcon.colcon_core.package_identification:_identify(bags/eight_bag_reframed) by extension 'colcon_pkg'
[0.419s] Level 1:colcon.colcon_core.package_identification:_identify(bags/eight_bag_reframed) by extensions ['colcon_meta']
[0.419s] Level 1:colcon.colcon_core.package_identification:_identify(bags/eight_bag_reframed) by extension 'colcon_meta'
[0.419s] Level 1:colcon.colcon_core.package_identification:_identify(bags/eight_bag_reframed) by extensions ['ros']
[0.419s] Level 1:colcon.colcon_core.package_identification:_identify(bags/eight_bag_reframed) by extension 'ros'
[0.419s] Level 1:colcon.colcon_core.package_identification:_identify(bags/eight_bag_reframed) by extensions ['cmake', 'python']
[0.419s] Level 1:colcon.colcon_core.package_identification:_identify(bags/eight_bag_reframed) by extension 'cmake'
[0.420s] Level 1:colcon.colcon_core.package_identification:_identify(bags/eight_bag_reframed) by extension 'python'
[0.420s] Level 1:colcon.colcon_core.package_identification:_identify(bags/eight_bag_reframed) by extensions ['python_setup_py']
[0.420s] Level 1:colcon.colcon_core.package_identification:_identify(bags/eight_bag_reframed) by extension 'python_setup_py'
[0.420s] Level 1:colcon.colcon_core.package_identification:_identify(bags/squared_bag) by extensions ['ignore', 'ignore_ament_install']
[0.420s] Level 1:colcon.colcon_core.package_identification:_identify(bags/squared_bag) by extension 'ignore'
[0.420s] Level 1:colcon.colcon_core.package_identification:_identify(bags/squared_bag) by extension 'ignore_ament_install'
[0.420s] Level 1:colcon.colcon_core.package_identification:_identify(bags/squared_bag) by extensions ['colcon_pkg']
[0.420s] Level 1:colcon.colcon_core.package_identification:_identify(bags/squared_bag) by extension 'colcon_pkg'
[0.420s] Level 1:colcon.colcon_core.package_identification:_identify(bags/squared_bag) by extensions ['colcon_meta']
[0.420s] Level 1:colcon.colcon_core.package_identification:_identify(bags/squared_bag) by extension 'colcon_meta'
[0.421s] Level 1:colcon.colcon_core.package_identification:_identify(bags/squared_bag) by extensions ['ros']
[0.421s] Level 1:colcon.colcon_core.package_identification:_identify(bags/squared_bag) by extension 'ros'
[0.421s] Level 1:colcon.colcon_core.package_identification:_identify(bags/squared_bag) by extensions ['cmake', 'python']
[0.421s] Level 1:colcon.colcon_core.package_identification:_identify(bags/squared_bag) by extension 'cmake'
[0.421s] Level 1:colcon.colcon_core.package_identification:_identify(bags/squared_bag) by extension 'python'
[0.421s] Level 1:colcon.colcon_core.package_identification:_identify(bags/squared_bag) by extensions ['python_setup_py']
[0.421s] Level 1:colcon.colcon_core.package_identification:_identify(bags/squared_bag) by extension 'python_setup_py'
[0.421s] Level 1:colcon.colcon_core.package_identification:_identify(bags/squared_bag_reframed) by extensions ['ignore', 'ignore_ament_install']
[0.421s] Level 1:colcon.colcon_core.package_identification:_identify(bags/squared_bag_reframed) by extension 'ignore'
[0.422s] Level 1:colcon.colcon_core.package_identification:_identify(bags/squared_bag_reframed) by extension 'ignore_ament_install'
[0.422s] Level 1:colcon.colcon_core.package_identification:_identify(bags/squared_bag_reframed) by extensions ['colcon_pkg']
[0.422s] Level 1:colcon.colcon_core.package_identification:_identify(bags/squared_bag_reframed) by extension 'colcon_pkg'
[0.422s] Level 1:colcon.colcon_core.package_identification:_identify(bags/squared_bag_reframed) by extensions ['colcon_meta']
[0.422s] Level 1:colcon.colcon_core.package_identification:_identify(bags/squared_bag_reframed) by extension 'colcon_meta'
[0.422s] Level 1:colcon.colcon_core.package_identification:_identify(bags/squared_bag_reframed) by extensions ['ros']
[0.422s] Level 1:colcon.colcon_core.package_identification:_identify(bags/squared_bag_reframed) by extension 'ros'
[0.422s] Level 1:colcon.colcon_core.package_identification:_identify(bags/squared_bag_reframed) by extensions ['cmake', 'python']
[0.422s] Level 1:colcon.colcon_core.package_identification:_identify(bags/squared_bag_reframed) by extension 'cmake'
[0.422s] Level 1:colcon.colcon_core.package_identification:_identify(bags/squared_bag_reframed) by extension 'python'
[0.422s] Level 1:colcon.colcon_core.package_identification:_identify(bags/squared_bag_reframed) by extensions ['python_setup_py']
[0.422s] Level 1:colcon.colcon_core.package_identification:_identify(bags/squared_bag_reframed) by extension 'python_setup_py'
[0.423s] Level 1:colcon.colcon_core.package_identification:_identify(build) by extensions ['ignore', 'ignore_ament_install']
[0.423s] Level 1:colcon.colcon_core.package_identification:_identify(build) by extension 'ignore'
[0.423s] Level 1:colcon.colcon_core.package_identification:_identify(build) ignored
[0.423s] Level 1:colcon.colcon_core.package_identification:_identify(install) by extensions ['ignore', 'ignore_ament_install']
[0.423s] Level 1:colcon.colcon_core.package_identification:_identify(install) by extension 'ignore'
[0.423s] Level 1:colcon.colcon_core.package_identification:_identify(install) ignored
[0.424s] Level 1:colcon.colcon_core.package_identification:_identify(log) by extensions ['ignore', 'ignore_ament_install']
[0.424s] Level 1:colcon.colcon_core.package_identification:_identify(log) by extension 'ignore'
[0.424s] Level 1:colcon.colcon_core.package_identification:_identify(log) ignored
[0.424s] Level 1:colcon.colcon_core.package_identification:_identify(src) by extensions ['ignore', 'ignore_ament_install']
[0.424s] Level 1:colcon.colcon_core.package_identification:_identify(src) by extension 'ignore'
[0.424s] Level 1:colcon.colcon_core.package_identification:_identify(src) by extension 'ignore_ament_install'
[0.424s] Level 1:colcon.colcon_core.package_identification:_identify(src) by extensions ['colcon_pkg']
[0.424s] Level 1:colcon.colcon_core.package_identification:_identify(src) by extension 'colcon_pkg'
[0.424s] Level 1:colcon.colcon_core.package_identification:_identify(src) by extensions ['colcon_meta']
[0.425s] Level 1:colcon.colcon_core.package_identification:_identify(src) by extension 'colcon_meta'
[0.425s] Level 1:colcon.colcon_core.package_identification:_identify(src) by extensions ['ros']
[0.425s] Level 1:colcon.colcon_core.package_identification:_identify(src) by extension 'ros'
[0.425s] Level 1:colcon.colcon_core.package_identification:_identify(src) by extensions ['cmake', 'python']
[0.425s] Level 1:colcon.colcon_core.package_identification:_identify(src) by extension 'cmake'
[0.425s] Level 1:colcon.colcon_core.package_identification:_identify(src) by extension 'python'
[0.425s] Level 1:colcon.colcon_core.package_identification:_identify(src) by extensions ['python_setup_py']
[0.425s] Level 1:colcon.colcon_core.package_identification:_identify(src) by extension 'python_setup_py'
[0.425s] Level 1:colcon.colcon_core.package_identification:_identify(src/generated_bags) by extensions ['ignore', 'ignore_ament_install']
[0.426s] Level 1:colcon.colcon_core.package_identification:_identify(src/generated_bags) by extension 'ignore'
[0.426s] Level 1:colcon.colcon_core.package_identification:_identify(src/generated_bags) by extension 'ignore_ament_install'
[0.426s] Level 1:colcon.colcon_core.package_identification:_identify(src/generated_bags) by extensions ['colcon_pkg']
[0.426s] Level 1:colcon.colcon_core.package_identification:_identify(src/generated_bags) by extension 'colcon_pkg'
[0.426s] Level 1:colcon.colcon_core.package_identification:_identify(src/generated_bags) by extensions ['colcon_meta']
[0.426s] Level 1:colcon.colcon_core.package_identification:_identify(src/generated_bags) by extension 'colcon_meta'
[0.426s] Level 1:colcon.colcon_core.package_identification:_identify(src/generated_bags) by extensions ['ros']
[0.426s] Level 1:colcon.colcon_core.package_identification:_identify(src/generated_bags) by extension 'ros'
[0.426s] Level 1:colcon.colcon_core.package_identification:_identify(src/generated_bags) by extensions ['cmake', 'python']
[0.426s] Level 1:colcon.colcon_core.package_identification:_identify(src/generated_bags) by extension 'cmake'
[0.427s] Level 1:colcon.colcon_core.package_identification:_identify(src/generated_bags) by extension 'python'
[0.427s] Level 1:colcon.colcon_core.package_identification:_identify(src/generated_bags) by extensions ['python_setup_py']
[0.427s] Level 1:colcon.colcon_core.package_identification:_identify(src/generated_bags) by extension 'python_setup_py'
[0.427s] Level 1:colcon.colcon_core.package_identification:_identify(src/generated_bags/full_bag_nav) by extensions ['ignore', 'ignore_ament_install']
[0.427s] Level 1:colcon.colcon_core.package_identification:_identify(src/generated_bags/full_bag_nav) by extension 'ignore'
[0.427s] Level 1:colcon.colcon_core.package_identification:_identify(src/generated_bags/full_bag_nav) by extension 'ignore_ament_install'
[0.427s] Level 1:colcon.colcon_core.package_identification:_identify(src/generated_bags/full_bag_nav) by extensions ['colcon_pkg']
[0.427s] Level 1:colcon.colcon_core.package_identification:_identify(src/generated_bags/full_bag_nav) by extension 'colcon_pkg'
[0.427s] Level 1:colcon.colcon_core.package_identification:_identify(src/generated_bags/full_bag_nav) by extensions ['colcon_meta']
[0.428s] Level 1:colcon.colcon_core.package_identification:_identify(src/generated_bags/full_bag_nav) by extension 'colcon_meta'
[0.428s] Level 1:colcon.colcon_core.package_identification:_identify(src/generated_bags/full_bag_nav) by extensions ['ros']
[0.428s] Level 1:colcon.colcon_core.package_identification:_identify(src/generated_bags/full_bag_nav) by extension 'ros'
[0.428s] Level 1:colcon.colcon_core.package_identification:_identify(src/generated_bags/full_bag_nav) by extensions ['cmake', 'python']
[0.428s] Level 1:colcon.colcon_core.package_identification:_identify(src/generated_bags/full_bag_nav) by extension 'cmake'
[0.428s] Level 1:colcon.colcon_core.package_identification:_identify(src/generated_bags/full_bag_nav) by extension 'python'
[0.428s] Level 1:colcon.colcon_core.package_identification:_identify(src/generated_bags/full_bag_nav) by extensions ['python_setup_py']
[0.428s] Level 1:colcon.colcon_core.package_identification:_identify(src/generated_bags/full_bag_nav) by extension 'python_setup_py'
[0.428s] Level 1:colcon.colcon_core.package_identification:_identify(src/generated_bags/scan_today_bag) by extensions ['ignore', 'ignore_ament_install']
[0.429s] Level 1:colcon.colcon_core.package_identification:_identify(src/generated_bags/scan_today_bag) by extension 'ignore'
[0.429s] Level 1:colcon.colcon_core.package_identification:_identify(src/generated_bags/scan_today_bag) by extension 'ignore_ament_install'
[0.429s] Level 1:colcon.colcon_core.package_identification:_identify(src/generated_bags/scan_today_bag) by extensions ['colcon_pkg']
[0.429s] Level 1:colcon.colcon_core.package_identification:_identify(src/generated_bags/scan_today_bag) by extension 'colcon_pkg'
[0.429s] Level 1:colcon.colcon_core.package_identification:_identify(src/generated_bags/scan_today_bag) by extensions ['colcon_meta']
[0.429s] Level 1:colcon.colcon_core.package_identification:_identify(src/generated_bags/scan_today_bag) by extension 'colcon_meta'
[0.429s] Level 1:colcon.colcon_core.package_identification:_identify(src/generated_bags/scan_today_bag) by extensions ['ros']
[0.429s] Level 1:colcon.colcon_core.package_identification:_identify(src/generated_bags/scan_today_bag) by extension 'ros'
[0.429s] Level 1:colcon.colcon_core.package_identification:_identify(src/generated_bags/scan_today_bag) by extensions ['cmake', 'python']
[0.429s] Level 1:colcon.colcon_core.package_identification:_identify(src/generated_bags/scan_today_bag) by extension 'cmake'
[0.429s] Level 1:colcon.colcon_core.package_identification:_identify(src/generated_bags/scan_today_bag) by extension 'python'
[0.430s] Level 1:colcon.colcon_core.package_identification:_identify(src/generated_bags/scan_today_bag) by extensions ['python_setup_py']
[0.430s] Level 1:colcon.colcon_core.package_identification:_identify(src/generated_bags/scan_today_bag) by extension 'python_setup_py'
[0.430s] Level 1:colcon.colcon_core.package_identification:_identify(src/generated_bags/speed) by extensions ['ignore', 'ignore_ament_install']
[0.430s] Level 1:colcon.colcon_core.package_identification:_identify(src/generated_bags/speed) by extension 'ignore'
[0.430s] Level 1:colcon.colcon_core.package_identification:_identify(src/generated_bags/speed) by extension 'ignore_ament_install'
[0.430s] Level 1:colcon.colcon_core.package_identification:_identify(src/generated_bags/speed) by extensions ['colcon_pkg']
[0.430s] Level 1:colcon.colcon_core.package_identification:_identify(src/generated_bags/speed) by extension 'colcon_pkg'
[0.430s] Level 1:colcon.colcon_core.package_identification:_identify(src/generated_bags/speed) by extensions ['colcon_meta']
[0.430s] Level 1:colcon.colcon_core.package_identification:_identify(src/generated_bags/speed) by extension 'colcon_meta'
[0.431s] Level 1:colcon.colcon_core.package_identification:_identify(src/generated_bags/speed) by extensions ['ros']
[0.431s] Level 1:colcon.colcon_core.package_identification:_identify(src/generated_bags/speed) by extension 'ros'
[0.431s] Level 1:colcon.colcon_core.package_identification:_identify(src/generated_bags/speed) by extensions ['cmake', 'python']
[0.431s] Level 1:colcon.colcon_core.package_identification:_identify(src/generated_bags/speed) by extension 'cmake'
[0.431s] Level 1:colcon.colcon_core.package_identification:_identify(src/generated_bags/speed) by extension 'python'
[0.431s] Level 1:colcon.colcon_core.package_identification:_identify(src/generated_bags/speed) by extensions ['python_setup_py']
[0.431s] Level 1:colcon.colcon_core.package_identification:_identify(src/generated_bags/speed) by extension 'python_setup_py'
[0.431s] Level 1:colcon.colcon_core.package_identification:_identify(src/generated_bags/test_bag) by extensions ['ignore', 'ignore_ament_install']
[0.433s] Level 1:colcon.colcon_core.package_identification:_identify(src/generated_bags/test_bag) by extension 'ignore'
[0.433s] Level 1:colcon.colcon_core.package_identification:_identify(src/generated_bags/test_bag) by extension 'ignore_ament_install'
[0.433s] Level 1:colcon.colcon_core.package_identification:_identify(src/generated_bags/test_bag) by extensions ['colcon_pkg']
[0.433s] Level 1:colcon.colcon_core.package_identification:_identify(src/generated_bags/test_bag) by extension 'colcon_pkg'
[0.433s] Level 1:colcon.colcon_core.package_identification:_identify(src/generated_bags/test_bag) by extensions ['colcon_meta']
[0.433s] Level 1:colcon.colcon_core.package_identification:_identify(src/generated_bags/test_bag) by extension 'colcon_meta'
[0.433s] Level 1:colcon.colcon_core.package_identification:_identify(src/generated_bags/test_bag) by extensions ['ros']
[0.433s] Level 1:colcon.colcon_core.package_identification:_identify(src/generated_bags/test_bag) by extension 'ros'
[0.433s] Level 1:colcon.colcon_core.package_identification:_identify(src/generated_bags/test_bag) by extensions ['cmake', 'python']
[0.433s] Level 1:colcon.colcon_core.package_identification:_identify(src/generated_bags/test_bag) by extension 'cmake'
[0.434s] Level 1:colcon.colcon_core.package_identification:_identify(src/generated_bags/test_bag) by extension 'python'
[0.434s] Level 1:colcon.colcon_core.package_identification:_identify(src/generated_bags/test_bag) by extensions ['python_setup_py']
[0.434s] Level 1:colcon.colcon_core.package_identification:_identify(src/generated_bags/test_bag) by extension 'python_setup_py'
[0.434s] Level 1:colcon.colcon_core.package_identification:_identify(src/mlmodels) by extensions ['ignore', 'ignore_ament_install']
[0.434s] Level 1:colcon.colcon_core.package_identification:_identify(src/mlmodels) by extension 'ignore'
[0.434s] Level 1:colcon.colcon_core.package_identification:_identify(src/mlmodels) by extension 'ignore_ament_install'
[0.434s] Level 1:colcon.colcon_core.package_identification:_identify(src/mlmodels) by extensions ['colcon_pkg']
[0.434s] Level 1:colcon.colcon_core.package_identification:_identify(src/mlmodels) by extension 'colcon_pkg'
[0.434s] Level 1:colcon.colcon_core.package_identification:_identify(src/mlmodels) by extensions ['colcon_meta']
[0.435s] Level 1:colcon.colcon_core.package_identification:_identify(src/mlmodels) by extension 'colcon_meta'
[0.435s] Level 1:colcon.colcon_core.package_identification:_identify(src/mlmodels) by extensions ['ros']
[0.435s] Level 1:colcon.colcon_core.package_identification:_identify(src/mlmodels) by extension 'ros'
[0.435s] Level 1:colcon.colcon_core.package_identification:_identify(src/mlmodels) by extensions ['cmake', 'python']
[0.435s] Level 1:colcon.colcon_core.package_identification:_identify(src/mlmodels) by extension 'cmake'
[0.435s] Level 1:colcon.colcon_core.package_identification:_identify(src/mlmodels) by extension 'python'
[0.435s] Level 1:colcon.colcon_core.package_identification:_identify(src/mlmodels) by extensions ['python_setup_py']
[0.435s] Level 1:colcon.colcon_core.package_identification:_identify(src/mlmodels) by extension 'python_setup_py'
[0.435s] Level 1:colcon.colcon_core.package_identification:_identify(src/navigation_testing) by extensions ['ignore', 'ignore_ament_install']
[0.435s] Level 1:colcon.colcon_core.package_identification:_identify(src/navigation_testing) by extension 'ignore'
[0.436s] Level 1:colcon.colcon_core.package_identification:_identify(src/navigation_testing) by extension 'ignore_ament_install'
[0.436s] Level 1:colcon.colcon_core.package_identification:_identify(src/navigation_testing) by extensions ['colcon_pkg']
[0.436s] Level 1:colcon.colcon_core.package_identification:_identify(src/navigation_testing) by extension 'colcon_pkg'
[0.436s] Level 1:colcon.colcon_core.package_identification:_identify(src/navigation_testing) by extensions ['colcon_meta']
[0.436s] Level 1:colcon.colcon_core.package_identification:_identify(src/navigation_testing) by extension 'colcon_meta'
[0.436s] Level 1:colcon.colcon_core.package_identification:_identify(src/navigation_testing) by extensions ['ros']
[0.436s] Level 1:colcon.colcon_core.package_identification:_identify(src/navigation_testing) by extension 'ros'
[0.439s] DEBUG:colcon.colcon_core.package_identification:Package 'src/navigation_testing' with type 'ros.ament_python' and name 'navigation_testing'
[0.439s] Level 1:colcon.colcon_core.package_identification:_identify(src/ros2bag_convert) by extensions ['ignore', 'ignore_ament_install']
[0.439s] Level 1:colcon.colcon_core.package_identification:_identify(src/ros2bag_convert) by extension 'ignore'
[0.439s] Level 1:colcon.colcon_core.package_identification:_identify(src/ros2bag_convert) by extension 'ignore_ament_install'
[0.439s] Level 1:colcon.colcon_core.package_identification:_identify(src/ros2bag_convert) by extensions ['colcon_pkg']
[0.439s] Level 1:colcon.colcon_core.package_identification:_identify(src/ros2bag_convert) by extension 'colcon_pkg'
[0.440s] Level 1:colcon.colcon_core.package_identification:_identify(src/ros2bag_convert) by extensions ['colcon_meta']
[0.440s] Level 1:colcon.colcon_core.package_identification:_identify(src/ros2bag_convert) by extension 'colcon_meta'
[0.440s] Level 1:colcon.colcon_core.package_identification:_identify(src/ros2bag_convert) by extensions ['ros']
[0.440s] Level 1:colcon.colcon_core.package_identification:_identify(src/ros2bag_convert) by extension 'ros'
[0.440s] DEBUG:colcon.colcon_core.package_identification:Package 'src/ros2bag_convert' with type 'ros.ament_python' and name 'ros2bags'
[0.440s] Level 1:colcon.colcon_core.package_discovery:discover_packages(recursive) using defaults
[0.441s] Level 1:colcon.colcon_core.package_discovery:discover_packages(ignore) discover
[0.441s] Level 1:colcon.colcon_core.package_discovery:discover_packages(ignore) using defaults
[0.441s] Level 1:colcon.colcon_core.package_discovery:discover_packages(path) discover
[0.441s] Level 1:colcon.colcon_core.package_discovery:discover_packages(path) using defaults
[0.479s] Level 1:colcon.colcon_core.package_discovery:discover_packages(prefix_path) check parameters
[0.479s] Level 1:colcon.colcon_core.package_discovery:discover_packages(prefix_path) discover
[0.482s] DEBUG:colcon.colcon_installed_package_information.package_discovery:Found 3 installed packages in /home/rics/ros2_selfdriving/install
[0.482s] DEBUG:colcon.colcon_installed_package_information.package_discovery:Found 1 installed packages in /home/rics/novamob_ws/install
[0.485s] DEBUG:colcon.colcon_installed_package_information.package_discovery:Found 419 installed packages in /opt/ros/humble
[0.487s] Level 1:colcon.colcon_core.package_discovery:discover_packages(prefix_path) using defaults
[0.555s] Level 5:colcon.colcon_core.verb:set package 'navigation_testing' build argument 'cmake_args' from command line to 'None'
[0.555s] Level 5:colcon.colcon_core.verb:set package 'navigation_testing' build argument 'cmake_target' from command line to 'None'
[0.555s] Level 5:colcon.colcon_core.verb:set package 'navigation_testing' build argument 'cmake_target_skip_unavailable' from command line to 'False'
[0.555s] Level 5:colcon.colcon_core.verb:set package 'navigation_testing' build argument 'cmake_clean_cache' from command line to 'False'
[0.555s] Level 5:colcon.colcon_core.verb:set package 'navigation_testing' build argument 'cmake_clean_first' from command line to 'False'
[0.555s] Level 5:colcon.colcon_core.verb:set package 'navigation_testing' build argument 'cmake_force_configure' from command line to 'False'
[0.556s] Level 5:colcon.colcon_core.verb:set package 'navigation_testing' build argument 'ament_cmake_args' from command line to 'None'
[0.556s] Level 5:colcon.colcon_core.verb:set package 'navigation_testing' build argument 'catkin_cmake_args' from command line to 'None'
[0.556s] Level 5:colcon.colcon_core.verb:set package 'navigation_testing' build argument 'catkin_skip_building_tests' from command line to 'False'
[0.556s] DEBUG:colcon.colcon_core.verb:Building package 'navigation_testing' with the following arguments: {'ament_cmake_args': None, 'build_base': '/home/rics/ros2_selfdriving/build/navigation_testing', 'catkin_cmake_args': None, 'catkin_skip_building_tests': False, 'cmake_args': None, 'cmake_clean_cache': False, 'cmake_clean_first': False, 'cmake_force_configure': False, 'cmake_target': None, 'cmake_target_skip_unavailable': False, 'install_base': '/home/rics/ros2_selfdriving/install/navigation_testing', 'merge_install': False, 'path': '/home/rics/ros2_selfdriving/src/navigation_testing', 'symlink_install': False, 'test_result_base': None}
[0.556s] Level 5:colcon.colcon_core.verb:set package 'ros2bags' build argument 'cmake_args' from command line to 'None'
[0.556s] Level 5:colcon.colcon_core.verb:set package 'ros2bags' build argument 'cmake_target' from command line to 'None'
[0.556s] Level 5:colcon.colcon_core.verb:set package 'ros2bags' build argument 'cmake_target_skip_unavailable' from command line to 'False'
[0.556s] Level 5:colcon.colcon_core.verb:set package 'ros2bags' build argument 'cmake_clean_cache' from command line to 'False'
[0.557s] Level 5:colcon.colcon_core.verb:set package 'ros2bags' build argument 'cmake_clean_first' from command line to 'False'
[0.557s] Level 5:colcon.colcon_core.verb:set package 'ros2bags' build argument 'cmake_force_configure' from command line to 'False'
[0.557s] Level 5:colcon.colcon_core.verb:set package 'ros2bags' build argument 'ament_cmake_args' from command line to 'None'
[0.557s] Level 5:colcon.colcon_core.verb:set package 'ros2bags' build argument 'catkin_cmake_args' from command line to 'None'
[0.557s] Level 5:colcon.colcon_core.verb:set package 'ros2bags' build argument 'catkin_skip_building_tests' from command line to 'False'
[0.557s] DEBUG:colcon.colcon_core.verb:Building package 'ros2bags' with the following arguments: {'ament_cmake_args': None, 'build_base': '/home/rics/ros2_selfdriving/build/ros2bags', 'catkin_cmake_args': None, 'catkin_skip_building_tests': False, 'cmake_args': None, 'cmake_clean_cache': False, 'cmake_clean_first': False, 'cmake_force_configure': False, 'cmake_target': None, 'cmake_target_skip_unavailable': False, 'install_base': '/home/rics/ros2_selfdriving/install/ros2bags', 'merge_install': False, 'path': '/home/rics/ros2_selfdriving/src/ros2bag_convert', 'symlink_install': False, 'test_result_base': None}
[0.557s] INFO:colcon.colcon_core.executor:Executing jobs using 'parallel' executor
[0.559s] DEBUG:colcon.colcon_parallel_executor.executor.parallel:run_until_complete
[0.559s] INFO:colcon.colcon_ros.task.ament_python.build:Building ROS package in '/home/rics/ros2_selfdriving/src/navigation_testing' with build type 'ament_python'
[0.559s] Level 1:colcon.colcon_core.shell:create_environment_hook('navigation_testing', 'ament_prefix_path')
[0.562s] INFO:colcon.colcon_core.plugin_system:Skipping extension 'colcon_core.shell.bat': Not used on non-Windows systems
[0.562s] INFO:colcon.colcon_core.shell:Creating environment hook '/home/rics/ros2_selfdriving/install/navigation_testing/share/navigation_testing/hook/ament_prefix_path.ps1'
[0.563s] INFO:colcon.colcon_core.shell:Creating environment descriptor '/home/rics/ros2_selfdriving/install/navigation_testing/share/navigation_testing/hook/ament_prefix_path.dsv'
[0.563s] INFO:colcon.colcon_core.shell:Creating environment hook '/home/rics/ros2_selfdriving/install/navigation_testing/share/navigation_testing/hook/ament_prefix_path.sh'
[0.565s] INFO:colcon.colcon_core.shell:Skip shell extension 'powershell' for command environment: Not usable outside of PowerShell
[0.565s] DEBUG:colcon.colcon_core.shell:Skip shell extension 'dsv' for command environment
[0.571s] INFO:colcon.colcon_ros.task.ament_python.build:Building ROS package in '/home/rics/ros2_selfdriving/src/ros2bag_convert' with build type 'ament_python'
[0.571s] Level 1:colcon.colcon_core.shell:create_environment_hook('ros2bags', 'ament_prefix_path')
[0.572s] INFO:colcon.colcon_core.shell:Creating environment hook '/home/rics/ros2_selfdriving/install/ros2bags/share/ros2bags/hook/ament_prefix_path.ps1'
[0.573s] INFO:colcon.colcon_core.shell:Creating environment descriptor '/home/rics/ros2_selfdriving/install/ros2bags/share/ros2bags/hook/ament_prefix_path.dsv'
[0.574s] INFO:colcon.colcon_core.shell:Creating environment hook '/home/rics/ros2_selfdriving/install/ros2bags/share/ros2bags/hook/ament_prefix_path.sh'
[0.575s] INFO:colcon.colcon_core.shell:Skip shell extension 'powershell' for command environment: Not usable outside of PowerShell
[0.575s] DEBUG:colcon.colcon_core.shell:Skip shell extension 'dsv' for command environment
[0.956s] INFO:colcon.colcon_core.task.python.build:Building Python package in '/home/rics/ros2_selfdriving/src/navigation_testing'
[0.957s] INFO:colcon.colcon_core.shell:Skip shell extension 'powershell' for command environment: Not usable outside of PowerShell
[0.957s] DEBUG:colcon.colcon_core.shell:Skip shell extension 'dsv' for command environment
[1.332s] WARNING:colcon.colcon_ros.task.ament_python.build:Package 'ros2bags' doesn't explicitly install a marker in the package index (colcon-ros currently does it implicitly but that fallback will be removed in the future)
[1.332s] WARNING:colcon.colcon_ros.task.ament_python.build:Package 'ros2bags' doesn't explicitly install the 'package.xml' file (colcon-ros currently does it implicitly but that fallback will be removed in the future)
[1.332s] INFO:colcon.colcon_core.task.python.build:Building Python package in '/home/rics/ros2_selfdriving/src/ros2bag_convert'
[1.333s] INFO:colcon.colcon_core.shell:Skip shell extension 'powershell' for command environment: Not usable outside of PowerShell
[1.333s] DEBUG:colcon.colcon_core.shell:Skip shell extension 'dsv' for command environment
[1.861s] DEBUG:colcon.colcon_core.event_handler.log_command:Invoking command in '/home/rics/ros2_selfdriving/src/ros2bag_convert': PYTHONPATH=/home/rics/ros2_selfdriving/build/ros2bags/prefix_override:/home/rics/ros2_selfdriving/install/ros2bags/lib/python3.10/site-packages:${PYTHONPATH} /usr/bin/python3 -W ignore:setup.py install is deprecated setup.py egg_info --egg-base ../../build/ros2bags build --build-base /home/rics/ros2_selfdriving/build/ros2bags/build install --record /home/rics/ros2_selfdriving/build/ros2bags/install.log --single-version-externally-managed
[1.866s] DEBUG:colcon.colcon_core.event_handler.log_command:Invoking command in '/home/rics/ros2_selfdriving/src/navigation_testing': PYTHONPATH=/home/rics/ros2_selfdriving/build/navigation_testing/prefix_override:/home/rics/ros2_selfdriving/install/navigation_testing/lib/python3.10/site-packages:${PYTHONPATH} /usr/bin/python3 -W ignore:setup.py install is deprecated setup.py egg_info --egg-base ../../build/navigation_testing build --build-base /home/rics/ros2_selfdriving/build/navigation_testing/build install --record /home/rics/ros2_selfdriving/build/navigation_testing/install.log --single-version-externally-managed install_data
[2.352s] DEBUG:colcon.colcon_core.event_handler.log_command:Invoked command in '/home/rics/ros2_selfdriving/src/ros2bag_convert' returned '0': PYTHONPATH=/home/rics/ros2_selfdriving/build/ros2bags/prefix_override:/home/rics/ros2_selfdriving/install/ros2bags/lib/python3.10/site-packages:${PYTHONPATH} /usr/bin/python3 -W ignore:setup.py install is deprecated setup.py egg_info --egg-base ../../build/ros2bags build --build-base /home/rics/ros2_selfdriving/build/ros2bags/build install --record /home/rics/ros2_selfdriving/build/ros2bags/install.log --single-version-externally-managed
[2.355s] Level 1:colcon.colcon_core.environment:checking '/home/rics/ros2_selfdriving/install/ros2bags' for CMake module files
[2.356s] Level 1:colcon.colcon_core.environment:checking '/home/rics/ros2_selfdriving/install/ros2bags' for CMake config files
[2.357s] Level 1:colcon.colcon_core.environment:checking '/home/rics/ros2_selfdriving/install/ros2bags/lib'
[2.357s] Level 1:colcon.colcon_core.environment:checking '/home/rics/ros2_selfdriving/install/ros2bags/bin'
[2.357s] Level 1:colcon.colcon_core.environment:checking '/home/rics/ros2_selfdriving/install/ros2bags/lib/pkgconfig/ros2bags.pc'
[2.357s] Level 1:colcon.colcon_core.environment:checking '/home/rics/ros2_selfdriving/install/ros2bags/lib/python3.10/site-packages'
[2.357s] Level 1:colcon.colcon_core.shell:create_environment_hook('ros2bags', 'pythonpath')
[2.358s] INFO:colcon.colcon_core.shell:Creating environment hook '/home/rics/ros2_selfdriving/install/ros2bags/share/ros2bags/hook/pythonpath.ps1'
[2.358s] INFO:colcon.colcon_core.shell:Creating environment descriptor '/home/rics/ros2_selfdriving/install/ros2bags/share/ros2bags/hook/pythonpath.dsv'
[2.359s] INFO:colcon.colcon_core.shell:Creating environment hook '/home/rics/ros2_selfdriving/install/ros2bags/share/ros2bags/hook/pythonpath.sh'
[2.359s] Level 1:colcon.colcon_core.environment:checking '/home/rics/ros2_selfdriving/install/ros2bags/bin'
[2.359s] Level 1:colcon.colcon_core.environment:create_environment_scripts_only(ros2bags)
[2.360s] INFO:colcon.colcon_core.shell:Creating package script '/home/rics/ros2_selfdriving/install/ros2bags/share/ros2bags/package.ps1'
[2.361s] INFO:colcon.colcon_core.shell:Creating package descriptor '/home/rics/ros2_selfdriving/install/ros2bags/share/ros2bags/package.dsv'
[2.362s] INFO:colcon.colcon_core.shell:Creating package script '/home/rics/ros2_selfdriving/install/ros2bags/share/ros2bags/package.sh'
[2.363s] INFO:colcon.colcon_core.shell:Creating package script '/home/rics/ros2_selfdriving/install/ros2bags/share/ros2bags/package.bash'
[2.364s] INFO:colcon.colcon_core.shell:Creating package script '/home/rics/ros2_selfdriving/install/ros2bags/share/ros2bags/package.zsh'
[2.365s] Level 1:colcon.colcon_core.environment:create_file_with_runtime_dependencies(/home/rics/ros2_selfdriving/install/ros2bags/share/colcon-core/packages/ros2bags)
[2.366s] Level 1:colcon.colcon_core.environment:checking '/home/rics/ros2_selfdriving/install/navigation_testing' for CMake module files
[2.367s] DEBUG:colcon.colcon_core.event_handler.log_command:Invoked command in '/home/rics/ros2_selfdriving/src/navigation_testing' returned '0': PYTHONPATH=/home/rics/ros2_selfdriving/build/navigation_testing/prefix_override:/home/rics/ros2_selfdriving/install/navigation_testing/lib/python3.10/site-packages:${PYTHONPATH} /usr/bin/python3 -W ignore:setup.py install is deprecated setup.py egg_info --egg-base ../../build/navigation_testing build --build-base /home/rics/ros2_selfdriving/build/navigation_testing/build install --record /home/rics/ros2_selfdriving/build/navigation_testing/install.log --single-version-externally-managed install_data
[2.368s] Level 1:colcon.colcon_core.environment:checking '/home/rics/ros2_selfdriving/install/navigation_testing' for CMake config files
[2.368s] Level 1:colcon.colcon_core.environment:checking '/home/rics/ros2_selfdriving/install/navigation_testing/lib'
[2.369s] Level 1:colcon.colcon_core.environment:checking '/home/rics/ros2_selfdriving/install/navigation_testing/bin'
[2.369s] Level 1:colcon.colcon_core.environment:checking '/home/rics/ros2_selfdriving/install/navigation_testing/lib/pkgconfig/navigation_testing.pc'
[2.369s] Level 1:colcon.colcon_core.environment:checking '/home/rics/ros2_selfdriving/install/navigation_testing/lib/python3.10/site-packages'
[2.369s] Level 1:colcon.colcon_core.shell:create_environment_hook('navigation_testing', 'pythonpath')
[2.369s] INFO:colcon.colcon_core.shell:Creating environment hook '/home/rics/ros2_selfdriving/install/navigation_testing/share/navigation_testing/hook/pythonpath.ps1'
[2.370s] INFO:colcon.colcon_core.shell:Creating environment descriptor '/home/rics/ros2_selfdriving/install/navigation_testing/share/navigation_testing/hook/pythonpath.dsv'
[2.371s] INFO:colcon.colcon_core.shell:Creating environment hook '/home/rics/ros2_selfdriving/install/navigation_testing/share/navigation_testing/hook/pythonpath.sh'
[2.372s] Level 1:colcon.colcon_core.environment:checking '/home/rics/ros2_selfdriving/install/navigation_testing/bin'
[2.372s] Level 1:colcon.colcon_core.environment:create_environment_scripts_only(navigation_testing)
[2.372s] INFO:colcon.colcon_core.shell:Creating package script '/home/rics/ros2_selfdriving/install/navigation_testing/share/navigation_testing/package.ps1'
[2.373s] INFO:colcon.colcon_core.shell:Creating package descriptor '/home/rics/ros2_selfdriving/install/navigation_testing/share/navigation_testing/package.dsv'
[2.373s] INFO:colcon.colcon_core.shell:Creating package script '/home/rics/ros2_selfdriving/install/navigation_testing/share/navigation_testing/package.sh'
[2.374s] INFO:colcon.colcon_core.shell:Creating package script '/home/rics/ros2_selfdriving/install/navigation_testing/share/navigation_testing/package.bash'
[2.374s] INFO:colcon.colcon_core.shell:Creating package script '/home/rics/ros2_selfdriving/install/navigation_testing/share/navigation_testing/package.zsh'
[2.375s] Level 1:colcon.colcon_core.environment:create_file_with_runtime_dependencies(/home/rics/ros2_selfdriving/install/navigation_testing/share/colcon-core/packages/navigation_testing)
[2.375s] DEBUG:colcon.colcon_parallel_executor.executor.parallel:closing loop
[2.375s] DEBUG:colcon.colcon_parallel_executor.executor.parallel:loop closed
[2.376s] DEBUG:colcon.colcon_parallel_executor.executor.parallel:run_until_complete finished with '0'
[2.376s] DEBUG:colcon.colcon_core.event_reactor:joining thread
[2.384s] INFO:colcon.colcon_core.plugin_system:Skipping extension 'colcon_notification.desktop_notification.terminal_notifier': Not used on non-Darwin systems
[2.384s] INFO:colcon.colcon_core.plugin_system:Skipping extension 'colcon_notification.desktop_notification.win32': Not used on non-Windows systems
[2.384s] INFO:colcon.colcon_notification.desktop_notification:Sending desktop notification using 'notify2'
[2.398s] DEBUG:colcon.colcon_core.event_reactor:joined thread
[2.398s] INFO:colcon.colcon_core.shell:Creating prefix script '/home/rics/ros2_selfdriving/install/local_setup.ps1'
[2.400s] INFO:colcon.colcon_core.shell:Creating prefix util module '/home/rics/ros2_selfdriving/install/_local_setup_util_ps1.py'
[2.402s] INFO:colcon.colcon_core.shell:Creating prefix chain script '/home/rics/ros2_selfdriving/install/setup.ps1'
[2.403s] INFO:colcon.colcon_core.shell:Creating prefix script '/home/rics/ros2_selfdriving/install/local_setup.sh'
[2.404s] INFO:colcon.colcon_core.shell:Creating prefix util module '/home/rics/ros2_selfdriving/install/_local_setup_util_sh.py'
[2.405s] INFO:colcon.colcon_core.shell:Creating prefix chain script '/home/rics/ros2_selfdriving/install/setup.sh'
[2.406s] INFO:colcon.colcon_core.shell:Creating prefix script '/home/rics/ros2_selfdriving/install/local_setup.bash'
[2.407s] INFO:colcon.colcon_core.shell:Creating prefix chain script '/home/rics/ros2_selfdriving/install/setup.bash'
[2.408s] INFO:colcon.colcon_core.shell:Creating prefix script '/home/rics/ros2_selfdriving/install/local_setup.zsh'
[2.409s] INFO:colcon.colcon_core.shell:Creating prefix chain script '/home/rics/ros2_selfdriving/install/setup.zsh'
