[0.084s] DEBUG:colcon:Command line arguments: ['/usr/bin/colcon', 'build']
[0.084s] DEBUG:colcon:Parsed command line arguments: Namespace(log_base=None, log_level=None, verb_name='build', build_base='build', install_base='install', merge_install=False, symlink_install=False, test_result_base=None, continue_on_error=False, executor='parallel', parallel_workers=12, event_handlers=None, ignore_user_meta=False, metas=['./colcon.meta'], base_paths=['.'], packages_ignore=None, packages_ignore_regex=None, paths=None, packages_up_to=None, packages_up_to_regex=None, packages_above=None, packages_above_and_dependencies=None, packages_above_depth=None, packages_select_by_dep=None, packages_skip_by_dep=None, packages_skip_up_to=None, packages_select_build_failed=False, packages_skip_build_finished=False, packages_select_test_failures=False, packages_skip_test_passed=False, packages_select=None, packages_skip=None, packages_select_regex=None, packages_skip_regex=None, packages_start=None, packages_end=None, allow_overriding=[], cmake_args=None, cmake_target=None, cmake_target_skip_unavailable=False, cmake_clean_cache=False, cmake_clean_first=False, cmake_force_configure=False, ament_cmake_args=None, catkin_cmake_args=None, catkin_skip_building_tests=False, mixin_files=None, mixin=None, verb_parser=<colcon_mixin.mixin.mixin_argument.MixinArgumentDecorator object at 0x7f772d974040>, verb_extension=<colcon_core.verb.build.BuildVerb object at 0x7f772d93bb20>, main=<bound method BuildVerb.main of <colcon_core.verb.build.BuildVerb object at 0x7f772d93bb20>>, mixin_verb=('build',))
[0.112s] Level 1:colcon.colcon_core.package_discovery:discover_packages(colcon_meta) check parameters
[0.112s] Level 1:colcon.colcon_core.package_discovery:discover_packages(recursive) check parameters
[0.112s] Level 1:colcon.colcon_core.package_discovery:discover_packages(ignore) check parameters
[0.112s] Level 1:colcon.colcon_core.package_discovery:discover_packages(path) check parameters
[0.112s] Level 1:colcon.colcon_core.package_discovery:discover_packages(colcon_meta) discover
[0.112s] Level 1:colcon.colcon_core.package_discovery:discover_packages(recursive) discover
[0.112s] INFO:colcon.colcon_core.package_discovery:Crawling recursively for packages in '/home/filipe/ros2_selfdriving'
[0.112s] Level 1:colcon.colcon_core.package_identification:_identify(.) by extensions ['ignore', 'ignore_ament_install']
[0.113s] Level 1:colcon.colcon_core.package_identification:_identify(.) by extension 'ignore'
[0.113s] Level 1:colcon.colcon_core.package_identification:_identify(.) by extension 'ignore_ament_install'
[0.113s] Level 1:colcon.colcon_core.package_identification:_identify(.) by extensions ['colcon_pkg']
[0.113s] Level 1:colcon.colcon_core.package_identification:_identify(.) by extension 'colcon_pkg'
[0.113s] Level 1:colcon.colcon_core.package_identification:_identify(.) by extensions ['colcon_meta']
[0.113s] Level 1:colcon.colcon_core.package_identification:_identify(.) by extension 'colcon_meta'
[0.113s] Level 1:colcon.colcon_core.package_identification:_identify(.) by extensions ['ros']
[0.113s] Level 1:colcon.colcon_core.package_identification:_identify(.) by extension 'ros'
[0.123s] Level 1:colcon.colcon_core.package_identification:_identify(.) by extensions ['cmake', 'python']
[0.123s] Level 1:colcon.colcon_core.package_identification:_identify(.) by extension 'cmake'
[0.124s] Level 1:colcon.colcon_core.package_identification:_identify(.) by extension 'python'
[0.124s] Level 1:colcon.colcon_core.package_identification:_identify(.) by extensions ['python_setup_py']
[0.124s] Level 1:colcon.colcon_core.package_identification:_identify(.) by extension 'python_setup_py'
[0.124s] Level 1:colcon.colcon_core.package_identification:_identify(bags) by extensions ['ignore', 'ignore_ament_install']
[0.124s] Level 1:colcon.colcon_core.package_identification:_identify(bags) by extension 'ignore'
[0.124s] Level 1:colcon.colcon_core.package_identification:_identify(bags) by extension 'ignore_ament_install'
[0.124s] Level 1:colcon.colcon_core.package_identification:_identify(bags) by extensions ['colcon_pkg']
[0.124s] Level 1:colcon.colcon_core.package_identification:_identify(bags) by extension 'colcon_pkg'
[0.124s] Level 1:colcon.colcon_core.package_identification:_identify(bags) by extensions ['colcon_meta']
[0.124s] Level 1:colcon.colcon_core.package_identification:_identify(bags) by extension 'colcon_meta'
[0.124s] Level 1:colcon.colcon_core.package_identification:_identify(bags) by extensions ['ros']
[0.124s] Level 1:colcon.colcon_core.package_identification:_identify(bags) by extension 'ros'
[0.124s] Level 1:colcon.colcon_core.package_identification:_identify(bags) by extensions ['cmake', 'python']
[0.124s] Level 1:colcon.colcon_core.package_identification:_identify(bags) by extension 'cmake'
[0.124s] Level 1:colcon.colcon_core.package_identification:_identify(bags) by extension 'python'
[0.124s] Level 1:colcon.colcon_core.package_identification:_identify(bags) by extensions ['python_setup_py']
[0.124s] Level 1:colcon.colcon_core.package_identification:_identify(bags) by extension 'python_setup_py'
[0.124s] Level 1:colcon.colcon_core.package_identification:_identify(bags/circular_bag) by extensions ['ignore', 'ignore_ament_install']
[0.124s] Level 1:colcon.colcon_core.package_identification:_identify(bags/circular_bag) by extension 'ignore'
[0.124s] Level 1:colcon.colcon_core.package_identification:_identify(bags/circular_bag) by extension 'ignore_ament_install'
[0.124s] Level 1:colcon.colcon_core.package_identification:_identify(bags/circular_bag) by extensions ['colcon_pkg']
[0.124s] Level 1:colcon.colcon_core.package_identification:_identify(bags/circular_bag) by extension 'colcon_pkg'
[0.124s] Level 1:colcon.colcon_core.package_identification:_identify(bags/circular_bag) by extensions ['colcon_meta']
[0.124s] Level 1:colcon.colcon_core.package_identification:_identify(bags/circular_bag) by extension 'colcon_meta'
[0.125s] Level 1:colcon.colcon_core.package_identification:_identify(bags/circular_bag) by extensions ['ros']
[0.125s] Level 1:colcon.colcon_core.package_identification:_identify(bags/circular_bag) by extension 'ros'
[0.125s] Level 1:colcon.colcon_core.package_identification:_identify(bags/circular_bag) by extensions ['cmake', 'python']
[0.125s] Level 1:colcon.colcon_core.package_identification:_identify(bags/circular_bag) by extension 'cmake'
[0.125s] Level 1:colcon.colcon_core.package_identification:_identify(bags/circular_bag) by extension 'python'
[0.125s] Level 1:colcon.colcon_core.package_identification:_identify(bags/circular_bag) by extensions ['python_setup_py']
[0.125s] Level 1:colcon.colcon_core.package_identification:_identify(bags/circular_bag) by extension 'python_setup_py'
[0.125s] Level 1:colcon.colcon_core.package_identification:_identify(bags/eight_bag) by extensions ['ignore', 'ignore_ament_install']
[0.125s] Level 1:colcon.colcon_core.package_identification:_identify(bags/eight_bag) by extension 'ignore'
[0.125s] Level 1:colcon.colcon_core.package_identification:_identify(bags/eight_bag) by extension 'ignore_ament_install'
[0.125s] Level 1:colcon.colcon_core.package_identification:_identify(bags/eight_bag) by extensions ['colcon_pkg']
[0.125s] Level 1:colcon.colcon_core.package_identification:_identify(bags/eight_bag) by extension 'colcon_pkg'
[0.125s] Level 1:colcon.colcon_core.package_identification:_identify(bags/eight_bag) by extensions ['colcon_meta']
[0.125s] Level 1:colcon.colcon_core.package_identification:_identify(bags/eight_bag) by extension 'colcon_meta'
[0.125s] Level 1:colcon.colcon_core.package_identification:_identify(bags/eight_bag) by extensions ['ros']
[0.125s] Level 1:colcon.colcon_core.package_identification:_identify(bags/eight_bag) by extension 'ros'
[0.125s] Level 1:colcon.colcon_core.package_identification:_identify(bags/eight_bag) by extensions ['cmake', 'python']
[0.125s] Level 1:colcon.colcon_core.package_identification:_identify(bags/eight_bag) by extension 'cmake'
[0.125s] Level 1:colcon.colcon_core.package_identification:_identify(bags/eight_bag) by extension 'python'
[0.125s] Level 1:colcon.colcon_core.package_identification:_identify(bags/eight_bag) by extensions ['python_setup_py']
[0.125s] Level 1:colcon.colcon_core.package_identification:_identify(bags/eight_bag) by extension 'python_setup_py'
[0.125s] Level 1:colcon.colcon_core.package_identification:_identify(bags/full_bag_nav) by extensions ['ignore', 'ignore_ament_install']
[0.125s] Level 1:colcon.colcon_core.package_identification:_identify(bags/full_bag_nav) by extension 'ignore'
[0.125s] Level 1:colcon.colcon_core.package_identification:_identify(bags/full_bag_nav) by extension 'ignore_ament_install'
[0.126s] Level 1:colcon.colcon_core.package_identification:_identify(bags/full_bag_nav) by extensions ['colcon_pkg']
[0.126s] Level 1:colcon.colcon_core.package_identification:_identify(bags/full_bag_nav) by extension 'colcon_pkg'
[0.126s] Level 1:colcon.colcon_core.package_identification:_identify(bags/full_bag_nav) by extensions ['colcon_meta']
[0.126s] Level 1:colcon.colcon_core.package_identification:_identify(bags/full_bag_nav) by extension 'colcon_meta'
[0.126s] Level 1:colcon.colcon_core.package_identification:_identify(bags/full_bag_nav) by extensions ['ros']
[0.126s] Level 1:colcon.colcon_core.package_identification:_identify(bags/full_bag_nav) by extension 'ros'
[0.126s] Level 1:colcon.colcon_core.package_identification:_identify(bags/full_bag_nav) by extensions ['cmake', 'python']
[0.126s] Level 1:colcon.colcon_core.package_identification:_identify(bags/full_bag_nav) by extension 'cmake'
[0.126s] Level 1:colcon.colcon_core.package_identification:_identify(bags/full_bag_nav) by extension 'python'
[0.126s] Level 1:colcon.colcon_core.package_identification:_identify(bags/full_bag_nav) by extensions ['python_setup_py']
[0.126s] Level 1:colcon.colcon_core.package_identification:_identify(bags/full_bag_nav) by extension 'python_setup_py'
[0.126s] Level 1:colcon.colcon_core.package_identification:_identify(bags/scan_today_bag) by extensions ['ignore', 'ignore_ament_install']
[0.126s] Level 1:colcon.colcon_core.package_identification:_identify(bags/scan_today_bag) by extension 'ignore'
[0.126s] Level 1:colcon.colcon_core.package_identification:_identify(bags/scan_today_bag) by extension 'ignore_ament_install'
[0.126s] Level 1:colcon.colcon_core.package_identification:_identify(bags/scan_today_bag) by extensions ['colcon_pkg']
[0.126s] Level 1:colcon.colcon_core.package_identification:_identify(bags/scan_today_bag) by extension 'colcon_pkg'
[0.126s] Level 1:colcon.colcon_core.package_identification:_identify(bags/scan_today_bag) by extensions ['colcon_meta']
[0.126s] Level 1:colcon.colcon_core.package_identification:_identify(bags/scan_today_bag) by extension 'colcon_meta'
[0.126s] Level 1:colcon.colcon_core.package_identification:_identify(bags/scan_today_bag) by extensions ['ros']
[0.126s] Level 1:colcon.colcon_core.package_identification:_identify(bags/scan_today_bag) by extension 'ros'
[0.126s] Level 1:colcon.colcon_core.package_identification:_identify(bags/scan_today_bag) by extensions ['cmake', 'python']
[0.126s] Level 1:colcon.colcon_core.package_identification:_identify(bags/scan_today_bag) by extension 'cmake'
[0.126s] Level 1:colcon.colcon_core.package_identification:_identify(bags/scan_today_bag) by extension 'python'
[0.126s] Level 1:colcon.colcon_core.package_identification:_identify(bags/scan_today_bag) by extensions ['python_setup_py']
[0.126s] Level 1:colcon.colcon_core.package_identification:_identify(bags/scan_today_bag) by extension 'python_setup_py'
[0.126s] Level 1:colcon.colcon_core.package_identification:_identify(bags/speed) by extensions ['ignore', 'ignore_ament_install']
[0.127s] Level 1:colcon.colcon_core.package_identification:_identify(bags/speed) by extension 'ignore'
[0.127s] Level 1:colcon.colcon_core.package_identification:_identify(bags/speed) by extension 'ignore_ament_install'
[0.127s] Level 1:colcon.colcon_core.package_identification:_identify(bags/speed) by extensions ['colcon_pkg']
[0.127s] Level 1:colcon.colcon_core.package_identification:_identify(bags/speed) by extension 'colcon_pkg'
[0.127s] Level 1:colcon.colcon_core.package_identification:_identify(bags/speed) by extensions ['colcon_meta']
[0.127s] Level 1:colcon.colcon_core.package_identification:_identify(bags/speed) by extension 'colcon_meta'
[0.127s] Level 1:colcon.colcon_core.package_identification:_identify(bags/speed) by extensions ['ros']
[0.127s] Level 1:colcon.colcon_core.package_identification:_identify(bags/speed) by extension 'ros'
[0.127s] Level 1:colcon.colcon_core.package_identification:_identify(bags/speed) by extensions ['cmake', 'python']
[0.127s] Level 1:colcon.colcon_core.package_identification:_identify(bags/speed) by extension 'cmake'
[0.127s] Level 1:colcon.colcon_core.package_identification:_identify(bags/speed) by extension 'python'
[0.127s] Level 1:colcon.colcon_core.package_identification:_identify(bags/speed) by extensions ['python_setup_py']
[0.127s] Level 1:colcon.colcon_core.package_identification:_identify(bags/speed) by extension 'python_setup_py'
[0.127s] Level 1:colcon.colcon_core.package_identification:_identify(bags/squared_bag) by extensions ['ignore', 'ignore_ament_install']
[0.127s] Level 1:colcon.colcon_core.package_identification:_identify(bags/squared_bag) by extension 'ignore'
[0.127s] Level 1:colcon.colcon_core.package_identification:_identify(bags/squared_bag) by extension 'ignore_ament_install'
[0.127s] Level 1:colcon.colcon_core.package_identification:_identify(bags/squared_bag) by extensions ['colcon_pkg']
[0.127s] Level 1:colcon.colcon_core.package_identification:_identify(bags/squared_bag) by extension 'colcon_pkg'
[0.127s] Level 1:colcon.colcon_core.package_identification:_identify(bags/squared_bag) by extensions ['colcon_meta']
[0.127s] Level 1:colcon.colcon_core.package_identification:_identify(bags/squared_bag) by extension 'colcon_meta'
[0.127s] Level 1:colcon.colcon_core.package_identification:_identify(bags/squared_bag) by extensions ['ros']
[0.127s] Level 1:colcon.colcon_core.package_identification:_identify(bags/squared_bag) by extension 'ros'
[0.127s] Level 1:colcon.colcon_core.package_identification:_identify(bags/squared_bag) by extensions ['cmake', 'python']
[0.127s] Level 1:colcon.colcon_core.package_identification:_identify(bags/squared_bag) by extension 'cmake'
[0.127s] Level 1:colcon.colcon_core.package_identification:_identify(bags/squared_bag) by extension 'python'
[0.128s] Level 1:colcon.colcon_core.package_identification:_identify(bags/squared_bag) by extensions ['python_setup_py']
[0.128s] Level 1:colcon.colcon_core.package_identification:_identify(bags/squared_bag) by extension 'python_setup_py'
[0.128s] Level 1:colcon.colcon_core.package_identification:_identify(bags/test_bag) by extensions ['ignore', 'ignore_ament_install']
[0.128s] Level 1:colcon.colcon_core.package_identification:_identify(bags/test_bag) by extension 'ignore'
[0.128s] Level 1:colcon.colcon_core.package_identification:_identify(bags/test_bag) by extension 'ignore_ament_install'
[0.128s] Level 1:colcon.colcon_core.package_identification:_identify(bags/test_bag) by extensions ['colcon_pkg']
[0.128s] Level 1:colcon.colcon_core.package_identification:_identify(bags/test_bag) by extension 'colcon_pkg'
[0.128s] Level 1:colcon.colcon_core.package_identification:_identify(bags/test_bag) by extensions ['colcon_meta']
[0.128s] Level 1:colcon.colcon_core.package_identification:_identify(bags/test_bag) by extension 'colcon_meta'
[0.128s] Level 1:colcon.colcon_core.package_identification:_identify(bags/test_bag) by extensions ['ros']
[0.128s] Level 1:colcon.colcon_core.package_identification:_identify(bags/test_bag) by extension 'ros'
[0.128s] Level 1:colcon.colcon_core.package_identification:_identify(bags/test_bag) by extensions ['cmake', 'python']
[0.128s] Level 1:colcon.colcon_core.package_identification:_identify(bags/test_bag) by extension 'cmake'
[0.128s] Level 1:colcon.colcon_core.package_identification:_identify(bags/test_bag) by extension 'python'
[0.128s] Level 1:colcon.colcon_core.package_identification:_identify(bags/test_bag) by extensions ['python_setup_py']
[0.128s] Level 1:colcon.colcon_core.package_identification:_identify(bags/test_bag) by extension 'python_setup_py'
[0.128s] Level 1:colcon.colcon_core.package_identification:_identify(build) by extensions ['ignore', 'ignore_ament_install']
[0.128s] Level 1:colcon.colcon_core.package_identification:_identify(build) by extension 'ignore'
[0.128s] Level 1:colcon.colcon_core.package_identification:_identify(build) ignored
[0.128s] Level 1:colcon.colcon_core.package_identification:_identify(install) by extensions ['ignore', 'ignore_ament_install']
[0.128s] Level 1:colcon.colcon_core.package_identification:_identify(install) by extension 'ignore'
[0.128s] Level 1:colcon.colcon_core.package_identification:_identify(install) ignored
[0.129s] Level 1:colcon.colcon_core.package_identification:_identify(log) by extensions ['ignore', 'ignore_ament_install']
[0.129s] Level 1:colcon.colcon_core.package_identification:_identify(log) by extension 'ignore'
[0.129s] Level 1:colcon.colcon_core.package_identification:_identify(log) ignored
[0.129s] Level 1:colcon.colcon_core.package_identification:_identify(src) by extensions ['ignore', 'ignore_ament_install']
[0.129s] Level 1:colcon.colcon_core.package_identification:_identify(src) by extension 'ignore'
[0.129s] Level 1:colcon.colcon_core.package_identification:_identify(src) by extension 'ignore_ament_install'
[0.129s] Level 1:colcon.colcon_core.package_identification:_identify(src) by extensions ['colcon_pkg']
[0.129s] Level 1:colcon.colcon_core.package_identification:_identify(src) by extension 'colcon_pkg'
[0.129s] Level 1:colcon.colcon_core.package_identification:_identify(src) by extensions ['colcon_meta']
[0.129s] Level 1:colcon.colcon_core.package_identification:_identify(src) by extension 'colcon_meta'
[0.129s] Level 1:colcon.colcon_core.package_identification:_identify(src) by extensions ['ros']
[0.129s] Level 1:colcon.colcon_core.package_identification:_identify(src) by extension 'ros'
[0.129s] Level 1:colcon.colcon_core.package_identification:_identify(src) by extensions ['cmake', 'python']
[0.129s] Level 1:colcon.colcon_core.package_identification:_identify(src) by extension 'cmake'
[0.129s] Level 1:colcon.colcon_core.package_identification:_identify(src) by extension 'python'
[0.129s] Level 1:colcon.colcon_core.package_identification:_identify(src) by extensions ['python_setup_py']
[0.129s] Level 1:colcon.colcon_core.package_identification:_identify(src) by extension 'python_setup_py'
[0.129s] Level 1:colcon.colcon_core.package_identification:_identify(src/generated_bags) by extensions ['ignore', 'ignore_ament_install']
[0.129s] Level 1:colcon.colcon_core.package_identification:_identify(src/generated_bags) by extension 'ignore'
[0.129s] Level 1:colcon.colcon_core.package_identification:_identify(src/generated_bags) by extension 'ignore_ament_install'
[0.129s] Level 1:colcon.colcon_core.package_identification:_identify(src/generated_bags) by extensions ['colcon_pkg']
[0.129s] Level 1:colcon.colcon_core.package_identification:_identify(src/generated_bags) by extension 'colcon_pkg'
[0.129s] Level 1:colcon.colcon_core.package_identification:_identify(src/generated_bags) by extensions ['colcon_meta']
[0.129s] Level 1:colcon.colcon_core.package_identification:_identify(src/generated_bags) by extension 'colcon_meta'
[0.129s] Level 1:colcon.colcon_core.package_identification:_identify(src/generated_bags) by extensions ['ros']
[0.130s] Level 1:colcon.colcon_core.package_identification:_identify(src/generated_bags) by extension 'ros'
[0.130s] Level 1:colcon.colcon_core.package_identification:_identify(src/generated_bags) by extensions ['cmake', 'python']
[0.130s] Level 1:colcon.colcon_core.package_identification:_identify(src/generated_bags) by extension 'cmake'
[0.130s] Level 1:colcon.colcon_core.package_identification:_identify(src/generated_bags) by extension 'python'
[0.130s] Level 1:colcon.colcon_core.package_identification:_identify(src/generated_bags) by extensions ['python_setup_py']
[0.130s] Level 1:colcon.colcon_core.package_identification:_identify(src/generated_bags) by extension 'python_setup_py'
[0.130s] Level 1:colcon.colcon_core.package_identification:_identify(src/generated_bags/full_bag_nav) by extensions ['ignore', 'ignore_ament_install']
[0.130s] Level 1:colcon.colcon_core.package_identification:_identify(src/generated_bags/full_bag_nav) by extension 'ignore'
[0.130s] Level 1:colcon.colcon_core.package_identification:_identify(src/generated_bags/full_bag_nav) by extension 'ignore_ament_install'
[0.130s] Level 1:colcon.colcon_core.package_identification:_identify(src/generated_bags/full_bag_nav) by extensions ['colcon_pkg']
[0.130s] Level 1:colcon.colcon_core.package_identification:_identify(src/generated_bags/full_bag_nav) by extension 'colcon_pkg'
[0.130s] Level 1:colcon.colcon_core.package_identification:_identify(src/generated_bags/full_bag_nav) by extensions ['colcon_meta']
[0.130s] Level 1:colcon.colcon_core.package_identification:_identify(src/generated_bags/full_bag_nav) by extension 'colcon_meta'
[0.130s] Level 1:colcon.colcon_core.package_identification:_identify(src/generated_bags/full_bag_nav) by extensions ['ros']
[0.130s] Level 1:colcon.colcon_core.package_identification:_identify(src/generated_bags/full_bag_nav) by extension 'ros'
[0.130s] Level 1:colcon.colcon_core.package_identification:_identify(src/generated_bags/full_bag_nav) by extensions ['cmake', 'python']
[0.130s] Level 1:colcon.colcon_core.package_identification:_identify(src/generated_bags/full_bag_nav) by extension 'cmake'
[0.130s] Level 1:colcon.colcon_core.package_identification:_identify(src/generated_bags/full_bag_nav) by extension 'python'
[0.130s] Level 1:colcon.colcon_core.package_identification:_identify(src/generated_bags/full_bag_nav) by extensions ['python_setup_py']
[0.130s] Level 1:colcon.colcon_core.package_identification:_identify(src/generated_bags/full_bag_nav) by extension 'python_setup_py'
[0.130s] Level 1:colcon.colcon_core.package_identification:_identify(src/generated_bags/scan_today_bag) by extensions ['ignore', 'ignore_ament_install']
[0.130s] Level 1:colcon.colcon_core.package_identification:_identify(src/generated_bags/scan_today_bag) by extension 'ignore'
[0.130s] Level 1:colcon.colcon_core.package_identification:_identify(src/generated_bags/scan_today_bag) by extension 'ignore_ament_install'
[0.130s] Level 1:colcon.colcon_core.package_identification:_identify(src/generated_bags/scan_today_bag) by extensions ['colcon_pkg']
[0.131s] Level 1:colcon.colcon_core.package_identification:_identify(src/generated_bags/scan_today_bag) by extension 'colcon_pkg'
[0.131s] Level 1:colcon.colcon_core.package_identification:_identify(src/generated_bags/scan_today_bag) by extensions ['colcon_meta']
[0.131s] Level 1:colcon.colcon_core.package_identification:_identify(src/generated_bags/scan_today_bag) by extension 'colcon_meta'
[0.131s] Level 1:colcon.colcon_core.package_identification:_identify(src/generated_bags/scan_today_bag) by extensions ['ros']
[0.131s] Level 1:colcon.colcon_core.package_identification:_identify(src/generated_bags/scan_today_bag) by extension 'ros'
[0.131s] Level 1:colcon.colcon_core.package_identification:_identify(src/generated_bags/scan_today_bag) by extensions ['cmake', 'python']
[0.131s] Level 1:colcon.colcon_core.package_identification:_identify(src/generated_bags/scan_today_bag) by extension 'cmake'
[0.131s] Level 1:colcon.colcon_core.package_identification:_identify(src/generated_bags/scan_today_bag) by extension 'python'
[0.131s] Level 1:colcon.colcon_core.package_identification:_identify(src/generated_bags/scan_today_bag) by extensions ['python_setup_py']
[0.131s] Level 1:colcon.colcon_core.package_identification:_identify(src/generated_bags/scan_today_bag) by extension 'python_setup_py'
[0.131s] Level 1:colcon.colcon_core.package_identification:_identify(src/generated_bags/speed) by extensions ['ignore', 'ignore_ament_install']
[0.131s] Level 1:colcon.colcon_core.package_identification:_identify(src/generated_bags/speed) by extension 'ignore'
[0.131s] Level 1:colcon.colcon_core.package_identification:_identify(src/generated_bags/speed) by extension 'ignore_ament_install'
[0.131s] Level 1:colcon.colcon_core.package_identification:_identify(src/generated_bags/speed) by extensions ['colcon_pkg']
[0.131s] Level 1:colcon.colcon_core.package_identification:_identify(src/generated_bags/speed) by extension 'colcon_pkg'
[0.131s] Level 1:colcon.colcon_core.package_identification:_identify(src/generated_bags/speed) by extensions ['colcon_meta']
[0.131s] Level 1:colcon.colcon_core.package_identification:_identify(src/generated_bags/speed) by extension 'colcon_meta'
[0.131s] Level 1:colcon.colcon_core.package_identification:_identify(src/generated_bags/speed) by extensions ['ros']
[0.131s] Level 1:colcon.colcon_core.package_identification:_identify(src/generated_bags/speed) by extension 'ros'
[0.131s] Level 1:colcon.colcon_core.package_identification:_identify(src/generated_bags/speed) by extensions ['cmake', 'python']
[0.131s] Level 1:colcon.colcon_core.package_identification:_identify(src/generated_bags/speed) by extension 'cmake'
[0.131s] Level 1:colcon.colcon_core.package_identification:_identify(src/generated_bags/speed) by extension 'python'
[0.131s] Level 1:colcon.colcon_core.package_identification:_identify(src/generated_bags/speed) by extensions ['python_setup_py']
[0.131s] Level 1:colcon.colcon_core.package_identification:_identify(src/generated_bags/speed) by extension 'python_setup_py'
[0.131s] Level 1:colcon.colcon_core.package_identification:_identify(src/generated_bags/test_bag) by extensions ['ignore', 'ignore_ament_install']
[0.131s] Level 1:colcon.colcon_core.package_identification:_identify(src/generated_bags/test_bag) by extension 'ignore'
[0.132s] Level 1:colcon.colcon_core.package_identification:_identify(src/generated_bags/test_bag) by extension 'ignore_ament_install'
[0.132s] Level 1:colcon.colcon_core.package_identification:_identify(src/generated_bags/test_bag) by extensions ['colcon_pkg']
[0.132s] Level 1:colcon.colcon_core.package_identification:_identify(src/generated_bags/test_bag) by extension 'colcon_pkg'
[0.132s] Level 1:colcon.colcon_core.package_identification:_identify(src/generated_bags/test_bag) by extensions ['colcon_meta']
[0.132s] Level 1:colcon.colcon_core.package_identification:_identify(src/generated_bags/test_bag) by extension 'colcon_meta'
[0.132s] Level 1:colcon.colcon_core.package_identification:_identify(src/generated_bags/test_bag) by extensions ['ros']
[0.132s] Level 1:colcon.colcon_core.package_identification:_identify(src/generated_bags/test_bag) by extension 'ros'
[0.132s] Level 1:colcon.colcon_core.package_identification:_identify(src/generated_bags/test_bag) by extensions ['cmake', 'python']
[0.132s] Level 1:colcon.colcon_core.package_identification:_identify(src/generated_bags/test_bag) by extension 'cmake'
[0.132s] Level 1:colcon.colcon_core.package_identification:_identify(src/generated_bags/test_bag) by extension 'python'
[0.132s] Level 1:colcon.colcon_core.package_identification:_identify(src/generated_bags/test_bag) by extensions ['python_setup_py']
[0.132s] Level 1:colcon.colcon_core.package_identification:_identify(src/generated_bags/test_bag) by extension 'python_setup_py'
[0.132s] Level 1:colcon.colcon_core.package_identification:_identify(src/mlmodels) by extensions ['ignore', 'ignore_ament_install']
[0.132s] Level 1:colcon.colcon_core.package_identification:_identify(src/mlmodels) by extension 'ignore'
[0.132s] Level 1:colcon.colcon_core.package_identification:_identify(src/mlmodels) by extension 'ignore_ament_install'
[0.132s] Level 1:colcon.colcon_core.package_identification:_identify(src/mlmodels) by extensions ['colcon_pkg']
[0.132s] Level 1:colcon.colcon_core.package_identification:_identify(src/mlmodels) by extension 'colcon_pkg'
[0.132s] Level 1:colcon.colcon_core.package_identification:_identify(src/mlmodels) by extensions ['colcon_meta']
[0.132s] Level 1:colcon.colcon_core.package_identification:_identify(src/mlmodels) by extension 'colcon_meta'
[0.132s] Level 1:colcon.colcon_core.package_identification:_identify(src/mlmodels) by extensions ['ros']
[0.132s] Level 1:colcon.colcon_core.package_identification:_identify(src/mlmodels) by extension 'ros'
[0.132s] Level 1:colcon.colcon_core.package_identification:_identify(src/mlmodels) by extensions ['cmake', 'python']
[0.132s] Level 1:colcon.colcon_core.package_identification:_identify(src/mlmodels) by extension 'cmake'
[0.132s] Level 1:colcon.colcon_core.package_identification:_identify(src/mlmodels) by extension 'python'
[0.132s] Level 1:colcon.colcon_core.package_identification:_identify(src/mlmodels) by extensions ['python_setup_py']
[0.132s] Level 1:colcon.colcon_core.package_identification:_identify(src/mlmodels) by extension 'python_setup_py'
[0.133s] Level 1:colcon.colcon_core.package_identification:_identify(src/navigation_testing) by extensions ['ignore', 'ignore_ament_install']
[0.133s] Level 1:colcon.colcon_core.package_identification:_identify(src/navigation_testing) by extension 'ignore'
[0.133s] Level 1:colcon.colcon_core.package_identification:_identify(src/navigation_testing) by extension 'ignore_ament_install'
[0.133s] Level 1:colcon.colcon_core.package_identification:_identify(src/navigation_testing) by extensions ['colcon_pkg']
[0.133s] Level 1:colcon.colcon_core.package_identification:_identify(src/navigation_testing) by extension 'colcon_pkg'
[0.133s] Level 1:colcon.colcon_core.package_identification:_identify(src/navigation_testing) by extensions ['colcon_meta']
[0.133s] Level 1:colcon.colcon_core.package_identification:_identify(src/navigation_testing) by extension 'colcon_meta'
[0.133s] Level 1:colcon.colcon_core.package_identification:_identify(src/navigation_testing) by extensions ['ros']
[0.133s] Level 1:colcon.colcon_core.package_identification:_identify(src/navigation_testing) by extension 'ros'
[0.134s] DEBUG:colcon.colcon_core.package_identification:Package 'src/navigation_testing' with type 'ros.ament_python' and name 'navigation_testing'
[0.134s] Level 1:colcon.colcon_core.package_identification:_identify(src/ros2bag_convert) by extensions ['ignore', 'ignore_ament_install']
[0.135s] Level 1:colcon.colcon_core.package_identification:_identify(src/ros2bag_convert) by extension 'ignore'
[0.135s] Level 1:colcon.colcon_core.package_identification:_identify(src/ros2bag_convert) by extension 'ignore_ament_install'
[0.135s] Level 1:colcon.colcon_core.package_identification:_identify(src/ros2bag_convert) by extensions ['colcon_pkg']
[0.135s] Level 1:colcon.colcon_core.package_identification:_identify(src/ros2bag_convert) by extension 'colcon_pkg'
[0.135s] Level 1:colcon.colcon_core.package_identification:_identify(src/ros2bag_convert) by extensions ['colcon_meta']
[0.135s] Level 1:colcon.colcon_core.package_identification:_identify(src/ros2bag_convert) by extension 'colcon_meta'
[0.135s] Level 1:colcon.colcon_core.package_identification:_identify(src/ros2bag_convert) by extensions ['ros']
[0.135s] Level 1:colcon.colcon_core.package_identification:_identify(src/ros2bag_convert) by extension 'ros'
[0.135s] DEBUG:colcon.colcon_core.package_identification:Package 'src/ros2bag_convert' with type 'ros.ament_python' and name 'ros2bag_convert'
[0.135s] Level 1:colcon.colcon_core.package_discovery:discover_packages(recursive) using defaults
[0.135s] Level 1:colcon.colcon_core.package_discovery:discover_packages(ignore) discover
[0.135s] Level 1:colcon.colcon_core.package_discovery:discover_packages(ignore) using defaults
[0.135s] Level 1:colcon.colcon_core.package_discovery:discover_packages(path) discover
[0.135s] Level 1:colcon.colcon_core.package_discovery:discover_packages(path) using defaults
[0.149s] Level 1:colcon.colcon_core.package_discovery:discover_packages(prefix_path) check parameters
[0.149s] Level 1:colcon.colcon_core.package_discovery:discover_packages(prefix_path) discover
[0.151s] DEBUG:colcon.colcon_installed_package_information.package_discovery:Found 270 installed packages in /opt/ros/humble
[0.152s] Level 1:colcon.colcon_core.package_discovery:discover_packages(prefix_path) using defaults
[0.179s] Level 5:colcon.colcon_core.verb:set package 'navigation_testing' build argument 'cmake_args' from command line to 'None'
[0.179s] Level 5:colcon.colcon_core.verb:set package 'navigation_testing' build argument 'cmake_target' from command line to 'None'
[0.179s] Level 5:colcon.colcon_core.verb:set package 'navigation_testing' build argument 'cmake_target_skip_unavailable' from command line to 'False'
[0.179s] Level 5:colcon.colcon_core.verb:set package 'navigation_testing' build argument 'cmake_clean_cache' from command line to 'False'
[0.179s] Level 5:colcon.colcon_core.verb:set package 'navigation_testing' build argument 'cmake_clean_first' from command line to 'False'
[0.179s] Level 5:colcon.colcon_core.verb:set package 'navigation_testing' build argument 'cmake_force_configure' from command line to 'False'
[0.179s] Level 5:colcon.colcon_core.verb:set package 'navigation_testing' build argument 'ament_cmake_args' from command line to 'None'
[0.180s] Level 5:colcon.colcon_core.verb:set package 'navigation_testing' build argument 'catkin_cmake_args' from command line to 'None'
[0.180s] Level 5:colcon.colcon_core.verb:set package 'navigation_testing' build argument 'catkin_skip_building_tests' from command line to 'False'
[0.180s] DEBUG:colcon.colcon_core.verb:Building package 'navigation_testing' with the following arguments: {'ament_cmake_args': None, 'build_base': '/home/filipe/ros2_selfdriving/build/navigation_testing', 'catkin_cmake_args': None, 'catkin_skip_building_tests': False, 'cmake_args': None, 'cmake_clean_cache': False, 'cmake_clean_first': False, 'cmake_force_configure': False, 'cmake_target': None, 'cmake_target_skip_unavailable': False, 'install_base': '/home/filipe/ros2_selfdriving/install/navigation_testing', 'merge_install': False, 'path': '/home/filipe/ros2_selfdriving/src/navigation_testing', 'symlink_install': False, 'test_result_base': None}
[0.180s] Level 5:colcon.colcon_core.verb:set package 'ros2bag_convert' build argument 'cmake_args' from command line to 'None'
[0.180s] Level 5:colcon.colcon_core.verb:set package 'ros2bag_convert' build argument 'cmake_target' from command line to 'None'
[0.180s] Level 5:colcon.colcon_core.verb:set package 'ros2bag_convert' build argument 'cmake_target_skip_unavailable' from command line to 'False'
[0.180s] Level 5:colcon.colcon_core.verb:set package 'ros2bag_convert' build argument 'cmake_clean_cache' from command line to 'False'
[0.180s] Level 5:colcon.colcon_core.verb:set package 'ros2bag_convert' build argument 'cmake_clean_first' from command line to 'False'
[0.180s] Level 5:colcon.colcon_core.verb:set package 'ros2bag_convert' build argument 'cmake_force_configure' from command line to 'False'
[0.180s] Level 5:colcon.colcon_core.verb:set package 'ros2bag_convert' build argument 'ament_cmake_args' from command line to 'None'
[0.180s] Level 5:colcon.colcon_core.verb:set package 'ros2bag_convert' build argument 'catkin_cmake_args' from command line to 'None'
[0.180s] Level 5:colcon.colcon_core.verb:set package 'ros2bag_convert' build argument 'catkin_skip_building_tests' from command line to 'False'
[0.180s] DEBUG:colcon.colcon_core.verb:Building package 'ros2bag_convert' with the following arguments: {'ament_cmake_args': None, 'build_base': '/home/filipe/ros2_selfdriving/build/ros2bag_convert', 'catkin_cmake_args': None, 'catkin_skip_building_tests': False, 'cmake_args': None, 'cmake_clean_cache': False, 'cmake_clean_first': False, 'cmake_force_configure': False, 'cmake_target': None, 'cmake_target_skip_unavailable': False, 'install_base': '/home/filipe/ros2_selfdriving/install/ros2bag_convert', 'merge_install': False, 'path': '/home/filipe/ros2_selfdriving/src/ros2bag_convert', 'symlink_install': False, 'test_result_base': None}
[0.180s] INFO:colcon.colcon_core.executor:Executing jobs using 'parallel' executor
[0.181s] DEBUG:colcon.colcon_parallel_executor.executor.parallel:run_until_complete
[0.181s] INFO:colcon.colcon_ros.task.ament_python.build:Building ROS package in '/home/filipe/ros2_selfdriving/src/navigation_testing' with build type 'ament_python'
[0.181s] Level 1:colcon.colcon_core.shell:create_environment_hook('navigation_testing', 'ament_prefix_path')
[0.182s] INFO:colcon.colcon_core.plugin_system:Skipping extension 'colcon_core.shell.bat': Not used on non-Windows systems
[0.183s] INFO:colcon.colcon_core.shell:Creating environment hook '/home/filipe/ros2_selfdriving/install/navigation_testing/share/navigation_testing/hook/ament_prefix_path.ps1'
[0.183s] INFO:colcon.colcon_core.shell:Creating environment descriptor '/home/filipe/ros2_selfdriving/install/navigation_testing/share/navigation_testing/hook/ament_prefix_path.dsv'
[0.183s] INFO:colcon.colcon_core.shell:Creating environment hook '/home/filipe/ros2_selfdriving/install/navigation_testing/share/navigation_testing/hook/ament_prefix_path.sh'
[0.184s] INFO:colcon.colcon_core.shell:Skip shell extension 'powershell' for command environment: Not usable outside of PowerShell
[0.184s] DEBUG:colcon.colcon_core.shell:Skip shell extension 'dsv' for command environment
[0.186s] INFO:colcon.colcon_ros.task.ament_python.build:Building ROS package in '/home/filipe/ros2_selfdriving/src/ros2bag_convert' with build type 'ament_python'
[0.186s] Level 1:colcon.colcon_core.shell:create_environment_hook('ros2bag_convert', 'ament_prefix_path')
[0.186s] INFO:colcon.colcon_core.shell:Creating environment hook '/home/filipe/ros2_selfdriving/install/ros2bag_convert/share/ros2bag_convert/hook/ament_prefix_path.ps1'
[0.187s] INFO:colcon.colcon_core.shell:Creating environment descriptor '/home/filipe/ros2_selfdriving/install/ros2bag_convert/share/ros2bag_convert/hook/ament_prefix_path.dsv'
[0.187s] INFO:colcon.colcon_core.shell:Creating environment hook '/home/filipe/ros2_selfdriving/install/ros2bag_convert/share/ros2bag_convert/hook/ament_prefix_path.sh'
[0.187s] INFO:colcon.colcon_core.shell:Skip shell extension 'powershell' for command environment: Not usable outside of PowerShell
[0.187s] DEBUG:colcon.colcon_core.shell:Skip shell extension 'dsv' for command environment
[0.353s] INFO:colcon.colcon_core.task.python.build:Building Python package in '/home/filipe/ros2_selfdriving/src/navigation_testing'
[0.353s] INFO:colcon.colcon_core.shell:Skip shell extension 'powershell' for command environment: Not usable outside of PowerShell
[0.353s] DEBUG:colcon.colcon_core.shell:Skip shell extension 'dsv' for command environment
[0.519s] WARNING:colcon.colcon_ros.task.ament_python.build:Package 'ros2bag_convert' doesn't explicitly install a marker in the package index (colcon-ros currently does it implicitly but that fallback will be removed in the future)
[0.519s] WARNING:colcon.colcon_ros.task.ament_python.build:Package 'ros2bag_convert' doesn't explicitly install the 'package.xml' file (colcon-ros currently does it implicitly but that fallback will be removed in the future)
[0.519s] INFO:colcon.colcon_core.task.python.build:Building Python package in '/home/filipe/ros2_selfdriving/src/ros2bag_convert'
[0.520s] INFO:colcon.colcon_core.shell:Skip shell extension 'powershell' for command environment: Not usable outside of PowerShell
[0.520s] DEBUG:colcon.colcon_core.shell:Skip shell extension 'dsv' for command environment
[1.009s] DEBUG:colcon.colcon_core.event_handler.log_command:Invoking command in '/home/filipe/ros2_selfdriving/src/navigation_testing': PYTHONPATH=/home/filipe/ros2_selfdriving/build/navigation_testing/prefix_override:/home/filipe/ros2_selfdriving/install/navigation_testing/lib/python3.10/site-packages:${PYTHONPATH} /usr/bin/python3 -W ignore:setup.py install is deprecated setup.py egg_info --egg-base ../../build/navigation_testing build --build-base /home/filipe/ros2_selfdriving/build/navigation_testing/build install --record /home/filipe/ros2_selfdriving/build/navigation_testing/install.log --single-version-externally-managed install_data
[1.011s] DEBUG:colcon.colcon_core.event_handler.log_command:Invoking command in '/home/filipe/ros2_selfdriving/src/ros2bag_convert': PYTHONPATH=/home/filipe/ros2_selfdriving/build/ros2bag_convert/prefix_override:/home/filipe/ros2_selfdriving/install/ros2bag_convert/lib/python3.10/site-packages:${PYTHONPATH} /usr/bin/python3 -W ignore:setup.py install is deprecated setup.py egg_info --egg-base ../../build/ros2bag_convert build --build-base /home/filipe/ros2_selfdriving/build/ros2bag_convert/build install --record /home/filipe/ros2_selfdriving/build/ros2bag_convert/install.log --single-version-externally-managed
[1.438s] DEBUG:colcon.colcon_core.event_handler.log_command:Invoked command in '/home/filipe/ros2_selfdriving/src/ros2bag_convert' returned '0': PYTHONPATH=/home/filipe/ros2_selfdriving/build/ros2bag_convert/prefix_override:/home/filipe/ros2_selfdriving/install/ros2bag_convert/lib/python3.10/site-packages:${PYTHONPATH} /usr/bin/python3 -W ignore:setup.py install is deprecated setup.py egg_info --egg-base ../../build/ros2bag_convert build --build-base /home/filipe/ros2_selfdriving/build/ros2bag_convert/build install --record /home/filipe/ros2_selfdriving/build/ros2bag_convert/install.log --single-version-externally-managed
[1.440s] Level 1:colcon.colcon_core.environment:checking '/home/filipe/ros2_selfdriving/install/ros2bag_convert' for CMake module files
[1.440s] Level 1:colcon.colcon_core.environment:checking '/home/filipe/ros2_selfdriving/install/ros2bag_convert' for CMake config files
[1.441s] Level 1:colcon.colcon_core.environment:checking '/home/filipe/ros2_selfdriving/install/ros2bag_convert/lib'
[1.441s] Level 1:colcon.colcon_core.environment:checking '/home/filipe/ros2_selfdriving/install/ros2bag_convert/bin'
[1.441s] Level 1:colcon.colcon_core.environment:checking '/home/filipe/ros2_selfdriving/install/ros2bag_convert/lib/pkgconfig/ros2bag_convert.pc'
[1.441s] Level 1:colcon.colcon_core.environment:checking '/home/filipe/ros2_selfdriving/install/ros2bag_convert/lib/python3.10/site-packages'
[1.441s] Level 1:colcon.colcon_core.shell:create_environment_hook('ros2bag_convert', 'pythonpath')
[1.442s] INFO:colcon.colcon_core.shell:Creating environment hook '/home/filipe/ros2_selfdriving/install/ros2bag_convert/share/ros2bag_convert/hook/pythonpath.ps1'
[1.442s] INFO:colcon.colcon_core.shell:Creating environment descriptor '/home/filipe/ros2_selfdriving/install/ros2bag_convert/share/ros2bag_convert/hook/pythonpath.dsv'
[1.442s] INFO:colcon.colcon_core.shell:Creating environment hook '/home/filipe/ros2_selfdriving/install/ros2bag_convert/share/ros2bag_convert/hook/pythonpath.sh'
[1.442s] Level 1:colcon.colcon_core.environment:checking '/home/filipe/ros2_selfdriving/install/ros2bag_convert/bin'
[1.443s] Level 1:colcon.colcon_core.environment:create_environment_scripts_only(ros2bag_convert)
[1.443s] INFO:colcon.colcon_core.shell:Creating package script '/home/filipe/ros2_selfdriving/install/ros2bag_convert/share/ros2bag_convert/package.ps1'
[1.444s] INFO:colcon.colcon_core.shell:Creating package descriptor '/home/filipe/ros2_selfdriving/install/ros2bag_convert/share/ros2bag_convert/package.dsv'
[1.444s] INFO:colcon.colcon_core.shell:Creating package script '/home/filipe/ros2_selfdriving/install/ros2bag_convert/share/ros2bag_convert/package.sh'
[1.445s] INFO:colcon.colcon_core.shell:Creating package script '/home/filipe/ros2_selfdriving/install/ros2bag_convert/share/ros2bag_convert/package.bash'
[1.445s] INFO:colcon.colcon_core.shell:Creating package script '/home/filipe/ros2_selfdriving/install/ros2bag_convert/share/ros2bag_convert/package.zsh'
[1.445s] Level 1:colcon.colcon_core.environment:create_file_with_runtime_dependencies(/home/filipe/ros2_selfdriving/install/ros2bag_convert/share/colcon-core/packages/ros2bag_convert)
[1.463s] Level 1:colcon.colcon_core.environment:checking '/home/filipe/ros2_selfdriving/install/navigation_testing' for CMake module files
[1.463s] DEBUG:colcon.colcon_core.event_handler.log_command:Invoked command in '/home/filipe/ros2_selfdriving/src/navigation_testing' returned '0': PYTHONPATH=/home/filipe/ros2_selfdriving/build/navigation_testing/prefix_override:/home/filipe/ros2_selfdriving/install/navigation_testing/lib/python3.10/site-packages:${PYTHONPATH} /usr/bin/python3 -W ignore:setup.py install is deprecated setup.py egg_info --egg-base ../../build/navigation_testing build --build-base /home/filipe/ros2_selfdriving/build/navigation_testing/build install --record /home/filipe/ros2_selfdriving/build/navigation_testing/install.log --single-version-externally-managed install_data
[1.463s] Level 1:colcon.colcon_core.environment:checking '/home/filipe/ros2_selfdriving/install/navigation_testing' for CMake config files
[1.464s] Level 1:colcon.colcon_core.environment:checking '/home/filipe/ros2_selfdriving/install/navigation_testing/lib'
[1.464s] Level 1:colcon.colcon_core.environment:checking '/home/filipe/ros2_selfdriving/install/navigation_testing/bin'
[1.464s] Level 1:colcon.colcon_core.environment:checking '/home/filipe/ros2_selfdriving/install/navigation_testing/lib/pkgconfig/navigation_testing.pc'
[1.464s] Level 1:colcon.colcon_core.environment:checking '/home/filipe/ros2_selfdriving/install/navigation_testing/lib/python3.10/site-packages'
[1.464s] Level 1:colcon.colcon_core.shell:create_environment_hook('navigation_testing', 'pythonpath')
[1.464s] INFO:colcon.colcon_core.shell:Creating environment hook '/home/filipe/ros2_selfdriving/install/navigation_testing/share/navigation_testing/hook/pythonpath.ps1'
[1.465s] INFO:colcon.colcon_core.shell:Creating environment descriptor '/home/filipe/ros2_selfdriving/install/navigation_testing/share/navigation_testing/hook/pythonpath.dsv'
[1.465s] INFO:colcon.colcon_core.shell:Creating environment hook '/home/filipe/ros2_selfdriving/install/navigation_testing/share/navigation_testing/hook/pythonpath.sh'
[1.465s] Level 1:colcon.colcon_core.environment:checking '/home/filipe/ros2_selfdriving/install/navigation_testing/bin'
[1.465s] Level 1:colcon.colcon_core.environment:create_environment_scripts_only(navigation_testing)
[1.466s] INFO:colcon.colcon_core.shell:Creating package script '/home/filipe/ros2_selfdriving/install/navigation_testing/share/navigation_testing/package.ps1'
[1.466s] INFO:colcon.colcon_core.shell:Creating package descriptor '/home/filipe/ros2_selfdriving/install/navigation_testing/share/navigation_testing/package.dsv'
[1.466s] INFO:colcon.colcon_core.shell:Creating package script '/home/filipe/ros2_selfdriving/install/navigation_testing/share/navigation_testing/package.sh'
[1.467s] INFO:colcon.colcon_core.shell:Creating package script '/home/filipe/ros2_selfdriving/install/navigation_testing/share/navigation_testing/package.bash'
[1.467s] INFO:colcon.colcon_core.shell:Creating package script '/home/filipe/ros2_selfdriving/install/navigation_testing/share/navigation_testing/package.zsh'
[1.467s] Level 1:colcon.colcon_core.environment:create_file_with_runtime_dependencies(/home/filipe/ros2_selfdriving/install/navigation_testing/share/colcon-core/packages/navigation_testing)
[1.467s] DEBUG:colcon.colcon_parallel_executor.executor.parallel:closing loop
[1.468s] DEBUG:colcon.colcon_parallel_executor.executor.parallel:loop closed
[1.468s] DEBUG:colcon.colcon_parallel_executor.executor.parallel:run_until_complete finished with '0'
[1.468s] DEBUG:colcon.colcon_core.event_reactor:joining thread
[1.471s] INFO:colcon.colcon_core.plugin_system:Skipping extension 'colcon_notification.desktop_notification.terminal_notifier': Not used on non-Darwin systems
[1.471s] INFO:colcon.colcon_core.plugin_system:Skipping extension 'colcon_notification.desktop_notification.win32': Not used on non-Windows systems
[1.472s] INFO:colcon.colcon_notification.desktop_notification:Sending desktop notification using 'notify2'
[1.480s] DEBUG:colcon.colcon_core.event_reactor:joined thread
[1.481s] INFO:colcon.colcon_core.shell:Creating prefix script '/home/filipe/ros2_selfdriving/install/local_setup.ps1'
[1.481s] INFO:colcon.colcon_core.shell:Creating prefix util module '/home/filipe/ros2_selfdriving/install/_local_setup_util_ps1.py'
[1.482s] INFO:colcon.colcon_core.shell:Creating prefix chain script '/home/filipe/ros2_selfdriving/install/setup.ps1'
[1.483s] INFO:colcon.colcon_core.shell:Creating prefix script '/home/filipe/ros2_selfdriving/install/local_setup.sh'
[1.483s] INFO:colcon.colcon_core.shell:Creating prefix util module '/home/filipe/ros2_selfdriving/install/_local_setup_util_sh.py'
[1.484s] INFO:colcon.colcon_core.shell:Creating prefix chain script '/home/filipe/ros2_selfdriving/install/setup.sh'
[1.484s] INFO:colcon.colcon_core.shell:Creating prefix script '/home/filipe/ros2_selfdriving/install/local_setup.bash'
[1.485s] INFO:colcon.colcon_core.shell:Creating prefix chain script '/home/filipe/ros2_selfdriving/install/setup.bash'
[1.485s] INFO:colcon.colcon_core.shell:Creating prefix script '/home/filipe/ros2_selfdriving/install/local_setup.zsh'
[1.486s] INFO:colcon.colcon_core.shell:Creating prefix chain script '/home/filipe/ros2_selfdriving/install/setup.zsh'
