running egg_info
writing ../../build/ros2bags/ros2bag_convert.egg-info/PKG-INFO
writing dependency_links to ../../build/ros2bags/ros2bag_convert.egg-info/dependency_links.txt
writing entry points to ../../build/ros2bags/ros2bag_convert.egg-info/entry_points.txt
writing requirements to ../../build/ros2bags/ros2bag_convert.egg-info/requires.txt
writing top-level names to ../../build/ros2bags/ros2bag_convert.egg-info/top_level.txt
reading manifest file '../../build/ros2bags/ros2bag_convert.egg-info/SOURCES.txt'
adding license file 'LICENSE'
writing manifest file '../../build/ros2bags/ros2bag_convert.egg-info/SOURCES.txt'
running build
running build_py
copying ros2bag_convert/ros2bag_convert/__init__.py -> /home/filipe/ros2_selfdriving/build/ros2bags/build/lib/ros2bag_convert/ros2bag_convert
copying ros2bag_convert/ros2bag_convert/read_bag.py -> /home/filipe/ros2_selfdriving/build/ros2bags/build/lib/ros2bag_convert/ros2bag_convert
copying ros2bag_convert/ros2bag_convert/save_csv_file.py -> /home/filipe/ros2_selfdriving/build/ros2bags/build/lib/ros2bag_convert/ros2bag_convert
copying ros2bag_convert/ros2bag_convert/message_converter.py -> /home/filipe/ros2_selfdriving/build/ros2bags/build/lib/ros2bag_convert/ros2bag_convert
copying ros2bag_convert/ros2bag_convert/json_message_converter.py -> /home/filipe/ros2_selfdriving/build/ros2bags/build/lib/ros2bag_convert/ros2bag_convert
copying ros2bag_convert/__init__.py -> /home/filipe/ros2_selfdriving/build/ros2bags/build/lib/ros2bag_convert
copying ros2bag_convert/main.py -> /home/filipe/ros2_selfdriving/build/ros2bags/build/lib/ros2bag_convert
running install
running install_lib
running install_data
error: can't copy 'resource/ros2bag_convert': doesn't exist or not a regular file
