[0.868s] Invoking command in '/home/filipe/ros2_selfdriving/src/ros2bag_convert': PYTHONPATH=/home/filipe/ros2_selfdriving/build/ros2bags/prefix_override:/home/filipe/ros2_selfdriving/install/ros2bags/lib/python3.10/site-packages:${PYTHONPATH} /usr/bin/python3 -W ignore:setup.py install is deprecated setup.py egg_info --egg-base ../../build/ros2bags build --build-base /home/filipe/ros2_selfdriving/build/ros2bags/build install --record /home/filipe/ros2_selfdriving/build/ros2bags/install.log --single-version-externally-managed install_data
[1.089s] running egg_info
[1.105s] writing ../../build/ros2bags/ros2bag_convert.egg-info/PKG-INFO
[1.105s] writing dependency_links to ../../build/ros2bags/ros2bag_convert.egg-info/dependency_links.txt
[1.106s] writing entry points to ../../build/ros2bags/ros2bag_convert.egg-info/entry_points.txt
[1.106s] writing requirements to ../../build/ros2bags/ros2bag_convert.egg-info/requires.txt
[1.106s] writing top-level names to ../../build/ros2bags/ros2bag_convert.egg-info/top_level.txt
[1.142s] reading manifest file '../../build/ros2bags/ros2bag_convert.egg-info/SOURCES.txt'
[1.142s] adding license file 'LICENSE'
[1.143s] writing manifest file '../../build/ros2bags/ros2bag_convert.egg-info/SOURCES.txt'
[1.143s] running build
[1.143s] running build_py
[1.144s] copying ros2bag_convert/ros2bag_convert/__init__.py -> /home/filipe/ros2_selfdriving/build/ros2bags/build/lib/ros2bag_convert/ros2bag_convert
[1.144s] copying ros2bag_convert/ros2bag_convert/read_bag.py -> /home/filipe/ros2_selfdriving/build/ros2bags/build/lib/ros2bag_convert/ros2bag_convert
[1.144s] copying ros2bag_convert/ros2bag_convert/save_csv_file.py -> /home/filipe/ros2_selfdriving/build/ros2bags/build/lib/ros2bag_convert/ros2bag_convert
[1.145s] copying ros2bag_convert/ros2bag_convert/message_converter.py -> /home/filipe/ros2_selfdriving/build/ros2bags/build/lib/ros2bag_convert/ros2bag_convert
[1.145s] copying ros2bag_convert/ros2bag_convert/json_message_converter.py -> /home/filipe/ros2_selfdriving/build/ros2bags/build/lib/ros2bag_convert/ros2bag_convert
[1.145s] copying ros2bag_convert/__init__.py -> /home/filipe/ros2_selfdriving/build/ros2bags/build/lib/ros2bag_convert
[1.145s] copying ros2bag_convert/main.py -> /home/filipe/ros2_selfdriving/build/ros2bags/build/lib/ros2bag_convert
[1.146s] running install
[1.151s] running install_lib
[1.169s] running install_data
[1.169s] error: can't copy 'resource/ros2bag_convert': doesn't exist or not a regular file
[1.188s] Invoked command in '/home/filipe/ros2_selfdriving/src/ros2bag_convert' returned '1': PYTHONPATH=/home/filipe/ros2_selfdriving/build/ros2bags/prefix_override:/home/filipe/ros2_selfdriving/install/ros2bags/lib/python3.10/site-packages:${PYTHONPATH} /usr/bin/python3 -W ignore:setup.py install is deprecated setup.py egg_info --egg-base ../../build/ros2bags build --build-base /home/filipe/ros2_selfdriving/build/ros2bags/build install --record /home/filipe/ros2_selfdriving/build/ros2bags/install.log --single-version-externally-managed install_data
