[0.098s] DEBUG:colcon:Command line arguments: ['/usr/bin/colcon', 'build']
[0.099s] DEBUG:colcon:Parsed command line arguments: Namespace(log_base=None, log_level=None, verb_name='build', build_base='build', install_base='install', merge_install=False, symlink_install=False, test_result_base=None, continue_on_error=False, executor='parallel', parallel_workers=12, event_handlers=None, ignore_user_meta=False, metas=['./colcon.meta'], base_paths=['.'], packages_ignore=None, packages_ignore_regex=None, paths=None, packages_up_to=None, packages_up_to_regex=None, packages_above=None, packages_above_and_dependencies=None, packages_above_depth=None, packages_select_by_dep=None, packages_skip_by_dep=None, packages_skip_up_to=None, packages_select_build_failed=False, packages_skip_build_finished=False, packages_select_test_failures=False, packages_skip_test_passed=False, packages_select=None, packages_skip=None, packages_select_regex=None, packages_skip_regex=None, packages_start=None, packages_end=None, allow_overriding=[], cmake_args=None, cmake_target=None, cmake_target_skip_unavailable=False, cmake_clean_cache=False, cmake_clean_first=False, cmake_force_configure=False, ament_cmake_args=None, catkin_cmake_args=None, catkin_skip_building_tests=False, mixin_files=None, mixin=None, verb_parser=<colcon_mixin.mixin.mixin_argument.MixinArgumentDecorator object at 0x78cbd9d81900>, verb_extension=<colcon_core.verb.build.BuildVerb object at 0x78cbd9e7a020>, main=<bound method BuildVerb.main of <colcon_core.verb.build.BuildVerb object at 0x78cbd9e7a020>>, mixin_verb=('build',))
[0.131s] Level 1:colcon.colcon_core.package_discovery:discover_packages(colcon_meta) check parameters
[0.132s] Level 1:colcon.colcon_core.package_discovery:discover_packages(recursive) check parameters
[0.132s] Level 1:colcon.colcon_core.package_discovery:discover_packages(ignore) check parameters
[0.132s] Level 1:colcon.colcon_core.package_discovery:discover_packages(path) check parameters
[0.132s] Level 1:colcon.colcon_core.package_discovery:discover_packages(colcon_meta) discover
[0.132s] Level 1:colcon.colcon_core.package_discovery:discover_packages(recursive) discover
[0.132s] INFO:colcon.colcon_core.package_discovery:Crawling recursively for packages in '/home/filipe/thesis/ros2_selfdriving'
[0.132s] Level 1:colcon.colcon_core.package_identification:_identify(.) by extensions ['ignore', 'ignore_ament_install']
[0.132s] Level 1:colcon.colcon_core.package_identification:_identify(.) by extension 'ignore'
[0.132s] Level 1:colcon.colcon_core.package_identification:_identify(.) by extension 'ignore_ament_install'
[0.132s] Level 1:colcon.colcon_core.package_identification:_identify(.) by extensions ['colcon_pkg']
[0.132s] Level 1:colcon.colcon_core.package_identification:_identify(.) by extension 'colcon_pkg'
[0.132s] Level 1:colcon.colcon_core.package_identification:_identify(.) by extensions ['colcon_meta']
[0.132s] Level 1:colcon.colcon_core.package_identification:_identify(.) by extension 'colcon_meta'
[0.132s] Level 1:colcon.colcon_core.package_identification:_identify(.) by extensions ['ros']
[0.132s] Level 1:colcon.colcon_core.package_identification:_identify(.) by extension 'ros'
[0.145s] Level 1:colcon.colcon_core.package_identification:_identify(.) by extensions ['cmake', 'python']
[0.145s] Level 1:colcon.colcon_core.package_identification:_identify(.) by extension 'cmake'
[0.145s] Level 1:colcon.colcon_core.package_identification:_identify(.) by extension 'python'
[0.145s] Level 1:colcon.colcon_core.package_identification:_identify(.) by extensions ['python_setup_py']
[0.146s] Level 1:colcon.colcon_core.package_identification:_identify(.) by extension 'python_setup_py'
[0.146s] Level 1:colcon.colcon_core.package_identification:_identify(bags) by extensions ['ignore', 'ignore_ament_install']
[0.146s] Level 1:colcon.colcon_core.package_identification:_identify(bags) by extension 'ignore'
[0.146s] Level 1:colcon.colcon_core.package_identification:_identify(bags) by extension 'ignore_ament_install'
[0.146s] Level 1:colcon.colcon_core.package_identification:_identify(bags) by extensions ['colcon_pkg']
[0.146s] Level 1:colcon.colcon_core.package_identification:_identify(bags) by extension 'colcon_pkg'
[0.146s] Level 1:colcon.colcon_core.package_identification:_identify(bags) by extensions ['colcon_meta']
[0.146s] Level 1:colcon.colcon_core.package_identification:_identify(bags) by extension 'colcon_meta'
[0.146s] Level 1:colcon.colcon_core.package_identification:_identify(bags) by extensions ['ros']
[0.146s] Level 1:colcon.colcon_core.package_identification:_identify(bags) by extension 'ros'
[0.146s] Level 1:colcon.colcon_core.package_identification:_identify(bags) by extensions ['cmake', 'python']
[0.146s] Level 1:colcon.colcon_core.package_identification:_identify(bags) by extension 'cmake'
[0.146s] Level 1:colcon.colcon_core.package_identification:_identify(bags) by extension 'python'
[0.146s] Level 1:colcon.colcon_core.package_identification:_identify(bags) by extensions ['python_setup_py']
[0.146s] Level 1:colcon.colcon_core.package_identification:_identify(bags) by extension 'python_setup_py'
[0.146s] Level 1:colcon.colcon_core.package_identification:_identify(bags/circular_bag) by extensions ['ignore', 'ignore_ament_install']
[0.146s] Level 1:colcon.colcon_core.package_identification:_identify(bags/circular_bag) by extension 'ignore'
[0.146s] Level 1:colcon.colcon_core.package_identification:_identify(bags/circular_bag) by extension 'ignore_ament_install'
[0.146s] Level 1:colcon.colcon_core.package_identification:_identify(bags/circular_bag) by extensions ['colcon_pkg']
[0.146s] Level 1:colcon.colcon_core.package_identification:_identify(bags/circular_bag) by extension 'colcon_pkg'
[0.146s] Level 1:colcon.colcon_core.package_identification:_identify(bags/circular_bag) by extensions ['colcon_meta']
[0.146s] Level 1:colcon.colcon_core.package_identification:_identify(bags/circular_bag) by extension 'colcon_meta'
[0.147s] Level 1:colcon.colcon_core.package_identification:_identify(bags/circular_bag) by extensions ['ros']
[0.147s] Level 1:colcon.colcon_core.package_identification:_identify(bags/circular_bag) by extension 'ros'
[0.147s] Level 1:colcon.colcon_core.package_identification:_identify(bags/circular_bag) by extensions ['cmake', 'python']
[0.147s] Level 1:colcon.colcon_core.package_identification:_identify(bags/circular_bag) by extension 'cmake'
[0.147s] Level 1:colcon.colcon_core.package_identification:_identify(bags/circular_bag) by extension 'python'
[0.147s] Level 1:colcon.colcon_core.package_identification:_identify(bags/circular_bag) by extensions ['python_setup_py']
[0.147s] Level 1:colcon.colcon_core.package_identification:_identify(bags/circular_bag) by extension 'python_setup_py'
[0.147s] Level 1:colcon.colcon_core.package_identification:_identify(bags/circular_bag_reframed) by extensions ['ignore', 'ignore_ament_install']
[0.147s] Level 1:colcon.colcon_core.package_identification:_identify(bags/circular_bag_reframed) by extension 'ignore'
[0.147s] Level 1:colcon.colcon_core.package_identification:_identify(bags/circular_bag_reframed) by extension 'ignore_ament_install'
[0.147s] Level 1:colcon.colcon_core.package_identification:_identify(bags/circular_bag_reframed) by extensions ['colcon_pkg']
[0.147s] Level 1:colcon.colcon_core.package_identification:_identify(bags/circular_bag_reframed) by extension 'colcon_pkg'
[0.147s] Level 1:colcon.colcon_core.package_identification:_identify(bags/circular_bag_reframed) by extensions ['colcon_meta']
[0.147s] Level 1:colcon.colcon_core.package_identification:_identify(bags/circular_bag_reframed) by extension 'colcon_meta'
[0.147s] Level 1:colcon.colcon_core.package_identification:_identify(bags/circular_bag_reframed) by extensions ['ros']
[0.147s] Level 1:colcon.colcon_core.package_identification:_identify(bags/circular_bag_reframed) by extension 'ros'
[0.147s] Level 1:colcon.colcon_core.package_identification:_identify(bags/circular_bag_reframed) by extensions ['cmake', 'python']
[0.147s] Level 1:colcon.colcon_core.package_identification:_identify(bags/circular_bag_reframed) by extension 'cmake'
[0.147s] Level 1:colcon.colcon_core.package_identification:_identify(bags/circular_bag_reframed) by extension 'python'
[0.147s] Level 1:colcon.colcon_core.package_identification:_identify(bags/circular_bag_reframed) by extensions ['python_setup_py']
[0.147s] Level 1:colcon.colcon_core.package_identification:_identify(bags/circular_bag_reframed) by extension 'python_setup_py'
[0.147s] Level 1:colcon.colcon_core.package_identification:_identify(bags/eight_bag) by extensions ['ignore', 'ignore_ament_install']
[0.147s] Level 1:colcon.colcon_core.package_identification:_identify(bags/eight_bag) by extension 'ignore'
[0.147s] Level 1:colcon.colcon_core.package_identification:_identify(bags/eight_bag) by extension 'ignore_ament_install'
[0.148s] Level 1:colcon.colcon_core.package_identification:_identify(bags/eight_bag) by extensions ['colcon_pkg']
[0.148s] Level 1:colcon.colcon_core.package_identification:_identify(bags/eight_bag) by extension 'colcon_pkg'
[0.148s] Level 1:colcon.colcon_core.package_identification:_identify(bags/eight_bag) by extensions ['colcon_meta']
[0.148s] Level 1:colcon.colcon_core.package_identification:_identify(bags/eight_bag) by extension 'colcon_meta'
[0.148s] Level 1:colcon.colcon_core.package_identification:_identify(bags/eight_bag) by extensions ['ros']
[0.148s] Level 1:colcon.colcon_core.package_identification:_identify(bags/eight_bag) by extension 'ros'
[0.148s] Level 1:colcon.colcon_core.package_identification:_identify(bags/eight_bag) by extensions ['cmake', 'python']
[0.148s] Level 1:colcon.colcon_core.package_identification:_identify(bags/eight_bag) by extension 'cmake'
[0.148s] Level 1:colcon.colcon_core.package_identification:_identify(bags/eight_bag) by extension 'python'
[0.148s] Level 1:colcon.colcon_core.package_identification:_identify(bags/eight_bag) by extensions ['python_setup_py']
[0.148s] Level 1:colcon.colcon_core.package_identification:_identify(bags/eight_bag) by extension 'python_setup_py'
[0.148s] Level 1:colcon.colcon_core.package_identification:_identify(bags/eight_bag_reframed) by extensions ['ignore', 'ignore_ament_install']
[0.148s] Level 1:colcon.colcon_core.package_identification:_identify(bags/eight_bag_reframed) by extension 'ignore'
[0.148s] Level 1:colcon.colcon_core.package_identification:_identify(bags/eight_bag_reframed) by extension 'ignore_ament_install'
[0.148s] Level 1:colcon.colcon_core.package_identification:_identify(bags/eight_bag_reframed) by extensions ['colcon_pkg']
[0.148s] Level 1:colcon.colcon_core.package_identification:_identify(bags/eight_bag_reframed) by extension 'colcon_pkg'
[0.148s] Level 1:colcon.colcon_core.package_identification:_identify(bags/eight_bag_reframed) by extensions ['colcon_meta']
[0.148s] Level 1:colcon.colcon_core.package_identification:_identify(bags/eight_bag_reframed) by extension 'colcon_meta'
[0.148s] Level 1:colcon.colcon_core.package_identification:_identify(bags/eight_bag_reframed) by extensions ['ros']
[0.148s] Level 1:colcon.colcon_core.package_identification:_identify(bags/eight_bag_reframed) by extension 'ros'
[0.148s] Level 1:colcon.colcon_core.package_identification:_identify(bags/eight_bag_reframed) by extensions ['cmake', 'python']
[0.148s] Level 1:colcon.colcon_core.package_identification:_identify(bags/eight_bag_reframed) by extension 'cmake'
[0.148s] Level 1:colcon.colcon_core.package_identification:_identify(bags/eight_bag_reframed) by extension 'python'
[0.148s] Level 1:colcon.colcon_core.package_identification:_identify(bags/eight_bag_reframed) by extensions ['python_setup_py']
[0.148s] Level 1:colcon.colcon_core.package_identification:_identify(bags/eight_bag_reframed) by extension 'python_setup_py'
[0.148s] Level 1:colcon.colcon_core.package_identification:_identify(bags/square_bag_sim) by extensions ['ignore', 'ignore_ament_install']
[0.149s] Level 1:colcon.colcon_core.package_identification:_identify(bags/square_bag_sim) by extension 'ignore'
[0.149s] Level 1:colcon.colcon_core.package_identification:_identify(bags/square_bag_sim) by extension 'ignore_ament_install'
[0.149s] Level 1:colcon.colcon_core.package_identification:_identify(bags/square_bag_sim) by extensions ['colcon_pkg']
[0.149s] Level 1:colcon.colcon_core.package_identification:_identify(bags/square_bag_sim) by extension 'colcon_pkg'
[0.149s] Level 1:colcon.colcon_core.package_identification:_identify(bags/square_bag_sim) by extensions ['colcon_meta']
[0.149s] Level 1:colcon.colcon_core.package_identification:_identify(bags/square_bag_sim) by extension 'colcon_meta'
[0.149s] Level 1:colcon.colcon_core.package_identification:_identify(bags/square_bag_sim) by extensions ['ros']
[0.149s] Level 1:colcon.colcon_core.package_identification:_identify(bags/square_bag_sim) by extension 'ros'
[0.149s] Level 1:colcon.colcon_core.package_identification:_identify(bags/square_bag_sim) by extensions ['cmake', 'python']
[0.149s] Level 1:colcon.colcon_core.package_identification:_identify(bags/square_bag_sim) by extension 'cmake'
[0.149s] Level 1:colcon.colcon_core.package_identification:_identify(bags/square_bag_sim) by extension 'python'
[0.149s] Level 1:colcon.colcon_core.package_identification:_identify(bags/square_bag_sim) by extensions ['python_setup_py']
[0.149s] Level 1:colcon.colcon_core.package_identification:_identify(bags/square_bag_sim) by extension 'python_setup_py'
[0.149s] Level 1:colcon.colcon_core.package_identification:_identify(bags/squared_bag) by extensions ['ignore', 'ignore_ament_install']
[0.149s] Level 1:colcon.colcon_core.package_identification:_identify(bags/squared_bag) by extension 'ignore'
[0.149s] Level 1:colcon.colcon_core.package_identification:_identify(bags/squared_bag) by extension 'ignore_ament_install'
[0.149s] Level 1:colcon.colcon_core.package_identification:_identify(bags/squared_bag) by extensions ['colcon_pkg']
[0.149s] Level 1:colcon.colcon_core.package_identification:_identify(bags/squared_bag) by extension 'colcon_pkg'
[0.149s] Level 1:colcon.colcon_core.package_identification:_identify(bags/squared_bag) by extensions ['colcon_meta']
[0.149s] Level 1:colcon.colcon_core.package_identification:_identify(bags/squared_bag) by extension 'colcon_meta'
[0.149s] Level 1:colcon.colcon_core.package_identification:_identify(bags/squared_bag) by extensions ['ros']
[0.149s] Level 1:colcon.colcon_core.package_identification:_identify(bags/squared_bag) by extension 'ros'
[0.149s] Level 1:colcon.colcon_core.package_identification:_identify(bags/squared_bag) by extensions ['cmake', 'python']
[0.149s] Level 1:colcon.colcon_core.package_identification:_identify(bags/squared_bag) by extension 'cmake'
[0.149s] Level 1:colcon.colcon_core.package_identification:_identify(bags/squared_bag) by extension 'python'
[0.149s] Level 1:colcon.colcon_core.package_identification:_identify(bags/squared_bag) by extensions ['python_setup_py']
[0.150s] Level 1:colcon.colcon_core.package_identification:_identify(bags/squared_bag) by extension 'python_setup_py'
[0.150s] Level 1:colcon.colcon_core.package_identification:_identify(bags/squared_bag_reframed) by extensions ['ignore', 'ignore_ament_install']
[0.150s] Level 1:colcon.colcon_core.package_identification:_identify(bags/squared_bag_reframed) by extension 'ignore'
[0.150s] Level 1:colcon.colcon_core.package_identification:_identify(bags/squared_bag_reframed) by extension 'ignore_ament_install'
[0.150s] Level 1:colcon.colcon_core.package_identification:_identify(bags/squared_bag_reframed) by extensions ['colcon_pkg']
[0.150s] Level 1:colcon.colcon_core.package_identification:_identify(bags/squared_bag_reframed) by extension 'colcon_pkg'
[0.150s] Level 1:colcon.colcon_core.package_identification:_identify(bags/squared_bag_reframed) by extensions ['colcon_meta']
[0.150s] Level 1:colcon.colcon_core.package_identification:_identify(bags/squared_bag_reframed) by extension 'colcon_meta'
[0.150s] Level 1:colcon.colcon_core.package_identification:_identify(bags/squared_bag_reframed) by extensions ['ros']
[0.150s] Level 1:colcon.colcon_core.package_identification:_identify(bags/squared_bag_reframed) by extension 'ros'
[0.150s] Level 1:colcon.colcon_core.package_identification:_identify(bags/squared_bag_reframed) by extensions ['cmake', 'python']
[0.150s] Level 1:colcon.colcon_core.package_identification:_identify(bags/squared_bag_reframed) by extension 'cmake'
[0.150s] Level 1:colcon.colcon_core.package_identification:_identify(bags/squared_bag_reframed) by extension 'python'
[0.150s] Level 1:colcon.colcon_core.package_identification:_identify(bags/squared_bag_reframed) by extensions ['python_setup_py']
[0.150s] Level 1:colcon.colcon_core.package_identification:_identify(bags/squared_bag_reframed) by extension 'python_setup_py'
[0.150s] Level 1:colcon.colcon_core.package_identification:_identify(build) by extensions ['ignore', 'ignore_ament_install']
[0.150s] Level 1:colcon.colcon_core.package_identification:_identify(build) by extension 'ignore'
[0.150s] Level 1:colcon.colcon_core.package_identification:_identify(build) ignored
[0.150s] Level 1:colcon.colcon_core.package_identification:_identify(install) by extensions ['ignore', 'ignore_ament_install']
[0.150s] Level 1:colcon.colcon_core.package_identification:_identify(install) by extension 'ignore'
[0.151s] Level 1:colcon.colcon_core.package_identification:_identify(install) ignored
[0.151s] Level 1:colcon.colcon_core.package_identification:_identify(log) by extensions ['ignore', 'ignore_ament_install']
[0.151s] Level 1:colcon.colcon_core.package_identification:_identify(log) by extension 'ignore'
[0.151s] Level 1:colcon.colcon_core.package_identification:_identify(log) ignored
[0.151s] Level 1:colcon.colcon_core.package_identification:_identify(src) by extensions ['ignore', 'ignore_ament_install']
[0.151s] Level 1:colcon.colcon_core.package_identification:_identify(src) by extension 'ignore'
[0.151s] Level 1:colcon.colcon_core.package_identification:_identify(src) by extension 'ignore_ament_install'
[0.151s] Level 1:colcon.colcon_core.package_identification:_identify(src) by extensions ['colcon_pkg']
[0.151s] Level 1:colcon.colcon_core.package_identification:_identify(src) by extension 'colcon_pkg'
[0.151s] Level 1:colcon.colcon_core.package_identification:_identify(src) by extensions ['colcon_meta']
[0.151s] Level 1:colcon.colcon_core.package_identification:_identify(src) by extension 'colcon_meta'
[0.151s] Level 1:colcon.colcon_core.package_identification:_identify(src) by extensions ['ros']
[0.151s] Level 1:colcon.colcon_core.package_identification:_identify(src) by extension 'ros'
[0.151s] Level 1:colcon.colcon_core.package_identification:_identify(src) by extensions ['cmake', 'python']
[0.151s] Level 1:colcon.colcon_core.package_identification:_identify(src) by extension 'cmake'
[0.151s] Level 1:colcon.colcon_core.package_identification:_identify(src) by extension 'python'
[0.151s] Level 1:colcon.colcon_core.package_identification:_identify(src) by extensions ['python_setup_py']
[0.151s] Level 1:colcon.colcon_core.package_identification:_identify(src) by extension 'python_setup_py'
[0.152s] Level 1:colcon.colcon_core.package_identification:_identify(src/generated_bags) by extensions ['ignore', 'ignore_ament_install']
[0.152s] Level 1:colcon.colcon_core.package_identification:_identify(src/generated_bags) by extension 'ignore'
[0.152s] Level 1:colcon.colcon_core.package_identification:_identify(src/generated_bags) by extension 'ignore_ament_install'
[0.152s] Level 1:colcon.colcon_core.package_identification:_identify(src/generated_bags) by extensions ['colcon_pkg']
[0.152s] Level 1:colcon.colcon_core.package_identification:_identify(src/generated_bags) by extension 'colcon_pkg'
[0.152s] Level 1:colcon.colcon_core.package_identification:_identify(src/generated_bags) by extensions ['colcon_meta']
[0.152s] Level 1:colcon.colcon_core.package_identification:_identify(src/generated_bags) by extension 'colcon_meta'
[0.152s] Level 1:colcon.colcon_core.package_identification:_identify(src/generated_bags) by extensions ['ros']
[0.152s] Level 1:colcon.colcon_core.package_identification:_identify(src/generated_bags) by extension 'ros'
[0.152s] Level 1:colcon.colcon_core.package_identification:_identify(src/generated_bags) by extensions ['cmake', 'python']
[0.152s] Level 1:colcon.colcon_core.package_identification:_identify(src/generated_bags) by extension 'cmake'
[0.152s] Level 1:colcon.colcon_core.package_identification:_identify(src/generated_bags) by extension 'python'
[0.152s] Level 1:colcon.colcon_core.package_identification:_identify(src/generated_bags) by extensions ['python_setup_py']
[0.152s] Level 1:colcon.colcon_core.package_identification:_identify(src/generated_bags) by extension 'python_setup_py'
[0.152s] Level 1:colcon.colcon_core.package_identification:_identify(src/generated_bags/full_bag_nav) by extensions ['ignore', 'ignore_ament_install']
[0.152s] Level 1:colcon.colcon_core.package_identification:_identify(src/generated_bags/full_bag_nav) by extension 'ignore'
[0.152s] Level 1:colcon.colcon_core.package_identification:_identify(src/generated_bags/full_bag_nav) by extension 'ignore_ament_install'
[0.152s] Level 1:colcon.colcon_core.package_identification:_identify(src/generated_bags/full_bag_nav) by extensions ['colcon_pkg']
[0.152s] Level 1:colcon.colcon_core.package_identification:_identify(src/generated_bags/full_bag_nav) by extension 'colcon_pkg'
[0.152s] Level 1:colcon.colcon_core.package_identification:_identify(src/generated_bags/full_bag_nav) by extensions ['colcon_meta']
[0.152s] Level 1:colcon.colcon_core.package_identification:_identify(src/generated_bags/full_bag_nav) by extension 'colcon_meta'
[0.152s] Level 1:colcon.colcon_core.package_identification:_identify(src/generated_bags/full_bag_nav) by extensions ['ros']
[0.152s] Level 1:colcon.colcon_core.package_identification:_identify(src/generated_bags/full_bag_nav) by extension 'ros'
[0.152s] Level 1:colcon.colcon_core.package_identification:_identify(src/generated_bags/full_bag_nav) by extensions ['cmake', 'python']
[0.152s] Level 1:colcon.colcon_core.package_identification:_identify(src/generated_bags/full_bag_nav) by extension 'cmake'
[0.153s] Level 1:colcon.colcon_core.package_identification:_identify(src/generated_bags/full_bag_nav) by extension 'python'
[0.153s] Level 1:colcon.colcon_core.package_identification:_identify(src/generated_bags/full_bag_nav) by extensions ['python_setup_py']
[0.153s] Level 1:colcon.colcon_core.package_identification:_identify(src/generated_bags/full_bag_nav) by extension 'python_setup_py'
[0.153s] Level 1:colcon.colcon_core.package_identification:_identify(src/generated_bags/scan_today_bag) by extensions ['ignore', 'ignore_ament_install']
[0.153s] Level 1:colcon.colcon_core.package_identification:_identify(src/generated_bags/scan_today_bag) by extension 'ignore'
[0.153s] Level 1:colcon.colcon_core.package_identification:_identify(src/generated_bags/scan_today_bag) by extension 'ignore_ament_install'
[0.153s] Level 1:colcon.colcon_core.package_identification:_identify(src/generated_bags/scan_today_bag) by extensions ['colcon_pkg']
[0.153s] Level 1:colcon.colcon_core.package_identification:_identify(src/generated_bags/scan_today_bag) by extension 'colcon_pkg'
[0.153s] Level 1:colcon.colcon_core.package_identification:_identify(src/generated_bags/scan_today_bag) by extensions ['colcon_meta']
[0.153s] Level 1:colcon.colcon_core.package_identification:_identify(src/generated_bags/scan_today_bag) by extension 'colcon_meta'
[0.153s] Level 1:colcon.colcon_core.package_identification:_identify(src/generated_bags/scan_today_bag) by extensions ['ros']
[0.153s] Level 1:colcon.colcon_core.package_identification:_identify(src/generated_bags/scan_today_bag) by extension 'ros'
[0.153s] Level 1:colcon.colcon_core.package_identification:_identify(src/generated_bags/scan_today_bag) by extensions ['cmake', 'python']
[0.153s] Level 1:colcon.colcon_core.package_identification:_identify(src/generated_bags/scan_today_bag) by extension 'cmake'
[0.153s] Level 1:colcon.colcon_core.package_identification:_identify(src/generated_bags/scan_today_bag) by extension 'python'
[0.153s] Level 1:colcon.colcon_core.package_identification:_identify(src/generated_bags/scan_today_bag) by extensions ['python_setup_py']
[0.153s] Level 1:colcon.colcon_core.package_identification:_identify(src/generated_bags/scan_today_bag) by extension 'python_setup_py'
[0.153s] Level 1:colcon.colcon_core.package_identification:_identify(src/generated_bags/speed) by extensions ['ignore', 'ignore_ament_install']
[0.153s] Level 1:colcon.colcon_core.package_identification:_identify(src/generated_bags/speed) by extension 'ignore'
[0.153s] Level 1:colcon.colcon_core.package_identification:_identify(src/generated_bags/speed) by extension 'ignore_ament_install'
[0.153s] Level 1:colcon.colcon_core.package_identification:_identify(src/generated_bags/speed) by extensions ['colcon_pkg']
[0.153s] Level 1:colcon.colcon_core.package_identification:_identify(src/generated_bags/speed) by extension 'colcon_pkg'
[0.154s] Level 1:colcon.colcon_core.package_identification:_identify(src/generated_bags/speed) by extensions ['colcon_meta']
[0.154s] Level 1:colcon.colcon_core.package_identification:_identify(src/generated_bags/speed) by extension 'colcon_meta'
[0.154s] Level 1:colcon.colcon_core.package_identification:_identify(src/generated_bags/speed) by extensions ['ros']
[0.154s] Level 1:colcon.colcon_core.package_identification:_identify(src/generated_bags/speed) by extension 'ros'
[0.154s] Level 1:colcon.colcon_core.package_identification:_identify(src/generated_bags/speed) by extensions ['cmake', 'python']
[0.154s] Level 1:colcon.colcon_core.package_identification:_identify(src/generated_bags/speed) by extension 'cmake'
[0.154s] Level 1:colcon.colcon_core.package_identification:_identify(src/generated_bags/speed) by extension 'python'
[0.154s] Level 1:colcon.colcon_core.package_identification:_identify(src/generated_bags/speed) by extensions ['python_setup_py']
[0.154s] Level 1:colcon.colcon_core.package_identification:_identify(src/generated_bags/speed) by extension 'python_setup_py'
[0.154s] Level 1:colcon.colcon_core.package_identification:_identify(src/generated_bags/test_bag) by extensions ['ignore', 'ignore_ament_install']
[0.154s] Level 1:colcon.colcon_core.package_identification:_identify(src/generated_bags/test_bag) by extension 'ignore'
[0.154s] Level 1:colcon.colcon_core.package_identification:_identify(src/generated_bags/test_bag) by extension 'ignore_ament_install'
[0.154s] Level 1:colcon.colcon_core.package_identification:_identify(src/generated_bags/test_bag) by extensions ['colcon_pkg']
[0.154s] Level 1:colcon.colcon_core.package_identification:_identify(src/generated_bags/test_bag) by extension 'colcon_pkg'
[0.154s] Level 1:colcon.colcon_core.package_identification:_identify(src/generated_bags/test_bag) by extensions ['colcon_meta']
[0.154s] Level 1:colcon.colcon_core.package_identification:_identify(src/generated_bags/test_bag) by extension 'colcon_meta'
[0.154s] Level 1:colcon.colcon_core.package_identification:_identify(src/generated_bags/test_bag) by extensions ['ros']
[0.154s] Level 1:colcon.colcon_core.package_identification:_identify(src/generated_bags/test_bag) by extension 'ros'
[0.154s] Level 1:colcon.colcon_core.package_identification:_identify(src/generated_bags/test_bag) by extensions ['cmake', 'python']
[0.154s] Level 1:colcon.colcon_core.package_identification:_identify(src/generated_bags/test_bag) by extension 'cmake'
[0.154s] Level 1:colcon.colcon_core.package_identification:_identify(src/generated_bags/test_bag) by extension 'python'
[0.154s] Level 1:colcon.colcon_core.package_identification:_identify(src/generated_bags/test_bag) by extensions ['python_setup_py']
[0.154s] Level 1:colcon.colcon_core.package_identification:_identify(src/generated_bags/test_bag) by extension 'python_setup_py'
[0.154s] Level 1:colcon.colcon_core.package_identification:_identify(src/mlmodels) by extensions ['ignore', 'ignore_ament_install']
[0.154s] Level 1:colcon.colcon_core.package_identification:_identify(src/mlmodels) by extension 'ignore'
[0.155s] Level 1:colcon.colcon_core.package_identification:_identify(src/mlmodels) by extension 'ignore_ament_install'
[0.155s] Level 1:colcon.colcon_core.package_identification:_identify(src/mlmodels) by extensions ['colcon_pkg']
[0.155s] Level 1:colcon.colcon_core.package_identification:_identify(src/mlmodels) by extension 'colcon_pkg'
[0.155s] Level 1:colcon.colcon_core.package_identification:_identify(src/mlmodels) by extensions ['colcon_meta']
[0.155s] Level 1:colcon.colcon_core.package_identification:_identify(src/mlmodels) by extension 'colcon_meta'
[0.155s] Level 1:colcon.colcon_core.package_identification:_identify(src/mlmodels) by extensions ['ros']
[0.155s] Level 1:colcon.colcon_core.package_identification:_identify(src/mlmodels) by extension 'ros'
[0.155s] Level 1:colcon.colcon_core.package_identification:_identify(src/mlmodels) by extensions ['cmake', 'python']
[0.155s] Level 1:colcon.colcon_core.package_identification:_identify(src/mlmodels) by extension 'cmake'
[0.155s] Level 1:colcon.colcon_core.package_identification:_identify(src/mlmodels) by extension 'python'
[0.155s] Level 1:colcon.colcon_core.package_identification:_identify(src/mlmodels) by extensions ['python_setup_py']
[0.155s] Level 1:colcon.colcon_core.package_identification:_identify(src/mlmodels) by extension 'python_setup_py'
[0.155s] Level 1:colcon.colcon_core.package_identification:_identify(src/navigation_testing) by extensions ['ignore', 'ignore_ament_install']
[0.155s] Level 1:colcon.colcon_core.package_identification:_identify(src/navigation_testing) by extension 'ignore'
[0.155s] Level 1:colcon.colcon_core.package_identification:_identify(src/navigation_testing) by extension 'ignore_ament_install'
[0.155s] Level 1:colcon.colcon_core.package_identification:_identify(src/navigation_testing) by extensions ['colcon_pkg']
[0.155s] Level 1:colcon.colcon_core.package_identification:_identify(src/navigation_testing) by extension 'colcon_pkg'
[0.155s] Level 1:colcon.colcon_core.package_identification:_identify(src/navigation_testing) by extensions ['colcon_meta']
[0.155s] Level 1:colcon.colcon_core.package_identification:_identify(src/navigation_testing) by extension 'colcon_meta'
[0.155s] Level 1:colcon.colcon_core.package_identification:_identify(src/navigation_testing) by extensions ['ros']
[0.155s] Level 1:colcon.colcon_core.package_identification:_identify(src/navigation_testing) by extension 'ros'
[0.157s] DEBUG:colcon.colcon_core.package_identification:Package 'src/navigation_testing' with type 'ros.ament_python' and name 'navigation_testing'
[0.157s] Level 1:colcon.colcon_core.package_identification:_identify(src/ros2bag_convert) by extensions ['ignore', 'ignore_ament_install']
[0.157s] Level 1:colcon.colcon_core.package_identification:_identify(src/ros2bag_convert) by extension 'ignore'
[0.158s] Level 1:colcon.colcon_core.package_identification:_identify(src/ros2bag_convert) by extension 'ignore_ament_install'
[0.158s] Level 1:colcon.colcon_core.package_identification:_identify(src/ros2bag_convert) by extensions ['colcon_pkg']
[0.158s] Level 1:colcon.colcon_core.package_identification:_identify(src/ros2bag_convert) by extension 'colcon_pkg'
[0.158s] Level 1:colcon.colcon_core.package_identification:_identify(src/ros2bag_convert) by extensions ['colcon_meta']
[0.158s] Level 1:colcon.colcon_core.package_identification:_identify(src/ros2bag_convert) by extension 'colcon_meta'
[0.158s] Level 1:colcon.colcon_core.package_identification:_identify(src/ros2bag_convert) by extensions ['ros']
[0.158s] Level 1:colcon.colcon_core.package_identification:_identify(src/ros2bag_convert) by extension 'ros'
[0.158s] DEBUG:colcon.colcon_core.package_identification:Package 'src/ros2bag_convert' with type 'ros.ament_python' and name 'ros2bag_convert'
[0.158s] Level 1:colcon.colcon_core.package_discovery:discover_packages(recursive) using defaults
[0.158s] Level 1:colcon.colcon_core.package_discovery:discover_packages(ignore) discover
[0.158s] Level 1:colcon.colcon_core.package_discovery:discover_packages(ignore) using defaults
[0.158s] Level 1:colcon.colcon_core.package_discovery:discover_packages(path) discover
[0.158s] Level 1:colcon.colcon_core.package_discovery:discover_packages(path) using defaults
[0.176s] Level 1:colcon.colcon_core.package_discovery:discover_packages(prefix_path) check parameters
[0.176s] Level 1:colcon.colcon_core.package_discovery:discover_packages(prefix_path) discover
[0.178s] DEBUG:colcon.colcon_installed_package_information.package_discovery:Found 3 installed packages in /home/filipe/thesis/ros2_selfdriving/install
[0.179s] DEBUG:colcon.colcon_installed_package_information.package_discovery:Found 387 installed packages in /opt/ros/humble
[0.180s] Level 1:colcon.colcon_core.package_discovery:discover_packages(prefix_path) using defaults
[0.219s] Level 5:colcon.colcon_core.verb:set package 'navigation_testing' build argument 'cmake_args' from command line to 'None'
[0.219s] Level 5:colcon.colcon_core.verb:set package 'navigation_testing' build argument 'cmake_target' from command line to 'None'
[0.219s] Level 5:colcon.colcon_core.verb:set package 'navigation_testing' build argument 'cmake_target_skip_unavailable' from command line to 'False'
[0.219s] Level 5:colcon.colcon_core.verb:set package 'navigation_testing' build argument 'cmake_clean_cache' from command line to 'False'
[0.219s] Level 5:colcon.colcon_core.verb:set package 'navigation_testing' build argument 'cmake_clean_first' from command line to 'False'
[0.219s] Level 5:colcon.colcon_core.verb:set package 'navigation_testing' build argument 'cmake_force_configure' from command line to 'False'
[0.219s] Level 5:colcon.colcon_core.verb:set package 'navigation_testing' build argument 'ament_cmake_args' from command line to 'None'
[0.219s] Level 5:colcon.colcon_core.verb:set package 'navigation_testing' build argument 'catkin_cmake_args' from command line to 'None'
[0.219s] Level 5:colcon.colcon_core.verb:set package 'navigation_testing' build argument 'catkin_skip_building_tests' from command line to 'False'
[0.219s] DEBUG:colcon.colcon_core.verb:Building package 'navigation_testing' with the following arguments: {'ament_cmake_args': None, 'build_base': '/home/filipe/thesis/ros2_selfdriving/build/navigation_testing', 'catkin_cmake_args': None, 'catkin_skip_building_tests': False, 'cmake_args': None, 'cmake_clean_cache': False, 'cmake_clean_first': False, 'cmake_force_configure': False, 'cmake_target': None, 'cmake_target_skip_unavailable': False, 'install_base': '/home/filipe/thesis/ros2_selfdriving/install/navigation_testing', 'merge_install': False, 'path': '/home/filipe/thesis/ros2_selfdriving/src/navigation_testing', 'symlink_install': False, 'test_result_base': None}
[0.219s] Level 5:colcon.colcon_core.verb:set package 'ros2bag_convert' build argument 'cmake_args' from command line to 'None'
[0.219s] Level 5:colcon.colcon_core.verb:set package 'ros2bag_convert' build argument 'cmake_target' from command line to 'None'
[0.219s] Level 5:colcon.colcon_core.verb:set package 'ros2bag_convert' build argument 'cmake_target_skip_unavailable' from command line to 'False'
[0.219s] Level 5:colcon.colcon_core.verb:set package 'ros2bag_convert' build argument 'cmake_clean_cache' from command line to 'False'
[0.219s] Level 5:colcon.colcon_core.verb:set package 'ros2bag_convert' build argument 'cmake_clean_first' from command line to 'False'
[0.219s] Level 5:colcon.colcon_core.verb:set package 'ros2bag_convert' build argument 'cmake_force_configure' from command line to 'False'
[0.219s] Level 5:colcon.colcon_core.verb:set package 'ros2bag_convert' build argument 'ament_cmake_args' from command line to 'None'
[0.219s] Level 5:colcon.colcon_core.verb:set package 'ros2bag_convert' build argument 'catkin_cmake_args' from command line to 'None'
[0.220s] Level 5:colcon.colcon_core.verb:set package 'ros2bag_convert' build argument 'catkin_skip_building_tests' from command line to 'False'
[0.220s] DEBUG:colcon.colcon_core.verb:Building package 'ros2bag_convert' with the following arguments: {'ament_cmake_args': None, 'build_base': '/home/filipe/thesis/ros2_selfdriving/build/ros2bag_convert', 'catkin_cmake_args': None, 'catkin_skip_building_tests': False, 'cmake_args': None, 'cmake_clean_cache': False, 'cmake_clean_first': False, 'cmake_force_configure': False, 'cmake_target': None, 'cmake_target_skip_unavailable': False, 'install_base': '/home/filipe/thesis/ros2_selfdriving/install/ros2bag_convert', 'merge_install': False, 'path': '/home/filipe/thesis/ros2_selfdriving/src/ros2bag_convert', 'symlink_install': False, 'test_result_base': None}
[0.220s] INFO:colcon.colcon_core.executor:Executing jobs using 'parallel' executor
[0.221s] DEBUG:colcon.colcon_parallel_executor.executor.parallel:run_until_complete
[0.221s] INFO:colcon.colcon_ros.task.ament_python.build:Building ROS package in '/home/filipe/thesis/ros2_selfdriving/src/navigation_testing' with build type 'ament_python'
[0.221s] Level 1:colcon.colcon_core.shell:create_environment_hook('navigation_testing', 'ament_prefix_path')
[0.223s] INFO:colcon.colcon_core.plugin_system:Skipping extension 'colcon_core.shell.bat': Not used on non-Windows systems
[0.223s] INFO:colcon.colcon_core.shell:Creating environment hook '/home/filipe/thesis/ros2_selfdriving/install/navigation_testing/share/navigation_testing/hook/ament_prefix_path.ps1'
[0.223s] INFO:colcon.colcon_core.shell:Creating environment descriptor '/home/filipe/thesis/ros2_selfdriving/install/navigation_testing/share/navigation_testing/hook/ament_prefix_path.dsv'
[0.224s] INFO:colcon.colcon_core.shell:Creating environment hook '/home/filipe/thesis/ros2_selfdriving/install/navigation_testing/share/navigation_testing/hook/ament_prefix_path.sh'
[0.225s] INFO:colcon.colcon_core.shell:Skip shell extension 'powershell' for command environment: Not usable outside of PowerShell
[0.225s] DEBUG:colcon.colcon_core.shell:Skip shell extension 'dsv' for command environment
[0.228s] INFO:colcon.colcon_ros.task.ament_python.build:Building ROS package in '/home/filipe/thesis/ros2_selfdriving/src/ros2bag_convert' with build type 'ament_python'
[0.228s] Level 1:colcon.colcon_core.shell:create_environment_hook('ros2bag_convert', 'ament_prefix_path')
[0.228s] INFO:colcon.colcon_core.shell:Creating environment hook '/home/filipe/thesis/ros2_selfdriving/install/ros2bag_convert/share/ros2bag_convert/hook/ament_prefix_path.ps1'
[0.229s] INFO:colcon.colcon_core.shell:Creating environment descriptor '/home/filipe/thesis/ros2_selfdriving/install/ros2bag_convert/share/ros2bag_convert/hook/ament_prefix_path.dsv'
[0.229s] INFO:colcon.colcon_core.shell:Creating environment hook '/home/filipe/thesis/ros2_selfdriving/install/ros2bag_convert/share/ros2bag_convert/hook/ament_prefix_path.sh'
[0.230s] INFO:colcon.colcon_core.shell:Skip shell extension 'powershell' for command environment: Not usable outside of PowerShell
[0.230s] DEBUG:colcon.colcon_core.shell:Skip shell extension 'dsv' for command environment
[0.433s] INFO:colcon.colcon_core.task.python.build:Building Python package in '/home/filipe/thesis/ros2_selfdriving/src/navigation_testing'
[0.434s] INFO:colcon.colcon_core.shell:Skip shell extension 'powershell' for command environment: Not usable outside of PowerShell
[0.434s] DEBUG:colcon.colcon_core.shell:Skip shell extension 'dsv' for command environment
[0.640s] WARNING:colcon.colcon_ros.task.ament_python.build:Package 'ros2bag_convert' doesn't explicitly install a marker in the package index (colcon-ros currently does it implicitly but that fallback will be removed in the future)
[0.640s] WARNING:colcon.colcon_ros.task.ament_python.build:Package 'ros2bag_convert' doesn't explicitly install the 'package.xml' file (colcon-ros currently does it implicitly but that fallback will be removed in the future)
[0.640s] INFO:colcon.colcon_core.task.python.build:Building Python package in '/home/filipe/thesis/ros2_selfdriving/src/ros2bag_convert'
[0.640s] INFO:colcon.colcon_core.shell:Skip shell extension 'powershell' for command environment: Not usable outside of PowerShell
[0.641s] DEBUG:colcon.colcon_core.shell:Skip shell extension 'dsv' for command environment
[1.229s] DEBUG:colcon.colcon_core.event_handler.log_command:Invoking command in '/home/filipe/thesis/ros2_selfdriving/src/navigation_testing': PYTHONPATH=/home/filipe/thesis/ros2_selfdriving/build/navigation_testing/prefix_override:/usr/lib/python3/dist-packages/colcon_core/task/python/colcon_distutils_commands:/home/filipe/thesis/ros2_selfdriving/install/navigation_testing/lib/python3.10/site-packages:${PYTHONPATH} /usr/bin/python3 -W ignore:setup.py install is deprecated setup.py egg_info --egg-base ../../build/navigation_testing build --build-base /home/filipe/thesis/ros2_selfdriving/build/navigation_testing/build install --record /home/filipe/thesis/ros2_selfdriving/build/navigation_testing/install.log --single-version-externally-managed install_data
[1.275s] DEBUG:colcon.colcon_core.event_handler.log_command:Invoking command in '/home/filipe/thesis/ros2_selfdriving/src/ros2bag_convert': PYTHONPATH=/home/filipe/thesis/ros2_selfdriving/build/ros2bag_convert/prefix_override:/usr/lib/python3/dist-packages/colcon_core/task/python/colcon_distutils_commands:/home/filipe/thesis/ros2_selfdriving/install/ros2bag_convert/lib/python3.10/site-packages:${PYTHONPATH} /usr/bin/python3 -W ignore:setup.py install is deprecated setup.py egg_info --egg-base ../../build/ros2bag_convert build --build-base /home/filipe/thesis/ros2_selfdriving/build/ros2bag_convert/build install --record /home/filipe/thesis/ros2_selfdriving/build/ros2bag_convert/install.log --single-version-externally-managed
[1.802s] DEBUG:colcon.colcon_core.event_handler.log_command:Invoked command in '/home/filipe/thesis/ros2_selfdriving/src/ros2bag_convert' returned '0': PYTHONPATH=/home/filipe/thesis/ros2_selfdriving/build/ros2bag_convert/prefix_override:/usr/lib/python3/dist-packages/colcon_core/task/python/colcon_distutils_commands:/home/filipe/thesis/ros2_selfdriving/install/ros2bag_convert/lib/python3.10/site-packages:${PYTHONPATH} /usr/bin/python3 -W ignore:setup.py install is deprecated setup.py egg_info --egg-base ../../build/ros2bag_convert build --build-base /home/filipe/thesis/ros2_selfdriving/build/ros2bag_convert/build install --record /home/filipe/thesis/ros2_selfdriving/build/ros2bag_convert/install.log --single-version-externally-managed
[1.804s] Level 1:colcon.colcon_core.environment:checking '/home/filipe/thesis/ros2_selfdriving/install/ros2bag_convert' for CMake module files
[1.805s] Level 1:colcon.colcon_core.environment:checking '/home/filipe/thesis/ros2_selfdriving/install/ros2bag_convert' for CMake config files
[1.805s] Level 1:colcon.colcon_core.environment:checking '/home/filipe/thesis/ros2_selfdriving/install/ros2bag_convert/lib'
[1.806s] Level 1:colcon.colcon_core.environment:checking '/home/filipe/thesis/ros2_selfdriving/install/ros2bag_convert/bin'
[1.806s] Level 1:colcon.colcon_core.environment:checking '/home/filipe/thesis/ros2_selfdriving/install/ros2bag_convert/lib/pkgconfig/ros2bag_convert.pc'
[1.806s] Level 1:colcon.colcon_core.environment:checking '/home/filipe/thesis/ros2_selfdriving/install/ros2bag_convert/lib/python3.10/site-packages'
[1.806s] Level 1:colcon.colcon_core.shell:create_environment_hook('ros2bag_convert', 'pythonpath')
[1.806s] INFO:colcon.colcon_core.shell:Creating environment hook '/home/filipe/thesis/ros2_selfdriving/install/ros2bag_convert/share/ros2bag_convert/hook/pythonpath.ps1'
[1.807s] INFO:colcon.colcon_core.shell:Creating environment descriptor '/home/filipe/thesis/ros2_selfdriving/install/ros2bag_convert/share/ros2bag_convert/hook/pythonpath.dsv'
[1.807s] INFO:colcon.colcon_core.shell:Creating environment hook '/home/filipe/thesis/ros2_selfdriving/install/ros2bag_convert/share/ros2bag_convert/hook/pythonpath.sh'
[1.807s] Level 1:colcon.colcon_core.environment:checking '/home/filipe/thesis/ros2_selfdriving/install/ros2bag_convert/bin'
[1.807s] Level 1:colcon.colcon_core.environment:create_environment_scripts_only(ros2bag_convert)
[1.808s] INFO:colcon.colcon_core.shell:Creating package script '/home/filipe/thesis/ros2_selfdriving/install/ros2bag_convert/share/ros2bag_convert/package.ps1'
[1.808s] INFO:colcon.colcon_core.shell:Creating package descriptor '/home/filipe/thesis/ros2_selfdriving/install/ros2bag_convert/share/ros2bag_convert/package.dsv'
[1.809s] INFO:colcon.colcon_core.shell:Creating package script '/home/filipe/thesis/ros2_selfdriving/install/ros2bag_convert/share/ros2bag_convert/package.sh'
[1.809s] INFO:colcon.colcon_core.shell:Creating package script '/home/filipe/thesis/ros2_selfdriving/install/ros2bag_convert/share/ros2bag_convert/package.bash'
[1.810s] INFO:colcon.colcon_core.shell:Creating package script '/home/filipe/thesis/ros2_selfdriving/install/ros2bag_convert/share/ros2bag_convert/package.zsh'
[1.810s] Level 1:colcon.colcon_core.environment:create_file_with_runtime_dependencies(/home/filipe/thesis/ros2_selfdriving/install/ros2bag_convert/share/colcon-core/packages/ros2bag_convert)
[1.811s] Level 1:colcon.colcon_core.environment:checking '/home/filipe/thesis/ros2_selfdriving/install/navigation_testing' for CMake module files
[1.812s] DEBUG:colcon.colcon_core.event_handler.log_command:Invoked command in '/home/filipe/thesis/ros2_selfdriving/src/navigation_testing' returned '0': PYTHONPATH=/home/filipe/thesis/ros2_selfdriving/build/navigation_testing/prefix_override:/usr/lib/python3/dist-packages/colcon_core/task/python/colcon_distutils_commands:/home/filipe/thesis/ros2_selfdriving/install/navigation_testing/lib/python3.10/site-packages:${PYTHONPATH} /usr/bin/python3 -W ignore:setup.py install is deprecated setup.py egg_info --egg-base ../../build/navigation_testing build --build-base /home/filipe/thesis/ros2_selfdriving/build/navigation_testing/build install --record /home/filipe/thesis/ros2_selfdriving/build/navigation_testing/install.log --single-version-externally-managed install_data
[1.812s] Level 1:colcon.colcon_core.environment:checking '/home/filipe/thesis/ros2_selfdriving/install/navigation_testing' for CMake config files
[1.813s] Level 1:colcon.colcon_core.environment:checking '/home/filipe/thesis/ros2_selfdriving/install/navigation_testing/lib'
[1.813s] Level 1:colcon.colcon_core.environment:checking '/home/filipe/thesis/ros2_selfdriving/install/navigation_testing/bin'
[1.813s] Level 1:colcon.colcon_core.environment:checking '/home/filipe/thesis/ros2_selfdriving/install/navigation_testing/lib/pkgconfig/navigation_testing.pc'
[1.813s] Level 1:colcon.colcon_core.environment:checking '/home/filipe/thesis/ros2_selfdriving/install/navigation_testing/lib/python3.10/site-packages'
[1.813s] Level 1:colcon.colcon_core.shell:create_environment_hook('navigation_testing', 'pythonpath')
[1.813s] INFO:colcon.colcon_core.shell:Creating environment hook '/home/filipe/thesis/ros2_selfdriving/install/navigation_testing/share/navigation_testing/hook/pythonpath.ps1'
[1.814s] INFO:colcon.colcon_core.shell:Creating environment descriptor '/home/filipe/thesis/ros2_selfdriving/install/navigation_testing/share/navigation_testing/hook/pythonpath.dsv'
[1.814s] INFO:colcon.colcon_core.shell:Creating environment hook '/home/filipe/thesis/ros2_selfdriving/install/navigation_testing/share/navigation_testing/hook/pythonpath.sh'
[1.814s] Level 1:colcon.colcon_core.environment:checking '/home/filipe/thesis/ros2_selfdriving/install/navigation_testing/bin'
[1.814s] Level 1:colcon.colcon_core.environment:create_environment_scripts_only(navigation_testing)
[1.815s] INFO:colcon.colcon_core.shell:Creating package script '/home/filipe/thesis/ros2_selfdriving/install/navigation_testing/share/navigation_testing/package.ps1'
[1.815s] INFO:colcon.colcon_core.shell:Creating package descriptor '/home/filipe/thesis/ros2_selfdriving/install/navigation_testing/share/navigation_testing/package.dsv'
[1.815s] INFO:colcon.colcon_core.shell:Creating package script '/home/filipe/thesis/ros2_selfdriving/install/navigation_testing/share/navigation_testing/package.sh'
[1.816s] INFO:colcon.colcon_core.shell:Creating package script '/home/filipe/thesis/ros2_selfdriving/install/navigation_testing/share/navigation_testing/package.bash'
[1.816s] INFO:colcon.colcon_core.shell:Creating package script '/home/filipe/thesis/ros2_selfdriving/install/navigation_testing/share/navigation_testing/package.zsh'
[1.816s] Level 1:colcon.colcon_core.environment:create_file_with_runtime_dependencies(/home/filipe/thesis/ros2_selfdriving/install/navigation_testing/share/colcon-core/packages/navigation_testing)
[1.816s] DEBUG:colcon.colcon_parallel_executor.executor.parallel:closing loop
[1.817s] DEBUG:colcon.colcon_parallel_executor.executor.parallel:loop closed
[1.817s] DEBUG:colcon.colcon_parallel_executor.executor.parallel:run_until_complete finished with '0'
[1.817s] DEBUG:colcon.colcon_core.event_reactor:joining thread
[1.821s] INFO:colcon.colcon_core.plugin_system:Skipping extension 'colcon_notification.desktop_notification.terminal_notifier': Not used on non-Darwin systems
[1.821s] INFO:colcon.colcon_core.plugin_system:Skipping extension 'colcon_notification.desktop_notification.win32': Not used on non-Windows systems
[1.821s] INFO:colcon.colcon_notification.desktop_notification:Sending desktop notification using 'notify2'
[1.831s] DEBUG:colcon.colcon_core.event_reactor:joined thread
[1.832s] INFO:colcon.colcon_core.shell:Creating prefix script '/home/filipe/thesis/ros2_selfdriving/install/local_setup.ps1'
[1.833s] INFO:colcon.colcon_core.shell:Creating prefix util module '/home/filipe/thesis/ros2_selfdriving/install/_local_setup_util_ps1.py'
[1.834s] INFO:colcon.colcon_core.shell:Creating prefix chain script '/home/filipe/thesis/ros2_selfdriving/install/setup.ps1'
[1.835s] INFO:colcon.colcon_core.shell:Creating prefix script '/home/filipe/thesis/ros2_selfdriving/install/local_setup.sh'
[1.835s] INFO:colcon.colcon_core.shell:Creating prefix util module '/home/filipe/thesis/ros2_selfdriving/install/_local_setup_util_sh.py'
[1.836s] INFO:colcon.colcon_core.shell:Creating prefix chain script '/home/filipe/thesis/ros2_selfdriving/install/setup.sh'
[1.837s] INFO:colcon.colcon_core.shell:Creating prefix script '/home/filipe/thesis/ros2_selfdriving/install/local_setup.bash'
[1.848s] INFO:colcon.colcon_core.shell:Creating prefix chain script '/home/filipe/thesis/ros2_selfdriving/install/setup.bash'
[1.849s] INFO:colcon.colcon_core.shell:Creating prefix script '/home/filipe/thesis/ros2_selfdriving/install/local_setup.zsh'
[1.850s] INFO:colcon.colcon_core.shell:Creating prefix chain script '/home/filipe/thesis/ros2_selfdriving/install/setup.zsh'
