/home/rics/ros2_selfdriving/install/ros2bags/lib/python3.10/site-packages/ros2bag_convert/ros2bag_convert/read_bag.py
/home/rics/ros2_selfdriving/install/ros2bags/lib/python3.10/site-packages/ros2bag_convert/ros2bag_convert/__init__.py
/home/rics/ros2_selfdriving/install/ros2bags/lib/python3.10/site-packages/ros2bag_convert/ros2bag_convert/json_message_converter.py
/home/rics/ros2_selfdriving/install/ros2bags/lib/python3.10/site-packages/ros2bag_convert/ros2bag_convert/save_csv_file.py
/home/rics/ros2_selfdriving/install/ros2bags/lib/python3.10/site-packages/ros2bag_convert/ros2bag_convert/message_converter.py
/home/rics/ros2_selfdriving/install/ros2bags/lib/python3.10/site-packages/ros2bag_convert/main.py
/home/rics/ros2_selfdriving/install/ros2bags/lib/python3.10/site-packages/ros2bag_convert/__init__.py
/home/rics/ros2_selfdriving/install/ros2bags/lib/python3.10/site-packages/ros2bag_convert/ros2bag_convert/__pycache__/read_bag.cpython-310.pyc
/home/rics/ros2_selfdriving/install/ros2bags/lib/python3.10/site-packages/ros2bag_convert/ros2bag_convert/__pycache__/__init__.cpython-310.pyc
/home/rics/ros2_selfdriving/install/ros2bags/lib/python3.10/site-packages/ros2bag_convert/ros2bag_convert/__pycache__/json_message_converter.cpython-310.pyc
/home/rics/ros2_selfdriving/install/ros2bags/lib/python3.10/site-packages/ros2bag_convert/ros2bag_convert/__pycache__/save_csv_file.cpython-310.pyc
/home/rics/ros2_selfdriving/install/ros2bags/lib/python3.10/site-packages/ros2bag_convert/ros2bag_convert/__pycache__/message_converter.cpython-310.pyc
/home/rics/ros2_selfdriving/install/ros2bags/lib/python3.10/site-packages/ros2bag_convert/__pycache__/main.cpython-310.pyc
/home/rics/ros2_selfdriving/install/ros2bags/lib/python3.10/site-packages/ros2bag_convert/__pycache__/__init__.cpython-310.pyc
/home/rics/ros2_selfdriving/install/ros2bags/lib/python3.10/site-packages/ros2bag_convert-0.1.0-py3.10.egg-info/SOURCES.txt
/home/rics/ros2_selfdriving/install/ros2bags/lib/python3.10/site-packages/ros2bag_convert-0.1.0-py3.10.egg-info/PKG-INFO
/home/rics/ros2_selfdriving/install/ros2bags/lib/python3.10/site-packages/ros2bag_convert-0.1.0-py3.10.egg-info/top_level.txt
/home/rics/ros2_selfdriving/install/ros2bags/lib/python3.10/site-packages/ros2bag_convert-0.1.0-py3.10.egg-info/requires.txt
/home/rics/ros2_selfdriving/install/ros2bags/lib/python3.10/site-packages/ros2bag_convert-0.1.0-py3.10.egg-info/zip-safe
/home/rics/ros2_selfdriving/install/ros2bags/lib/python3.10/site-packages/ros2bag_convert-0.1.0-py3.10.egg-info/dependency_links.txt
/home/rics/ros2_selfdriving/install/ros2bags/lib/python3.10/site-packages/ros2bag_convert-0.1.0-py3.10.egg-info/entry_points.txt
/home/rics/ros2_selfdriving/install/ros2bags/lib/ros2bag_convert/ros2bag-convert
