[0.090s] DEBUG:colcon:Command line arguments: ['/usr/bin/colcon', 'build']
[0.090s] DEBUG:colcon:Parsed command line arguments: Namespace(log_base=None, log_level=None, verb_name='build', build_base='build', install_base='install', merge_install=False, symlink_install=False, test_result_base=None, continue_on_error=False, executor='parallel', parallel_workers=12, event_handlers=None, ignore_user_meta=False, metas=['./colcon.meta'], base_paths=['.'], packages_ignore=None, packages_ignore_regex=None, paths=None, packages_up_to=None, packages_up_to_regex=None, packages_above=None, packages_above_and_dependencies=None, packages_above_depth=None, packages_select_by_dep=None, packages_skip_by_dep=None, packages_skip_up_to=None, packages_select_build_failed=False, packages_skip_build_finished=False, packages_select_test_failures=False, packages_skip_test_passed=False, packages_select=None, packages_skip=None, packages_select_regex=None, packages_skip_regex=None, packages_start=None, packages_end=None, allow_overriding=[], cmake_args=None, cmake_target=None, cmake_target_skip_unavailable=False, cmake_clean_cache=False, cmake_clean_first=False, cmake_force_configure=False, ament_cmake_args=None, catkin_cmake_args=None, catkin_skip_building_tests=False, mixin_files=None, mixin=None, verb_parser=<colcon_mixin.mixin.mixin_argument.MixinArgumentDecorator object at 0x7995b58785b0>, verb_extension=<colcon_core.verb.build.BuildVerb object at 0x7995b583fd60>, main=<bound method BuildVerb.main of <colcon_core.verb.build.BuildVerb object at 0x7995b583fd60>>, mixin_verb=('build',))
[0.119s] Level 1:colcon.colcon_core.package_discovery:discover_packages(colcon_meta) check parameters
[0.119s] Level 1:colcon.colcon_core.package_discovery:discover_packages(recursive) check parameters
[0.120s] Level 1:colcon.colcon_core.package_discovery:discover_packages(ignore) check parameters
[0.120s] Level 1:colcon.colcon_core.package_discovery:discover_packages(path) check parameters
[0.120s] Level 1:colcon.colcon_core.package_discovery:discover_packages(colcon_meta) discover
[0.120s] Level 1:colcon.colcon_core.package_discovery:discover_packages(recursive) discover
[0.120s] INFO:colcon.colcon_core.package_discovery:Crawling recursively for packages in '/home/filipe/ros2_selfdriving'
[0.120s] Level 1:colcon.colcon_core.package_identification:_identify(.) by extensions ['ignore', 'ignore_ament_install']
[0.120s] Level 1:colcon.colcon_core.package_identification:_identify(.) by extension 'ignore'
[0.120s] Level 1:colcon.colcon_core.package_identification:_identify(.) by extension 'ignore_ament_install'
[0.120s] Level 1:colcon.colcon_core.package_identification:_identify(.) by extensions ['colcon_pkg']
[0.120s] Level 1:colcon.colcon_core.package_identification:_identify(.) by extension 'colcon_pkg'
[0.120s] Level 1:colcon.colcon_core.package_identification:_identify(.) by extensions ['colcon_meta']
[0.120s] Level 1:colcon.colcon_core.package_identification:_identify(.) by extension 'colcon_meta'
[0.120s] Level 1:colcon.colcon_core.package_identification:_identify(.) by extensions ['ros']
[0.120s] Level 1:colcon.colcon_core.package_identification:_identify(.) by extension 'ros'
[0.132s] Level 1:colcon.colcon_core.package_identification:_identify(.) by extensions ['cmake', 'python']
[0.132s] Level 1:colcon.colcon_core.package_identification:_identify(.) by extension 'cmake'
[0.132s] Level 1:colcon.colcon_core.package_identification:_identify(.) by extension 'python'
[0.132s] Level 1:colcon.colcon_core.package_identification:_identify(.) by extensions ['python_setup_py']
[0.132s] Level 1:colcon.colcon_core.package_identification:_identify(.) by extension 'python_setup_py'
[0.132s] Level 1:colcon.colcon_core.package_identification:_identify(bags) by extensions ['ignore', 'ignore_ament_install']
[0.132s] Level 1:colcon.colcon_core.package_identification:_identify(bags) by extension 'ignore'
[0.132s] Level 1:colcon.colcon_core.package_identification:_identify(bags) by extension 'ignore_ament_install'
[0.132s] Level 1:colcon.colcon_core.package_identification:_identify(bags) by extensions ['colcon_pkg']
[0.132s] Level 1:colcon.colcon_core.package_identification:_identify(bags) by extension 'colcon_pkg'
[0.132s] Level 1:colcon.colcon_core.package_identification:_identify(bags) by extensions ['colcon_meta']
[0.132s] Level 1:colcon.colcon_core.package_identification:_identify(bags) by extension 'colcon_meta'
[0.133s] Level 1:colcon.colcon_core.package_identification:_identify(bags) by extensions ['ros']
[0.133s] Level 1:colcon.colcon_core.package_identification:_identify(bags) by extension 'ros'
[0.133s] Level 1:colcon.colcon_core.package_identification:_identify(bags) by extensions ['cmake', 'python']
[0.133s] Level 1:colcon.colcon_core.package_identification:_identify(bags) by extension 'cmake'
[0.133s] Level 1:colcon.colcon_core.package_identification:_identify(bags) by extension 'python'
[0.133s] Level 1:colcon.colcon_core.package_identification:_identify(bags) by extensions ['python_setup_py']
[0.133s] Level 1:colcon.colcon_core.package_identification:_identify(bags) by extension 'python_setup_py'
[0.133s] Level 1:colcon.colcon_core.package_identification:_identify(bags/circular_bag) by extensions ['ignore', 'ignore_ament_install']
[0.133s] Level 1:colcon.colcon_core.package_identification:_identify(bags/circular_bag) by extension 'ignore'
[0.133s] Level 1:colcon.colcon_core.package_identification:_identify(bags/circular_bag) by extension 'ignore_ament_install'
[0.133s] Level 1:colcon.colcon_core.package_identification:_identify(bags/circular_bag) by extensions ['colcon_pkg']
[0.133s] Level 1:colcon.colcon_core.package_identification:_identify(bags/circular_bag) by extension 'colcon_pkg'
[0.133s] Level 1:colcon.colcon_core.package_identification:_identify(bags/circular_bag) by extensions ['colcon_meta']
[0.133s] Level 1:colcon.colcon_core.package_identification:_identify(bags/circular_bag) by extension 'colcon_meta'
[0.133s] Level 1:colcon.colcon_core.package_identification:_identify(bags/circular_bag) by extensions ['ros']
[0.133s] Level 1:colcon.colcon_core.package_identification:_identify(bags/circular_bag) by extension 'ros'
[0.133s] Level 1:colcon.colcon_core.package_identification:_identify(bags/circular_bag) by extensions ['cmake', 'python']
[0.133s] Level 1:colcon.colcon_core.package_identification:_identify(bags/circular_bag) by extension 'cmake'
[0.133s] Level 1:colcon.colcon_core.package_identification:_identify(bags/circular_bag) by extension 'python'
[0.133s] Level 1:colcon.colcon_core.package_identification:_identify(bags/circular_bag) by extensions ['python_setup_py']
[0.133s] Level 1:colcon.colcon_core.package_identification:_identify(bags/circular_bag) by extension 'python_setup_py'
[0.133s] Level 1:colcon.colcon_core.package_identification:_identify(bags/eight_bag) by extensions ['ignore', 'ignore_ament_install']
[0.133s] Level 1:colcon.colcon_core.package_identification:_identify(bags/eight_bag) by extension 'ignore'
[0.133s] Level 1:colcon.colcon_core.package_identification:_identify(bags/eight_bag) by extension 'ignore_ament_install'
[0.134s] Level 1:colcon.colcon_core.package_identification:_identify(bags/eight_bag) by extensions ['colcon_pkg']
[0.134s] Level 1:colcon.colcon_core.package_identification:_identify(bags/eight_bag) by extension 'colcon_pkg'
[0.134s] Level 1:colcon.colcon_core.package_identification:_identify(bags/eight_bag) by extensions ['colcon_meta']
[0.134s] Level 1:colcon.colcon_core.package_identification:_identify(bags/eight_bag) by extension 'colcon_meta'
[0.134s] Level 1:colcon.colcon_core.package_identification:_identify(bags/eight_bag) by extensions ['ros']
[0.134s] Level 1:colcon.colcon_core.package_identification:_identify(bags/eight_bag) by extension 'ros'
[0.134s] Level 1:colcon.colcon_core.package_identification:_identify(bags/eight_bag) by extensions ['cmake', 'python']
[0.134s] Level 1:colcon.colcon_core.package_identification:_identify(bags/eight_bag) by extension 'cmake'
[0.134s] Level 1:colcon.colcon_core.package_identification:_identify(bags/eight_bag) by extension 'python'
[0.134s] Level 1:colcon.colcon_core.package_identification:_identify(bags/eight_bag) by extensions ['python_setup_py']
[0.134s] Level 1:colcon.colcon_core.package_identification:_identify(bags/eight_bag) by extension 'python_setup_py'
[0.134s] Level 1:colcon.colcon_core.package_identification:_identify(bags/full_bag_nav) by extensions ['ignore', 'ignore_ament_install']
[0.134s] Level 1:colcon.colcon_core.package_identification:_identify(bags/full_bag_nav) by extension 'ignore'
[0.134s] Level 1:colcon.colcon_core.package_identification:_identify(bags/full_bag_nav) by extension 'ignore_ament_install'
[0.134s] Level 1:colcon.colcon_core.package_identification:_identify(bags/full_bag_nav) by extensions ['colcon_pkg']
[0.134s] Level 1:colcon.colcon_core.package_identification:_identify(bags/full_bag_nav) by extension 'colcon_pkg'
[0.134s] Level 1:colcon.colcon_core.package_identification:_identify(bags/full_bag_nav) by extensions ['colcon_meta']
[0.134s] Level 1:colcon.colcon_core.package_identification:_identify(bags/full_bag_nav) by extension 'colcon_meta'
[0.134s] Level 1:colcon.colcon_core.package_identification:_identify(bags/full_bag_nav) by extensions ['ros']
[0.134s] Level 1:colcon.colcon_core.package_identification:_identify(bags/full_bag_nav) by extension 'ros'
[0.134s] Level 1:colcon.colcon_core.package_identification:_identify(bags/full_bag_nav) by extensions ['cmake', 'python']
[0.134s] Level 1:colcon.colcon_core.package_identification:_identify(bags/full_bag_nav) by extension 'cmake'
[0.134s] Level 1:colcon.colcon_core.package_identification:_identify(bags/full_bag_nav) by extension 'python'
[0.134s] Level 1:colcon.colcon_core.package_identification:_identify(bags/full_bag_nav) by extensions ['python_setup_py']
[0.134s] Level 1:colcon.colcon_core.package_identification:_identify(bags/full_bag_nav) by extension 'python_setup_py'
[0.134s] Level 1:colcon.colcon_core.package_identification:_identify(bags/scan_today_bag) by extensions ['ignore', 'ignore_ament_install']
[0.135s] Level 1:colcon.colcon_core.package_identification:_identify(bags/scan_today_bag) by extension 'ignore'
[0.135s] Level 1:colcon.colcon_core.package_identification:_identify(bags/scan_today_bag) by extension 'ignore_ament_install'
[0.135s] Level 1:colcon.colcon_core.package_identification:_identify(bags/scan_today_bag) by extensions ['colcon_pkg']
[0.135s] Level 1:colcon.colcon_core.package_identification:_identify(bags/scan_today_bag) by extension 'colcon_pkg'
[0.135s] Level 1:colcon.colcon_core.package_identification:_identify(bags/scan_today_bag) by extensions ['colcon_meta']
[0.135s] Level 1:colcon.colcon_core.package_identification:_identify(bags/scan_today_bag) by extension 'colcon_meta'
[0.135s] Level 1:colcon.colcon_core.package_identification:_identify(bags/scan_today_bag) by extensions ['ros']
[0.135s] Level 1:colcon.colcon_core.package_identification:_identify(bags/scan_today_bag) by extension 'ros'
[0.135s] Level 1:colcon.colcon_core.package_identification:_identify(bags/scan_today_bag) by extensions ['cmake', 'python']
[0.135s] Level 1:colcon.colcon_core.package_identification:_identify(bags/scan_today_bag) by extension 'cmake'
[0.135s] Level 1:colcon.colcon_core.package_identification:_identify(bags/scan_today_bag) by extension 'python'
[0.135s] Level 1:colcon.colcon_core.package_identification:_identify(bags/scan_today_bag) by extensions ['python_setup_py']
[0.135s] Level 1:colcon.colcon_core.package_identification:_identify(bags/scan_today_bag) by extension 'python_setup_py'
[0.135s] Level 1:colcon.colcon_core.package_identification:_identify(bags/speed) by extensions ['ignore', 'ignore_ament_install']
[0.135s] Level 1:colcon.colcon_core.package_identification:_identify(bags/speed) by extension 'ignore'
[0.135s] Level 1:colcon.colcon_core.package_identification:_identify(bags/speed) by extension 'ignore_ament_install'
[0.135s] Level 1:colcon.colcon_core.package_identification:_identify(bags/speed) by extensions ['colcon_pkg']
[0.135s] Level 1:colcon.colcon_core.package_identification:_identify(bags/speed) by extension 'colcon_pkg'
[0.135s] Level 1:colcon.colcon_core.package_identification:_identify(bags/speed) by extensions ['colcon_meta']
[0.135s] Level 1:colcon.colcon_core.package_identification:_identify(bags/speed) by extension 'colcon_meta'
[0.135s] Level 1:colcon.colcon_core.package_identification:_identify(bags/speed) by extensions ['ros']
[0.135s] Level 1:colcon.colcon_core.package_identification:_identify(bags/speed) by extension 'ros'
[0.135s] Level 1:colcon.colcon_core.package_identification:_identify(bags/speed) by extensions ['cmake', 'python']
[0.135s] Level 1:colcon.colcon_core.package_identification:_identify(bags/speed) by extension 'cmake'
[0.135s] Level 1:colcon.colcon_core.package_identification:_identify(bags/speed) by extension 'python'
[0.135s] Level 1:colcon.colcon_core.package_identification:_identify(bags/speed) by extensions ['python_setup_py']
[0.135s] Level 1:colcon.colcon_core.package_identification:_identify(bags/speed) by extension 'python_setup_py'
[0.136s] Level 1:colcon.colcon_core.package_identification:_identify(bags/squared_bag) by extensions ['ignore', 'ignore_ament_install']
[0.136s] Level 1:colcon.colcon_core.package_identification:_identify(bags/squared_bag) by extension 'ignore'
[0.136s] Level 1:colcon.colcon_core.package_identification:_identify(bags/squared_bag) by extension 'ignore_ament_install'
[0.136s] Level 1:colcon.colcon_core.package_identification:_identify(bags/squared_bag) by extensions ['colcon_pkg']
[0.136s] Level 1:colcon.colcon_core.package_identification:_identify(bags/squared_bag) by extension 'colcon_pkg'
[0.136s] Level 1:colcon.colcon_core.package_identification:_identify(bags/squared_bag) by extensions ['colcon_meta']
[0.136s] Level 1:colcon.colcon_core.package_identification:_identify(bags/squared_bag) by extension 'colcon_meta'
[0.136s] Level 1:colcon.colcon_core.package_identification:_identify(bags/squared_bag) by extensions ['ros']
[0.136s] Level 1:colcon.colcon_core.package_identification:_identify(bags/squared_bag) by extension 'ros'
[0.136s] Level 1:colcon.colcon_core.package_identification:_identify(bags/squared_bag) by extensions ['cmake', 'python']
[0.136s] Level 1:colcon.colcon_core.package_identification:_identify(bags/squared_bag) by extension 'cmake'
[0.136s] Level 1:colcon.colcon_core.package_identification:_identify(bags/squared_bag) by extension 'python'
[0.136s] Level 1:colcon.colcon_core.package_identification:_identify(bags/squared_bag) by extensions ['python_setup_py']
[0.136s] Level 1:colcon.colcon_core.package_identification:_identify(bags/squared_bag) by extension 'python_setup_py'
[0.136s] Level 1:colcon.colcon_core.package_identification:_identify(bags/test_bag) by extensions ['ignore', 'ignore_ament_install']
[0.136s] Level 1:colcon.colcon_core.package_identification:_identify(bags/test_bag) by extension 'ignore'
[0.136s] Level 1:colcon.colcon_core.package_identification:_identify(bags/test_bag) by extension 'ignore_ament_install'
[0.136s] Level 1:colcon.colcon_core.package_identification:_identify(bags/test_bag) by extensions ['colcon_pkg']
[0.136s] Level 1:colcon.colcon_core.package_identification:_identify(bags/test_bag) by extension 'colcon_pkg'
[0.136s] Level 1:colcon.colcon_core.package_identification:_identify(bags/test_bag) by extensions ['colcon_meta']
[0.136s] Level 1:colcon.colcon_core.package_identification:_identify(bags/test_bag) by extension 'colcon_meta'
[0.136s] Level 1:colcon.colcon_core.package_identification:_identify(bags/test_bag) by extensions ['ros']
[0.136s] Level 1:colcon.colcon_core.package_identification:_identify(bags/test_bag) by extension 'ros'
[0.136s] Level 1:colcon.colcon_core.package_identification:_identify(bags/test_bag) by extensions ['cmake', 'python']
[0.136s] Level 1:colcon.colcon_core.package_identification:_identify(bags/test_bag) by extension 'cmake'
[0.136s] Level 1:colcon.colcon_core.package_identification:_identify(bags/test_bag) by extension 'python'
[0.137s] Level 1:colcon.colcon_core.package_identification:_identify(bags/test_bag) by extensions ['python_setup_py']
[0.137s] Level 1:colcon.colcon_core.package_identification:_identify(bags/test_bag) by extension 'python_setup_py'
[0.137s] Level 1:colcon.colcon_core.package_identification:_identify(build) by extensions ['ignore', 'ignore_ament_install']
[0.137s] Level 1:colcon.colcon_core.package_identification:_identify(build) by extension 'ignore'
[0.137s] Level 1:colcon.colcon_core.package_identification:_identify(build) ignored
[0.137s] Level 1:colcon.colcon_core.package_identification:_identify(install) by extensions ['ignore', 'ignore_ament_install']
[0.137s] Level 1:colcon.colcon_core.package_identification:_identify(install) by extension 'ignore'
[0.137s] Level 1:colcon.colcon_core.package_identification:_identify(install) ignored
[0.137s] Level 1:colcon.colcon_core.package_identification:_identify(log) by extensions ['ignore', 'ignore_ament_install']
[0.137s] Level 1:colcon.colcon_core.package_identification:_identify(log) by extension 'ignore'
[0.137s] Level 1:colcon.colcon_core.package_identification:_identify(log) ignored
[0.137s] Level 1:colcon.colcon_core.package_identification:_identify(src) by extensions ['ignore', 'ignore_ament_install']
[0.137s] Level 1:colcon.colcon_core.package_identification:_identify(src) by extension 'ignore'
[0.137s] Level 1:colcon.colcon_core.package_identification:_identify(src) by extension 'ignore_ament_install'
[0.137s] Level 1:colcon.colcon_core.package_identification:_identify(src) by extensions ['colcon_pkg']
[0.137s] Level 1:colcon.colcon_core.package_identification:_identify(src) by extension 'colcon_pkg'
[0.137s] Level 1:colcon.colcon_core.package_identification:_identify(src) by extensions ['colcon_meta']
[0.137s] Level 1:colcon.colcon_core.package_identification:_identify(src) by extension 'colcon_meta'
[0.137s] Level 1:colcon.colcon_core.package_identification:_identify(src) by extensions ['ros']
[0.137s] Level 1:colcon.colcon_core.package_identification:_identify(src) by extension 'ros'
[0.137s] Level 1:colcon.colcon_core.package_identification:_identify(src) by extensions ['cmake', 'python']
[0.138s] Level 1:colcon.colcon_core.package_identification:_identify(src) by extension 'cmake'
[0.138s] Level 1:colcon.colcon_core.package_identification:_identify(src) by extension 'python'
[0.138s] Level 1:colcon.colcon_core.package_identification:_identify(src) by extensions ['python_setup_py']
[0.138s] Level 1:colcon.colcon_core.package_identification:_identify(src) by extension 'python_setup_py'
[0.138s] Level 1:colcon.colcon_core.package_identification:_identify(src/generated_bags) by extensions ['ignore', 'ignore_ament_install']
[0.138s] Level 1:colcon.colcon_core.package_identification:_identify(src/generated_bags) by extension 'ignore'
[0.138s] Level 1:colcon.colcon_core.package_identification:_identify(src/generated_bags) by extension 'ignore_ament_install'
[0.138s] Level 1:colcon.colcon_core.package_identification:_identify(src/generated_bags) by extensions ['colcon_pkg']
[0.138s] Level 1:colcon.colcon_core.package_identification:_identify(src/generated_bags) by extension 'colcon_pkg'
[0.138s] Level 1:colcon.colcon_core.package_identification:_identify(src/generated_bags) by extensions ['colcon_meta']
[0.138s] Level 1:colcon.colcon_core.package_identification:_identify(src/generated_bags) by extension 'colcon_meta'
[0.138s] Level 1:colcon.colcon_core.package_identification:_identify(src/generated_bags) by extensions ['ros']
[0.138s] Level 1:colcon.colcon_core.package_identification:_identify(src/generated_bags) by extension 'ros'
[0.138s] Level 1:colcon.colcon_core.package_identification:_identify(src/generated_bags) by extensions ['cmake', 'python']
[0.138s] Level 1:colcon.colcon_core.package_identification:_identify(src/generated_bags) by extension 'cmake'
[0.138s] Level 1:colcon.colcon_core.package_identification:_identify(src/generated_bags) by extension 'python'
[0.138s] Level 1:colcon.colcon_core.package_identification:_identify(src/generated_bags) by extensions ['python_setup_py']
[0.138s] Level 1:colcon.colcon_core.package_identification:_identify(src/generated_bags) by extension 'python_setup_py'
[0.138s] Level 1:colcon.colcon_core.package_identification:_identify(src/generated_bags/full_bag_nav) by extensions ['ignore', 'ignore_ament_install']
[0.138s] Level 1:colcon.colcon_core.package_identification:_identify(src/generated_bags/full_bag_nav) by extension 'ignore'
[0.138s] Level 1:colcon.colcon_core.package_identification:_identify(src/generated_bags/full_bag_nav) by extension 'ignore_ament_install'
[0.138s] Level 1:colcon.colcon_core.package_identification:_identify(src/generated_bags/full_bag_nav) by extensions ['colcon_pkg']
[0.138s] Level 1:colcon.colcon_core.package_identification:_identify(src/generated_bags/full_bag_nav) by extension 'colcon_pkg'
[0.138s] Level 1:colcon.colcon_core.package_identification:_identify(src/generated_bags/full_bag_nav) by extensions ['colcon_meta']
[0.138s] Level 1:colcon.colcon_core.package_identification:_identify(src/generated_bags/full_bag_nav) by extension 'colcon_meta'
[0.138s] Level 1:colcon.colcon_core.package_identification:_identify(src/generated_bags/full_bag_nav) by extensions ['ros']
[0.139s] Level 1:colcon.colcon_core.package_identification:_identify(src/generated_bags/full_bag_nav) by extension 'ros'
[0.139s] Level 1:colcon.colcon_core.package_identification:_identify(src/generated_bags/full_bag_nav) by extensions ['cmake', 'python']
[0.139s] Level 1:colcon.colcon_core.package_identification:_identify(src/generated_bags/full_bag_nav) by extension 'cmake'
[0.139s] Level 1:colcon.colcon_core.package_identification:_identify(src/generated_bags/full_bag_nav) by extension 'python'
[0.139s] Level 1:colcon.colcon_core.package_identification:_identify(src/generated_bags/full_bag_nav) by extensions ['python_setup_py']
[0.139s] Level 1:colcon.colcon_core.package_identification:_identify(src/generated_bags/full_bag_nav) by extension 'python_setup_py'
[0.139s] Level 1:colcon.colcon_core.package_identification:_identify(src/generated_bags/scan_today_bag) by extensions ['ignore', 'ignore_ament_install']
[0.139s] Level 1:colcon.colcon_core.package_identification:_identify(src/generated_bags/scan_today_bag) by extension 'ignore'
[0.139s] Level 1:colcon.colcon_core.package_identification:_identify(src/generated_bags/scan_today_bag) by extension 'ignore_ament_install'
[0.139s] Level 1:colcon.colcon_core.package_identification:_identify(src/generated_bags/scan_today_bag) by extensions ['colcon_pkg']
[0.139s] Level 1:colcon.colcon_core.package_identification:_identify(src/generated_bags/scan_today_bag) by extension 'colcon_pkg'
[0.139s] Level 1:colcon.colcon_core.package_identification:_identify(src/generated_bags/scan_today_bag) by extensions ['colcon_meta']
[0.139s] Level 1:colcon.colcon_core.package_identification:_identify(src/generated_bags/scan_today_bag) by extension 'colcon_meta'
[0.139s] Level 1:colcon.colcon_core.package_identification:_identify(src/generated_bags/scan_today_bag) by extensions ['ros']
[0.139s] Level 1:colcon.colcon_core.package_identification:_identify(src/generated_bags/scan_today_bag) by extension 'ros'
[0.139s] Level 1:colcon.colcon_core.package_identification:_identify(src/generated_bags/scan_today_bag) by extensions ['cmake', 'python']
[0.139s] Level 1:colcon.colcon_core.package_identification:_identify(src/generated_bags/scan_today_bag) by extension 'cmake'
[0.139s] Level 1:colcon.colcon_core.package_identification:_identify(src/generated_bags/scan_today_bag) by extension 'python'
[0.139s] Level 1:colcon.colcon_core.package_identification:_identify(src/generated_bags/scan_today_bag) by extensions ['python_setup_py']
[0.139s] Level 1:colcon.colcon_core.package_identification:_identify(src/generated_bags/scan_today_bag) by extension 'python_setup_py'
[0.139s] Level 1:colcon.colcon_core.package_identification:_identify(src/generated_bags/speed) by extensions ['ignore', 'ignore_ament_install']
[0.139s] Level 1:colcon.colcon_core.package_identification:_identify(src/generated_bags/speed) by extension 'ignore'
[0.139s] Level 1:colcon.colcon_core.package_identification:_identify(src/generated_bags/speed) by extension 'ignore_ament_install'
[0.139s] Level 1:colcon.colcon_core.package_identification:_identify(src/generated_bags/speed) by extensions ['colcon_pkg']
[0.139s] Level 1:colcon.colcon_core.package_identification:_identify(src/generated_bags/speed) by extension 'colcon_pkg'
[0.139s] Level 1:colcon.colcon_core.package_identification:_identify(src/generated_bags/speed) by extensions ['colcon_meta']
[0.140s] Level 1:colcon.colcon_core.package_identification:_identify(src/generated_bags/speed) by extension 'colcon_meta'
[0.140s] Level 1:colcon.colcon_core.package_identification:_identify(src/generated_bags/speed) by extensions ['ros']
[0.140s] Level 1:colcon.colcon_core.package_identification:_identify(src/generated_bags/speed) by extension 'ros'
[0.140s] Level 1:colcon.colcon_core.package_identification:_identify(src/generated_bags/speed) by extensions ['cmake', 'python']
[0.140s] Level 1:colcon.colcon_core.package_identification:_identify(src/generated_bags/speed) by extension 'cmake'
[0.140s] Level 1:colcon.colcon_core.package_identification:_identify(src/generated_bags/speed) by extension 'python'
[0.140s] Level 1:colcon.colcon_core.package_identification:_identify(src/generated_bags/speed) by extensions ['python_setup_py']
[0.140s] Level 1:colcon.colcon_core.package_identification:_identify(src/generated_bags/speed) by extension 'python_setup_py'
[0.140s] Level 1:colcon.colcon_core.package_identification:_identify(src/generated_bags/test_bag) by extensions ['ignore', 'ignore_ament_install']
[0.140s] Level 1:colcon.colcon_core.package_identification:_identify(src/generated_bags/test_bag) by extension 'ignore'
[0.140s] Level 1:colcon.colcon_core.package_identification:_identify(src/generated_bags/test_bag) by extension 'ignore_ament_install'
[0.140s] Level 1:colcon.colcon_core.package_identification:_identify(src/generated_bags/test_bag) by extensions ['colcon_pkg']
[0.140s] Level 1:colcon.colcon_core.package_identification:_identify(src/generated_bags/test_bag) by extension 'colcon_pkg'
[0.140s] Level 1:colcon.colcon_core.package_identification:_identify(src/generated_bags/test_bag) by extensions ['colcon_meta']
[0.140s] Level 1:colcon.colcon_core.package_identification:_identify(src/generated_bags/test_bag) by extension 'colcon_meta'
[0.140s] Level 1:colcon.colcon_core.package_identification:_identify(src/generated_bags/test_bag) by extensions ['ros']
[0.140s] Level 1:colcon.colcon_core.package_identification:_identify(src/generated_bags/test_bag) by extension 'ros'
[0.140s] Level 1:colcon.colcon_core.package_identification:_identify(src/generated_bags/test_bag) by extensions ['cmake', 'python']
[0.140s] Level 1:colcon.colcon_core.package_identification:_identify(src/generated_bags/test_bag) by extension 'cmake'
[0.140s] Level 1:colcon.colcon_core.package_identification:_identify(src/generated_bags/test_bag) by extension 'python'
[0.140s] Level 1:colcon.colcon_core.package_identification:_identify(src/generated_bags/test_bag) by extensions ['python_setup_py']
[0.140s] Level 1:colcon.colcon_core.package_identification:_identify(src/generated_bags/test_bag) by extension 'python_setup_py'
[0.140s] Level 1:colcon.colcon_core.package_identification:_identify(src/mlmodels) by extensions ['ignore', 'ignore_ament_install']
[0.140s] Level 1:colcon.colcon_core.package_identification:_identify(src/mlmodels) by extension 'ignore'
[0.140s] Level 1:colcon.colcon_core.package_identification:_identify(src/mlmodels) by extension 'ignore_ament_install'
[0.140s] Level 1:colcon.colcon_core.package_identification:_identify(src/mlmodels) by extensions ['colcon_pkg']
[0.141s] Level 1:colcon.colcon_core.package_identification:_identify(src/mlmodels) by extension 'colcon_pkg'
[0.141s] Level 1:colcon.colcon_core.package_identification:_identify(src/mlmodels) by extensions ['colcon_meta']
[0.141s] Level 1:colcon.colcon_core.package_identification:_identify(src/mlmodels) by extension 'colcon_meta'
[0.141s] Level 1:colcon.colcon_core.package_identification:_identify(src/mlmodels) by extensions ['ros']
[0.141s] Level 1:colcon.colcon_core.package_identification:_identify(src/mlmodels) by extension 'ros'
[0.141s] Level 1:colcon.colcon_core.package_identification:_identify(src/mlmodels) by extensions ['cmake', 'python']
[0.141s] Level 1:colcon.colcon_core.package_identification:_identify(src/mlmodels) by extension 'cmake'
[0.141s] Level 1:colcon.colcon_core.package_identification:_identify(src/mlmodels) by extension 'python'
[0.141s] Level 1:colcon.colcon_core.package_identification:_identify(src/mlmodels) by extensions ['python_setup_py']
[0.141s] Level 1:colcon.colcon_core.package_identification:_identify(src/mlmodels) by extension 'python_setup_py'
[0.141s] Level 1:colcon.colcon_core.package_identification:_identify(src/navigation_testing) by extensions ['ignore', 'ignore_ament_install']
[0.141s] Level 1:colcon.colcon_core.package_identification:_identify(src/navigation_testing) by extension 'ignore'
[0.141s] Level 1:colcon.colcon_core.package_identification:_identify(src/navigation_testing) by extension 'ignore_ament_install'
[0.141s] Level 1:colcon.colcon_core.package_identification:_identify(src/navigation_testing) by extensions ['colcon_pkg']
[0.141s] Level 1:colcon.colcon_core.package_identification:_identify(src/navigation_testing) by extension 'colcon_pkg'
[0.141s] Level 1:colcon.colcon_core.package_identification:_identify(src/navigation_testing) by extensions ['colcon_meta']
[0.141s] Level 1:colcon.colcon_core.package_identification:_identify(src/navigation_testing) by extension 'colcon_meta'
[0.141s] Level 1:colcon.colcon_core.package_identification:_identify(src/navigation_testing) by extensions ['ros']
[0.141s] Level 1:colcon.colcon_core.package_identification:_identify(src/navigation_testing) by extension 'ros'
[0.143s] DEBUG:colcon.colcon_core.package_identification:Package 'src/navigation_testing' with type 'ros.ament_python' and name 'navigation_testing'
[0.143s] Level 1:colcon.colcon_core.package_identification:_identify(src/ros2bag_convert) by extensions ['ignore', 'ignore_ament_install']
[0.143s] Level 1:colcon.colcon_core.package_identification:_identify(src/ros2bag_convert) by extension 'ignore'
[0.143s] Level 1:colcon.colcon_core.package_identification:_identify(src/ros2bag_convert) by extension 'ignore_ament_install'
[0.143s] Level 1:colcon.colcon_core.package_identification:_identify(src/ros2bag_convert) by extensions ['colcon_pkg']
[0.143s] Level 1:colcon.colcon_core.package_identification:_identify(src/ros2bag_convert) by extension 'colcon_pkg'
[0.143s] Level 1:colcon.colcon_core.package_identification:_identify(src/ros2bag_convert) by extensions ['colcon_meta']
[0.143s] Level 1:colcon.colcon_core.package_identification:_identify(src/ros2bag_convert) by extension 'colcon_meta'
[0.143s] Level 1:colcon.colcon_core.package_identification:_identify(src/ros2bag_convert) by extensions ['ros']
[0.143s] Level 1:colcon.colcon_core.package_identification:_identify(src/ros2bag_convert) by extension 'ros'
[0.144s] DEBUG:colcon.colcon_core.package_identification:Package 'src/ros2bag_convert' with type 'ros.ament_python' and name 'ros2bags'
[0.144s] Level 1:colcon.colcon_core.package_discovery:discover_packages(recursive) using defaults
[0.144s] Level 1:colcon.colcon_core.package_discovery:discover_packages(ignore) discover
[0.144s] Level 1:colcon.colcon_core.package_discovery:discover_packages(ignore) using defaults
[0.144s] Level 1:colcon.colcon_core.package_discovery:discover_packages(path) discover
[0.144s] Level 1:colcon.colcon_core.package_discovery:discover_packages(path) using defaults
[0.160s] Level 1:colcon.colcon_core.package_discovery:discover_packages(prefix_path) check parameters
[0.160s] Level 1:colcon.colcon_core.package_discovery:discover_packages(prefix_path) discover
[0.161s] DEBUG:colcon.colcon_installed_package_information.package_discovery:Found 2 installed packages in /home/filipe/ros2_selfdriving/install
[0.162s] DEBUG:colcon.colcon_installed_package_information.package_discovery:Found 270 installed packages in /opt/ros/humble
[0.163s] Level 1:colcon.colcon_core.package_discovery:discover_packages(prefix_path) using defaults
[0.193s] Level 5:colcon.colcon_core.verb:set package 'navigation_testing' build argument 'cmake_args' from command line to 'None'
[0.193s] Level 5:colcon.colcon_core.verb:set package 'navigation_testing' build argument 'cmake_target' from command line to 'None'
[0.193s] Level 5:colcon.colcon_core.verb:set package 'navigation_testing' build argument 'cmake_target_skip_unavailable' from command line to 'False'
[0.193s] Level 5:colcon.colcon_core.verb:set package 'navigation_testing' build argument 'cmake_clean_cache' from command line to 'False'
[0.193s] Level 5:colcon.colcon_core.verb:set package 'navigation_testing' build argument 'cmake_clean_first' from command line to 'False'
[0.193s] Level 5:colcon.colcon_core.verb:set package 'navigation_testing' build argument 'cmake_force_configure' from command line to 'False'
[0.193s] Level 5:colcon.colcon_core.verb:set package 'navigation_testing' build argument 'ament_cmake_args' from command line to 'None'
[0.193s] Level 5:colcon.colcon_core.verb:set package 'navigation_testing' build argument 'catkin_cmake_args' from command line to 'None'
[0.193s] Level 5:colcon.colcon_core.verb:set package 'navigation_testing' build argument 'catkin_skip_building_tests' from command line to 'False'
[0.193s] DEBUG:colcon.colcon_core.verb:Building package 'navigation_testing' with the following arguments: {'ament_cmake_args': None, 'build_base': '/home/filipe/ros2_selfdriving/build/navigation_testing', 'catkin_cmake_args': None, 'catkin_skip_building_tests': False, 'cmake_args': None, 'cmake_clean_cache': False, 'cmake_clean_first': False, 'cmake_force_configure': False, 'cmake_target': None, 'cmake_target_skip_unavailable': False, 'install_base': '/home/filipe/ros2_selfdriving/install/navigation_testing', 'merge_install': False, 'path': '/home/filipe/ros2_selfdriving/src/navigation_testing', 'symlink_install': False, 'test_result_base': None}
[0.193s] Level 5:colcon.colcon_core.verb:set package 'ros2bags' build argument 'cmake_args' from command line to 'None'
[0.193s] Level 5:colcon.colcon_core.verb:set package 'ros2bags' build argument 'cmake_target' from command line to 'None'
[0.193s] Level 5:colcon.colcon_core.verb:set package 'ros2bags' build argument 'cmake_target_skip_unavailable' from command line to 'False'
[0.193s] Level 5:colcon.colcon_core.verb:set package 'ros2bags' build argument 'cmake_clean_cache' from command line to 'False'
[0.193s] Level 5:colcon.colcon_core.verb:set package 'ros2bags' build argument 'cmake_clean_first' from command line to 'False'
[0.193s] Level 5:colcon.colcon_core.verb:set package 'ros2bags' build argument 'cmake_force_configure' from command line to 'False'
[0.193s] Level 5:colcon.colcon_core.verb:set package 'ros2bags' build argument 'ament_cmake_args' from command line to 'None'
[0.193s] Level 5:colcon.colcon_core.verb:set package 'ros2bags' build argument 'catkin_cmake_args' from command line to 'None'
[0.193s] Level 5:colcon.colcon_core.verb:set package 'ros2bags' build argument 'catkin_skip_building_tests' from command line to 'False'
[0.194s] DEBUG:colcon.colcon_core.verb:Building package 'ros2bags' with the following arguments: {'ament_cmake_args': None, 'build_base': '/home/filipe/ros2_selfdriving/build/ros2bags', 'catkin_cmake_args': None, 'catkin_skip_building_tests': False, 'cmake_args': None, 'cmake_clean_cache': False, 'cmake_clean_first': False, 'cmake_force_configure': False, 'cmake_target': None, 'cmake_target_skip_unavailable': False, 'install_base': '/home/filipe/ros2_selfdriving/install/ros2bags', 'merge_install': False, 'path': '/home/filipe/ros2_selfdriving/src/ros2bag_convert', 'symlink_install': False, 'test_result_base': None}
[0.194s] INFO:colcon.colcon_core.executor:Executing jobs using 'parallel' executor
[0.194s] DEBUG:colcon.colcon_parallel_executor.executor.parallel:run_until_complete
[0.195s] INFO:colcon.colcon_ros.task.ament_python.build:Building ROS package in '/home/filipe/ros2_selfdriving/src/navigation_testing' with build type 'ament_python'
[0.195s] Level 1:colcon.colcon_core.shell:create_environment_hook('navigation_testing', 'ament_prefix_path')
[0.196s] INFO:colcon.colcon_core.plugin_system:Skipping extension 'colcon_core.shell.bat': Not used on non-Windows systems
[0.196s] INFO:colcon.colcon_core.shell:Creating environment hook '/home/filipe/ros2_selfdriving/install/navigation_testing/share/navigation_testing/hook/ament_prefix_path.ps1'
[0.197s] INFO:colcon.colcon_core.shell:Creating environment descriptor '/home/filipe/ros2_selfdriving/install/navigation_testing/share/navigation_testing/hook/ament_prefix_path.dsv'
[0.197s] INFO:colcon.colcon_core.shell:Creating environment hook '/home/filipe/ros2_selfdriving/install/navigation_testing/share/navigation_testing/hook/ament_prefix_path.sh'
[0.198s] INFO:colcon.colcon_core.shell:Skip shell extension 'powershell' for command environment: Not usable outside of PowerShell
[0.198s] DEBUG:colcon.colcon_core.shell:Skip shell extension 'dsv' for command environment
[0.200s] INFO:colcon.colcon_ros.task.ament_python.build:Building ROS package in '/home/filipe/ros2_selfdriving/src/ros2bag_convert' with build type 'ament_python'
[0.200s] Level 1:colcon.colcon_core.shell:create_environment_hook('ros2bags', 'ament_prefix_path')
[0.201s] INFO:colcon.colcon_core.shell:Creating environment hook '/home/filipe/ros2_selfdriving/install/ros2bags/share/ros2bags/hook/ament_prefix_path.ps1'
[0.201s] INFO:colcon.colcon_core.shell:Creating environment descriptor '/home/filipe/ros2_selfdriving/install/ros2bags/share/ros2bags/hook/ament_prefix_path.dsv'
[0.201s] INFO:colcon.colcon_core.shell:Creating environment hook '/home/filipe/ros2_selfdriving/install/ros2bags/share/ros2bags/hook/ament_prefix_path.sh'
[0.202s] INFO:colcon.colcon_core.shell:Skip shell extension 'powershell' for command environment: Not usable outside of PowerShell
[0.202s] DEBUG:colcon.colcon_core.shell:Skip shell extension 'dsv' for command environment
[0.383s] INFO:colcon.colcon_core.task.python.build:Building Python package in '/home/filipe/ros2_selfdriving/src/navigation_testing'
[0.383s] INFO:colcon.colcon_core.shell:Skip shell extension 'powershell' for command environment: Not usable outside of PowerShell
[0.383s] DEBUG:colcon.colcon_core.shell:Skip shell extension 'dsv' for command environment
[0.565s] WARNING:colcon.colcon_ros.task.ament_python.build:Package 'ros2bags' doesn't explicitly install a marker in the package index (colcon-ros currently does it implicitly but that fallback will be removed in the future)
[0.566s] WARNING:colcon.colcon_ros.task.ament_python.build:Package 'ros2bags' doesn't explicitly install the 'package.xml' file (colcon-ros currently does it implicitly but that fallback will be removed in the future)
[0.566s] INFO:colcon.colcon_core.task.python.build:Building Python package in '/home/filipe/ros2_selfdriving/src/ros2bag_convert'
[0.566s] INFO:colcon.colcon_core.shell:Skip shell extension 'powershell' for command environment: Not usable outside of PowerShell
[0.566s] DEBUG:colcon.colcon_core.shell:Skip shell extension 'dsv' for command environment
[1.062s] DEBUG:colcon.colcon_core.event_handler.log_command:Invoking command in '/home/filipe/ros2_selfdriving/src/navigation_testing': PYTHONPATH=/home/filipe/ros2_selfdriving/build/navigation_testing/prefix_override:/home/filipe/ros2_selfdriving/install/navigation_testing/lib/python3.10/site-packages:${PYTHONPATH} /usr/bin/python3 -W ignore:setup.py install is deprecated setup.py egg_info --egg-base ../../build/navigation_testing build --build-base /home/filipe/ros2_selfdriving/build/navigation_testing/build install --record /home/filipe/ros2_selfdriving/build/navigation_testing/install.log --single-version-externally-managed install_data
[1.071s] DEBUG:colcon.colcon_core.event_handler.log_command:Invoking command in '/home/filipe/ros2_selfdriving/src/ros2bag_convert': PYTHONPATH=/home/filipe/ros2_selfdriving/build/ros2bags/prefix_override:/home/filipe/ros2_selfdriving/install/ros2bags/lib/python3.10/site-packages:${PYTHONPATH} /usr/bin/python3 -W ignore:setup.py install is deprecated setup.py egg_info --egg-base ../../build/ros2bags build --build-base /home/filipe/ros2_selfdriving/build/ros2bags/build install --record /home/filipe/ros2_selfdriving/build/ros2bags/install.log --single-version-externally-managed
[1.528s] DEBUG:colcon.colcon_core.event_handler.log_command:Invoked command in '/home/filipe/ros2_selfdriving/src/ros2bag_convert' returned '0': PYTHONPATH=/home/filipe/ros2_selfdriving/build/ros2bags/prefix_override:/home/filipe/ros2_selfdriving/install/ros2bags/lib/python3.10/site-packages:${PYTHONPATH} /usr/bin/python3 -W ignore:setup.py install is deprecated setup.py egg_info --egg-base ../../build/ros2bags build --build-base /home/filipe/ros2_selfdriving/build/ros2bags/build install --record /home/filipe/ros2_selfdriving/build/ros2bags/install.log --single-version-externally-managed
[1.530s] Level 1:colcon.colcon_core.environment:checking '/home/filipe/ros2_selfdriving/install/ros2bags' for CMake module files
[1.530s] Level 1:colcon.colcon_core.environment:checking '/home/filipe/ros2_selfdriving/install/ros2bags' for CMake config files
[1.531s] Level 1:colcon.colcon_core.environment:checking '/home/filipe/ros2_selfdriving/install/ros2bags/lib'
[1.531s] Level 1:colcon.colcon_core.environment:checking '/home/filipe/ros2_selfdriving/install/ros2bags/bin'
[1.531s] Level 1:colcon.colcon_core.environment:checking '/home/filipe/ros2_selfdriving/install/ros2bags/lib/pkgconfig/ros2bags.pc'
[1.531s] Level 1:colcon.colcon_core.environment:checking '/home/filipe/ros2_selfdriving/install/ros2bags/lib/python3.10/site-packages'
[1.531s] Level 1:colcon.colcon_core.shell:create_environment_hook('ros2bags', 'pythonpath')
[1.531s] INFO:colcon.colcon_core.shell:Creating environment hook '/home/filipe/ros2_selfdriving/install/ros2bags/share/ros2bags/hook/pythonpath.ps1'
[1.532s] INFO:colcon.colcon_core.shell:Creating environment descriptor '/home/filipe/ros2_selfdriving/install/ros2bags/share/ros2bags/hook/pythonpath.dsv'
[1.532s] INFO:colcon.colcon_core.shell:Creating environment hook '/home/filipe/ros2_selfdriving/install/ros2bags/share/ros2bags/hook/pythonpath.sh'
[1.532s] Level 1:colcon.colcon_core.environment:checking '/home/filipe/ros2_selfdriving/install/ros2bags/bin'
[1.532s] Level 1:colcon.colcon_core.environment:create_environment_scripts_only(ros2bags)
[1.533s] INFO:colcon.colcon_core.shell:Creating package script '/home/filipe/ros2_selfdriving/install/ros2bags/share/ros2bags/package.ps1'
[1.533s] INFO:colcon.colcon_core.shell:Creating package descriptor '/home/filipe/ros2_selfdriving/install/ros2bags/share/ros2bags/package.dsv'
[1.534s] INFO:colcon.colcon_core.shell:Creating package script '/home/filipe/ros2_selfdriving/install/ros2bags/share/ros2bags/package.sh'
[1.534s] INFO:colcon.colcon_core.shell:Creating package script '/home/filipe/ros2_selfdriving/install/ros2bags/share/ros2bags/package.bash'
[1.535s] INFO:colcon.colcon_core.shell:Creating package script '/home/filipe/ros2_selfdriving/install/ros2bags/share/ros2bags/package.zsh'
[1.535s] Level 1:colcon.colcon_core.environment:create_file_with_runtime_dependencies(/home/filipe/ros2_selfdriving/install/ros2bags/share/colcon-core/packages/ros2bags)
[1.536s] Level 1:colcon.colcon_core.environment:checking '/home/filipe/ros2_selfdriving/install/navigation_testing' for CMake module files
[1.537s] DEBUG:colcon.colcon_core.event_handler.log_command:Invoked command in '/home/filipe/ros2_selfdriving/src/navigation_testing' returned '0': PYTHONPATH=/home/filipe/ros2_selfdriving/build/navigation_testing/prefix_override:/home/filipe/ros2_selfdriving/install/navigation_testing/lib/python3.10/site-packages:${PYTHONPATH} /usr/bin/python3 -W ignore:setup.py install is deprecated setup.py egg_info --egg-base ../../build/navigation_testing build --build-base /home/filipe/ros2_selfdriving/build/navigation_testing/build install --record /home/filipe/ros2_selfdriving/build/navigation_testing/install.log --single-version-externally-managed install_data
[1.537s] Level 1:colcon.colcon_core.environment:checking '/home/filipe/ros2_selfdriving/install/navigation_testing' for CMake config files
[1.537s] Level 1:colcon.colcon_core.environment:checking '/home/filipe/ros2_selfdriving/install/navigation_testing/lib'
[1.537s] Level 1:colcon.colcon_core.environment:checking '/home/filipe/ros2_selfdriving/install/navigation_testing/bin'
[1.537s] Level 1:colcon.colcon_core.environment:checking '/home/filipe/ros2_selfdriving/install/navigation_testing/lib/pkgconfig/navigation_testing.pc'
[1.537s] Level 1:colcon.colcon_core.environment:checking '/home/filipe/ros2_selfdriving/install/navigation_testing/lib/python3.10/site-packages'
[1.537s] Level 1:colcon.colcon_core.shell:create_environment_hook('navigation_testing', 'pythonpath')
[1.538s] INFO:colcon.colcon_core.shell:Creating environment hook '/home/filipe/ros2_selfdriving/install/navigation_testing/share/navigation_testing/hook/pythonpath.ps1'
[1.538s] INFO:colcon.colcon_core.shell:Creating environment descriptor '/home/filipe/ros2_selfdriving/install/navigation_testing/share/navigation_testing/hook/pythonpath.dsv'
[1.538s] INFO:colcon.colcon_core.shell:Creating environment hook '/home/filipe/ros2_selfdriving/install/navigation_testing/share/navigation_testing/hook/pythonpath.sh'
[1.539s] Level 1:colcon.colcon_core.environment:checking '/home/filipe/ros2_selfdriving/install/navigation_testing/bin'
[1.539s] Level 1:colcon.colcon_core.environment:create_environment_scripts_only(navigation_testing)
[1.539s] INFO:colcon.colcon_core.shell:Creating package script '/home/filipe/ros2_selfdriving/install/navigation_testing/share/navigation_testing/package.ps1'
[1.539s] INFO:colcon.colcon_core.shell:Creating package descriptor '/home/filipe/ros2_selfdriving/install/navigation_testing/share/navigation_testing/package.dsv'
[1.539s] INFO:colcon.colcon_core.shell:Creating package script '/home/filipe/ros2_selfdriving/install/navigation_testing/share/navigation_testing/package.sh'
[1.540s] INFO:colcon.colcon_core.shell:Creating package script '/home/filipe/ros2_selfdriving/install/navigation_testing/share/navigation_testing/package.bash'
[1.540s] INFO:colcon.colcon_core.shell:Creating package script '/home/filipe/ros2_selfdriving/install/navigation_testing/share/navigation_testing/package.zsh'
[1.540s] Level 1:colcon.colcon_core.environment:create_file_with_runtime_dependencies(/home/filipe/ros2_selfdriving/install/navigation_testing/share/colcon-core/packages/navigation_testing)
[1.540s] DEBUG:colcon.colcon_parallel_executor.executor.parallel:closing loop
[1.541s] DEBUG:colcon.colcon_parallel_executor.executor.parallel:loop closed
[1.541s] DEBUG:colcon.colcon_parallel_executor.executor.parallel:run_until_complete finished with '0'
[1.541s] DEBUG:colcon.colcon_core.event_reactor:joining thread
[1.545s] INFO:colcon.colcon_core.plugin_system:Skipping extension 'colcon_notification.desktop_notification.terminal_notifier': Not used on non-Darwin systems
[1.545s] INFO:colcon.colcon_core.plugin_system:Skipping extension 'colcon_notification.desktop_notification.win32': Not used on non-Windows systems
[1.545s] INFO:colcon.colcon_notification.desktop_notification:Sending desktop notification using 'notify2'
[1.553s] DEBUG:colcon.colcon_core.event_reactor:joined thread
[1.553s] INFO:colcon.colcon_core.shell:Creating prefix script '/home/filipe/ros2_selfdriving/install/local_setup.ps1'
[1.554s] INFO:colcon.colcon_core.shell:Creating prefix util module '/home/filipe/ros2_selfdriving/install/_local_setup_util_ps1.py'
[1.555s] INFO:colcon.colcon_core.shell:Creating prefix chain script '/home/filipe/ros2_selfdriving/install/setup.ps1'
[1.555s] INFO:colcon.colcon_core.shell:Creating prefix script '/home/filipe/ros2_selfdriving/install/local_setup.sh'
[1.556s] INFO:colcon.colcon_core.shell:Creating prefix util module '/home/filipe/ros2_selfdriving/install/_local_setup_util_sh.py'
[1.556s] INFO:colcon.colcon_core.shell:Creating prefix chain script '/home/filipe/ros2_selfdriving/install/setup.sh'
[1.557s] INFO:colcon.colcon_core.shell:Creating prefix script '/home/filipe/ros2_selfdriving/install/local_setup.bash'
[1.557s] INFO:colcon.colcon_core.shell:Creating prefix chain script '/home/filipe/ros2_selfdriving/install/setup.bash'
[1.558s] INFO:colcon.colcon_core.shell:Creating prefix script '/home/filipe/ros2_selfdriving/install/local_setup.zsh'
[1.558s] INFO:colcon.colcon_core.shell:Creating prefix chain script '/home/filipe/ros2_selfdriving/install/setup.zsh'
