[1.166s] Invoking command in '/home/rics/ros2_selfdriving/src/ros2bag_convert': PYTHONPATH=/home/rics/ros2_selfdriving/build/ros2bag_convert/prefix_override:/home/rics/ros2_selfdriving/install/ros2bag_convert/lib/python3.10/site-packages:${PYTHONPATH} /usr/bin/python3 -W ignore:setup.py install is deprecated setup.py egg_info --egg-base ../../build/ros2bag_convert build --build-base /home/rics/ros2_selfdriving/build/ros2bag_convert/build install --record /home/rics/ros2_selfdriving/build/ros2bag_convert/install.log --single-version-externally-managed
[1.476s] running egg_info
[1.477s] writing ../../build/ros2bag_convert/ros2bag_convert.egg-info/PKG-INFO
[1.478s] writing dependency_links to ../../build/ros2bag_convert/ros2bag_convert.egg-info/dependency_links.txt
[1.478s] writing entry points to ../../build/ros2bag_convert/ros2bag_convert.egg-info/entry_points.txt
[1.479s] writing requirements to ../../build/ros2bag_convert/ros2bag_convert.egg-info/requires.txt
[1.479s] writing top-level names to ../../build/ros2bag_convert/ros2bag_convert.egg-info/top_level.txt
[1.481s] reading manifest file '../../build/ros2bag_convert/ros2bag_convert.egg-info/SOURCES.txt'
[1.482s] adding license file 'LICENSE'
[1.483s] writing manifest file '../../build/ros2bag_convert/ros2bag_convert.egg-info/SOURCES.txt'
[1.483s] running build
[1.484s] running build_py
[1.485s] running install
[1.485s] running install_lib
[1.488s] running install_egg_info
[1.491s] removing '/home/rics/ros2_selfdriving/install/ros2bag_convert/lib/python3.10/site-packages/ros2bag_convert-0.1.0-py3.10.egg-info' (and everything under it)
[1.491s] Copying ../../build/ros2bag_convert/ros2bag_convert.egg-info to /home/rics/ros2_selfdriving/install/ros2bag_convert/lib/python3.10/site-packages/ros2bag_convert-0.1.0-py3.10.egg-info
[1.493s] running install_scripts
[1.526s] Installing ros2bag-convert script to /home/rics/ros2_selfdriving/install/ros2bag_convert/lib/ros2bag_convert
[1.526s] writing list of installed files to '/home/rics/ros2_selfdriving/build/ros2bag_convert/install.log'
[1.570s] Invoked command in '/home/rics/ros2_selfdriving/src/ros2bag_convert' returned '0': PYTHONPATH=/home/rics/ros2_selfdriving/build/ros2bag_convert/prefix_override:/home/rics/ros2_selfdriving/install/ros2bag_convert/lib/python3.10/site-packages:${PYTHONPATH} /usr/bin/python3 -W ignore:setup.py install is deprecated setup.py egg_info --egg-base ../../build/ros2bag_convert build --build-base /home/rics/ros2_selfdriving/build/ros2bag_convert/build install --record /home/rics/ros2_selfdriving/build/ros2bag_convert/install.log --single-version-externally-managed
