running egg_info
writing ../../build/ros2bags/ros2bag_convert.egg-info/PKG-INFO
writing dependency_links to ../../build/ros2bags/ros2bag_convert.egg-info/dependency_links.txt
writing entry points to ../../build/ros2bags/ros2bag_convert.egg-info/entry_points.txt
writing requirements to ../../build/ros2bags/ros2bag_convert.egg-info/requires.txt
writing top-level names to ../../build/ros2bags/ros2bag_convert.egg-info/top_level.txt
reading manifest file '../../build/ros2bags/ros2bag_convert.egg-info/SOURCES.txt'
adding license file 'LICENSE'
writing manifest file '../../build/ros2bags/ros2bag_convert.egg-info/SOURCES.txt'
running build
running build_py
copying ros2bag_convert/ros2bag_convert/read_bag.py -> /home/rics/ros2_selfdriving/build/ros2bags/build/lib/ros2bag_convert/ros2bag_convert
copying ros2bag_convert/ros2bag_convert/__init__.py -> /home/rics/ros2_selfdriving/build/ros2bags/build/lib/ros2bag_convert/ros2bag_convert
copying ros2bag_convert/ros2bag_convert/json_message_converter.py -> /home/rics/ros2_selfdriving/build/ros2bags/build/lib/ros2bag_convert/ros2bag_convert
copying ros2bag_convert/ros2bag_convert/save_csv_file.py -> /home/rics/ros2_selfdriving/build/ros2bags/build/lib/ros2bag_convert/ros2bag_convert
copying ros2bag_convert/ros2bag_convert/message_converter.py -> /home/rics/ros2_selfdriving/build/ros2bags/build/lib/ros2bag_convert/ros2bag_convert
copying ros2bag_convert/main.py -> /home/rics/ros2_selfdriving/build/ros2bags/build/lib/ros2bag_convert
copying ros2bag_convert/__init__.py -> /home/rics/ros2_selfdriving/build/ros2bags/build/lib/ros2bag_convert
running install
running install_lib
copying /home/rics/ros2_selfdriving/build/ros2bags/build/lib/ros2bag_convert/main.py -> /home/rics/ros2_selfdriving/install/ros2bags/lib/python3.10/site-packages/ros2bag_convert
copying /home/rics/ros2_selfdriving/build/ros2bags/build/lib/ros2bag_convert/__init__.py -> /home/rics/ros2_selfdriving/install/ros2bags/lib/python3.10/site-packages/ros2bag_convert
copying /home/rics/ros2_selfdriving/build/ros2bags/build/lib/ros2bag_convert/ros2bag_convert/read_bag.py -> /home/rics/ros2_selfdriving/install/ros2bags/lib/python3.10/site-packages/ros2bag_convert/ros2bag_convert
copying /home/rics/ros2_selfdriving/build/ros2bags/build/lib/ros2bag_convert/ros2bag_convert/__init__.py -> /home/rics/ros2_selfdriving/install/ros2bags/lib/python3.10/site-packages/ros2bag_convert/ros2bag_convert
copying /home/rics/ros2_selfdriving/build/ros2bags/build/lib/ros2bag_convert/ros2bag_convert/json_message_converter.py -> /home/rics/ros2_selfdriving/install/ros2bags/lib/python3.10/site-packages/ros2bag_convert/ros2bag_convert
copying /home/rics/ros2_selfdriving/build/ros2bags/build/lib/ros2bag_convert/ros2bag_convert/save_csv_file.py -> /home/rics/ros2_selfdriving/install/ros2bags/lib/python3.10/site-packages/ros2bag_convert/ros2bag_convert
copying /home/rics/ros2_selfdriving/build/ros2bags/build/lib/ros2bag_convert/ros2bag_convert/message_converter.py -> /home/rics/ros2_selfdriving/install/ros2bags/lib/python3.10/site-packages/ros2bag_convert/ros2bag_convert
byte-compiling /home/rics/ros2_selfdriving/install/ros2bags/lib/python3.10/site-packages/ros2bag_convert/main.py to main.cpython-310.pyc
byte-compiling /home/rics/ros2_selfdriving/install/ros2bags/lib/python3.10/site-packages/ros2bag_convert/__init__.py to __init__.cpython-310.pyc
byte-compiling /home/rics/ros2_selfdriving/install/ros2bags/lib/python3.10/site-packages/ros2bag_convert/ros2bag_convert/read_bag.py to read_bag.cpython-310.pyc
byte-compiling /home/rics/ros2_selfdriving/install/ros2bags/lib/python3.10/site-packages/ros2bag_convert/ros2bag_convert/__init__.py to __init__.cpython-310.pyc
byte-compiling /home/rics/ros2_selfdriving/install/ros2bags/lib/python3.10/site-packages/ros2bag_convert/ros2bag_convert/json_message_converter.py to json_message_converter.cpython-310.pyc
byte-compiling /home/rics/ros2_selfdriving/install/ros2bags/lib/python3.10/site-packages/ros2bag_convert/ros2bag_convert/save_csv_file.py to save_csv_file.cpython-310.pyc
byte-compiling /home/rics/ros2_selfdriving/install/ros2bags/lib/python3.10/site-packages/ros2bag_convert/ros2bag_convert/message_converter.py to message_converter.cpython-310.pyc
running install_egg_info
removing '/home/rics/ros2_selfdriving/install/ros2bags/lib/python3.10/site-packages/ros2bag_convert-0.1.0-py3.10.egg-info' (and everything under it)
Copying ../../build/ros2bags/ros2bag_convert.egg-info to /home/rics/ros2_selfdriving/install/ros2bags/lib/python3.10/site-packages/ros2bag_convert-0.1.0-py3.10.egg-info
running install_scripts
Installing ros2bag-convert script to /home/rics/ros2_selfdriving/install/ros2bags/lib/ros2bag_convert
writing list of installed files to '/home/rics/ros2_selfdriving/build/ros2bags/install.log'
