[1.130s] Invoking command in '/home/rics/ros2_selfdriving/src/ros2bag_convert': PYTHONPATH=/home/rics/ros2_selfdriving/build/ros2bags/prefix_override:/home/rics/ros2_selfdriving/install/ros2bags/lib/python3.10/site-packages:${PYTHONPATH} /usr/bin/python3 -W ignore:setup.py install is deprecated setup.py egg_info --egg-base ../../build/ros2bags build --build-base /home/rics/ros2_selfdriving/build/ros2bags/build install --record /home/rics/ros2_selfdriving/build/ros2bags/install.log --single-version-externally-managed
[1.445s] running egg_info
[1.446s] writing ../../build/ros2bags/ros2bag_convert.egg-info/PKG-INFO
[1.446s] writing dependency_links to ../../build/ros2bags/ros2bag_convert.egg-info/dependency_links.txt
[1.447s] writing entry points to ../../build/ros2bags/ros2bag_convert.egg-info/entry_points.txt
[1.447s] writing requirements to ../../build/ros2bags/ros2bag_convert.egg-info/requires.txt
[1.447s] writing top-level names to ../../build/ros2bags/ros2bag_convert.egg-info/top_level.txt
[1.450s] reading manifest file '../../build/ros2bags/ros2bag_convert.egg-info/SOURCES.txt'
[1.450s] adding license file 'LICENSE'
[1.451s] writing manifest file '../../build/ros2bags/ros2bag_convert.egg-info/SOURCES.txt'
[1.451s] running build
[1.452s] running build_py
[1.452s] copying ros2bag_convert/ros2bag_convert/read_bag.py -> /home/rics/ros2_selfdriving/build/ros2bags/build/lib/ros2bag_convert/ros2bag_convert
[1.453s] copying ros2bag_convert/ros2bag_convert/__init__.py -> /home/rics/ros2_selfdriving/build/ros2bags/build/lib/ros2bag_convert/ros2bag_convert
[1.453s] copying ros2bag_convert/ros2bag_convert/json_message_converter.py -> /home/rics/ros2_selfdriving/build/ros2bags/build/lib/ros2bag_convert/ros2bag_convert
[1.453s] copying ros2bag_convert/ros2bag_convert/save_csv_file.py -> /home/rics/ros2_selfdriving/build/ros2bags/build/lib/ros2bag_convert/ros2bag_convert
[1.453s] copying ros2bag_convert/ros2bag_convert/message_converter.py -> /home/rics/ros2_selfdriving/build/ros2bags/build/lib/ros2bag_convert/ros2bag_convert
[1.454s] copying ros2bag_convert/main.py -> /home/rics/ros2_selfdriving/build/ros2bags/build/lib/ros2bag_convert
[1.454s] copying ros2bag_convert/__init__.py -> /home/rics/ros2_selfdriving/build/ros2bags/build/lib/ros2bag_convert
[1.454s] running install
[1.455s] running install_lib
[1.456s] copying /home/rics/ros2_selfdriving/build/ros2bags/build/lib/ros2bag_convert/main.py -> /home/rics/ros2_selfdriving/install/ros2bags/lib/python3.10/site-packages/ros2bag_convert
[1.456s] copying /home/rics/ros2_selfdriving/build/ros2bags/build/lib/ros2bag_convert/__init__.py -> /home/rics/ros2_selfdriving/install/ros2bags/lib/python3.10/site-packages/ros2bag_convert
[1.456s] copying /home/rics/ros2_selfdriving/build/ros2bags/build/lib/ros2bag_convert/ros2bag_convert/read_bag.py -> /home/rics/ros2_selfdriving/install/ros2bags/lib/python3.10/site-packages/ros2bag_convert/ros2bag_convert
[1.457s] copying /home/rics/ros2_selfdriving/build/ros2bags/build/lib/ros2bag_convert/ros2bag_convert/__init__.py -> /home/rics/ros2_selfdriving/install/ros2bags/lib/python3.10/site-packages/ros2bag_convert/ros2bag_convert
[1.457s] copying /home/rics/ros2_selfdriving/build/ros2bags/build/lib/ros2bag_convert/ros2bag_convert/json_message_converter.py -> /home/rics/ros2_selfdriving/install/ros2bags/lib/python3.10/site-packages/ros2bag_convert/ros2bag_convert
[1.457s] copying /home/rics/ros2_selfdriving/build/ros2bags/build/lib/ros2bag_convert/ros2bag_convert/save_csv_file.py -> /home/rics/ros2_selfdriving/install/ros2bags/lib/python3.10/site-packages/ros2bag_convert/ros2bag_convert
[1.457s] copying /home/rics/ros2_selfdriving/build/ros2bags/build/lib/ros2bag_convert/ros2bag_convert/message_converter.py -> /home/rics/ros2_selfdriving/install/ros2bags/lib/python3.10/site-packages/ros2bag_convert/ros2bag_convert
[1.458s] byte-compiling /home/rics/ros2_selfdriving/install/ros2bags/lib/python3.10/site-packages/ros2bag_convert/main.py to main.cpython-310.pyc
[1.459s] byte-compiling /home/rics/ros2_selfdriving/install/ros2bags/lib/python3.10/site-packages/ros2bag_convert/__init__.py to __init__.cpython-310.pyc
[1.459s] byte-compiling /home/rics/ros2_selfdriving/install/ros2bags/lib/python3.10/site-packages/ros2bag_convert/ros2bag_convert/read_bag.py to read_bag.cpython-310.pyc
[1.462s] byte-compiling /home/rics/ros2_selfdriving/install/ros2bags/lib/python3.10/site-packages/ros2bag_convert/ros2bag_convert/__init__.py to __init__.cpython-310.pyc
[1.462s] byte-compiling /home/rics/ros2_selfdriving/install/ros2bags/lib/python3.10/site-packages/ros2bag_convert/ros2bag_convert/json_message_converter.py to json_message_converter.cpython-310.pyc
[1.462s] byte-compiling /home/rics/ros2_selfdriving/install/ros2bags/lib/python3.10/site-packages/ros2bag_convert/ros2bag_convert/save_csv_file.py to save_csv_file.cpython-310.pyc
[1.463s] byte-compiling /home/rics/ros2_selfdriving/install/ros2bags/lib/python3.10/site-packages/ros2bag_convert/ros2bag_convert/message_converter.py to message_converter.cpython-310.pyc
[1.465s] running install_egg_info
[1.467s] removing '/home/rics/ros2_selfdriving/install/ros2bags/lib/python3.10/site-packages/ros2bag_convert-0.1.0-py3.10.egg-info' (and everything under it)
[1.468s] Copying ../../build/ros2bags/ros2bag_convert.egg-info to /home/rics/ros2_selfdriving/install/ros2bags/lib/python3.10/site-packages/ros2bag_convert-0.1.0-py3.10.egg-info
[1.469s] running install_scripts
[1.494s] Installing ros2bag-convert script to /home/rics/ros2_selfdriving/install/ros2bags/lib/ros2bag_convert
[1.495s] writing list of installed files to '/home/rics/ros2_selfdriving/build/ros2bags/install.log'
[1.530s] Invoked command in '/home/rics/ros2_selfdriving/src/ros2bag_convert' returned '0': PYTHONPATH=/home/rics/ros2_selfdriving/build/ros2bags/prefix_override:/home/rics/ros2_selfdriving/install/ros2bags/lib/python3.10/site-packages:${PYTHONPATH} /usr/bin/python3 -W ignore:setup.py install is deprecated setup.py egg_info --egg-base ../../build/ros2bags build --build-base /home/rics/ros2_selfdriving/build/ros2bags/build install --record /home/rics/ros2_selfdriving/build/ros2bags/install.log --single-version-externally-managed
