[0.939s] Invoking command in '/home/filipe/thesis/ros2_selfdriving/src/ros2bag_convert': PYTHONPATH=/home/filipe/thesis/ros2_selfdriving/build/ros2bag_convert/prefix_override:/usr/lib/python3/dist-packages/colcon_core/task/python/colcon_distutils_commands:/home/filipe/thesis/ros2_selfdriving/install/ros2bag_convert/lib/python3.10/site-packages:${PYTHONPATH} /usr/bin/python3 -W ignore:setup.py install is deprecated setup.py egg_info --egg-base ../../build/ros2bag_convert build --build-base /home/filipe/thesis/ros2_selfdriving/build/ros2bag_convert/build install --record /home/filipe/thesis/ros2_selfdriving/build/ros2bag_convert/install.log --single-version-externally-managed
[1.169s] running egg_info
[1.186s] writing ../../build/ros2bag_convert/ros2bag_convert.egg-info/PKG-INFO
[1.187s] writing dependency_links to ../../build/ros2bag_convert/ros2bag_convert.egg-info/dependency_links.txt
[1.187s] writing entry points to ../../build/ros2bag_convert/ros2bag_convert.egg-info/entry_points.txt
[1.187s] writing requirements to ../../build/ros2bag_convert/ros2bag_convert.egg-info/requires.txt
[1.188s] writing top-level names to ../../build/ros2bag_convert/ros2bag_convert.egg-info/top_level.txt
[1.225s] reading manifest file '../../build/ros2bag_convert/ros2bag_convert.egg-info/SOURCES.txt'
[1.225s] adding license file 'LICENSE'
[1.226s] writing manifest file '../../build/ros2bag_convert/ros2bag_convert.egg-info/SOURCES.txt'
[1.226s] running build
[1.226s] running build_py
[1.227s] copying ros2bag_convert/__init__.py -> /home/filipe/thesis/ros2_selfdriving/build/ros2bag_convert/build/lib/ros2bag_convert
[1.227s] copying ros2bag_convert/main.py -> /home/filipe/thesis/ros2_selfdriving/build/ros2bag_convert/build/lib/ros2bag_convert
[1.228s] copying ros2bag_convert/ros2bag_convert/__init__.py -> /home/filipe/thesis/ros2_selfdriving/build/ros2bag_convert/build/lib/ros2bag_convert/ros2bag_convert
[1.228s] copying ros2bag_convert/ros2bag_convert/read_bag.py -> /home/filipe/thesis/ros2_selfdriving/build/ros2bag_convert/build/lib/ros2bag_convert/ros2bag_convert
[1.228s] copying ros2bag_convert/ros2bag_convert/save_csv_file.py -> /home/filipe/thesis/ros2_selfdriving/build/ros2bag_convert/build/lib/ros2bag_convert/ros2bag_convert
[1.228s] copying ros2bag_convert/ros2bag_convert/message_converter.py -> /home/filipe/thesis/ros2_selfdriving/build/ros2bag_convert/build/lib/ros2bag_convert/ros2bag_convert
[1.229s] copying ros2bag_convert/ros2bag_convert/json_message_converter.py -> /home/filipe/thesis/ros2_selfdriving/build/ros2bag_convert/build/lib/ros2bag_convert/ros2bag_convert
[1.229s] running install
[1.233s] running install_lib
[1.253s] running install_egg_info
[1.272s] removing '/home/filipe/thesis/ros2_selfdriving/install/ros2bag_convert/lib/python3.10/site-packages/ros2bag_convert-0.1.0-py3.10.egg-info' (and everything under it)
[1.272s] Copying ../../build/ros2bag_convert/ros2bag_convert.egg-info to /home/filipe/thesis/ros2_selfdriving/install/ros2bag_convert/lib/python3.10/site-packages/ros2bag_convert-0.1.0-py3.10.egg-info
[1.273s] running install_scripts
[1.420s] Installing ros2bags script to /home/filipe/thesis/ros2_selfdriving/install/ros2bag_convert/lib/ros2bag_convert
[1.421s] writing list of installed files to '/home/filipe/thesis/ros2_selfdriving/build/ros2bag_convert/install.log'
[1.452s] Invoked command in '/home/filipe/thesis/ros2_selfdriving/src/ros2bag_convert' returned '0': PYTHONPATH=/home/filipe/thesis/ros2_selfdriving/build/ros2bag_convert/prefix_override:/usr/lib/python3/dist-packages/colcon_core/task/python/colcon_distutils_commands:/home/filipe/thesis/ros2_selfdriving/install/ros2bag_convert/lib/python3.10/site-packages:${PYTHONPATH} /usr/bin/python3 -W ignore:setup.py install is deprecated setup.py egg_info --egg-base ../../build/ros2bag_convert build --build-base /home/filipe/thesis/ros2_selfdriving/build/ros2bag_convert/build install --record /home/filipe/thesis/ros2_selfdriving/build/ros2bag_convert/install.log --single-version-externally-managed
