[0.819s] Invoking command in '/home/filipe/ros2_selfdriving/src/ros2bag_convert': PYTHONPATH=/home/filipe/ros2_selfdriving/build/ros2bags/prefix_override:/home/filipe/ros2_selfdriving/install/ros2bags/lib/python3.10/site-packages:${PYTHONPATH} /usr/bin/python3 -W ignore:setup.py install is deprecated setup.py egg_info --egg-base ../../build/ros2bags build --build-base /home/filipe/ros2_selfdriving/build/ros2bags/build install --record /home/filipe/ros2_selfdriving/build/ros2bags/install.log --single-version-externally-managed
[1.018s] running egg_info
[1.034s] writing ../../build/ros2bags/ros2bag_convert.egg-info/PKG-INFO
[1.035s] writing dependency_links to ../../build/ros2bags/ros2bag_convert.egg-info/dependency_links.txt
[1.035s] writing entry points to ../../build/ros2bags/ros2bag_convert.egg-info/entry_points.txt
[1.035s] writing requirements to ../../build/ros2bags/ros2bag_convert.egg-info/requires.txt
[1.035s] writing top-level names to ../../build/ros2bags/ros2bag_convert.egg-info/top_level.txt
[1.067s] reading manifest file '../../build/ros2bags/ros2bag_convert.egg-info/SOURCES.txt'
[1.067s] adding license file 'LICENSE'
[1.067s] writing manifest file '../../build/ros2bags/ros2bag_convert.egg-info/SOURCES.txt'
[1.068s] running build
[1.068s] running build_py
[1.068s] copying ros2bag_convert/__init__.py -> /home/filipe/ros2_selfdriving/build/ros2bags/build/lib/ros2bag_convert
[1.068s] copying ros2bag_convert/main.py -> /home/filipe/ros2_selfdriving/build/ros2bags/build/lib/ros2bag_convert
[1.068s] copying ros2bag_convert/ros2bag_convert/__init__.py -> /home/filipe/ros2_selfdriving/build/ros2bags/build/lib/ros2bag_convert/ros2bag_convert
[1.068s] copying ros2bag_convert/ros2bag_convert/read_bag.py -> /home/filipe/ros2_selfdriving/build/ros2bags/build/lib/ros2bag_convert/ros2bag_convert
[1.068s] copying ros2bag_convert/ros2bag_convert/save_csv_file.py -> /home/filipe/ros2_selfdriving/build/ros2bags/build/lib/ros2bag_convert/ros2bag_convert
[1.069s] copying ros2bag_convert/ros2bag_convert/message_converter.py -> /home/filipe/ros2_selfdriving/build/ros2bags/build/lib/ros2bag_convert/ros2bag_convert
[1.069s] copying ros2bag_convert/ros2bag_convert/json_message_converter.py -> /home/filipe/ros2_selfdriving/build/ros2bags/build/lib/ros2bag_convert/ros2bag_convert
[1.069s] running install
[1.073s] running install_lib
[1.088s] running install_egg_info
[1.104s] removing '/home/filipe/ros2_selfdriving/install/ros2bags/lib/python3.10/site-packages/ros2bag_convert-0.1.0-py3.10.egg-info' (and everything under it)
[1.104s] Copying ../../build/ros2bags/ros2bag_convert.egg-info to /home/filipe/ros2_selfdriving/install/ros2bags/lib/python3.10/site-packages/ros2bag_convert-0.1.0-py3.10.egg-info
[1.105s] running install_scripts
[1.232s] Installing ros2bags script to /home/filipe/ros2_selfdriving/install/ros2bags/lib/ros2bag_convert
[1.232s] writing list of installed files to '/home/filipe/ros2_selfdriving/build/ros2bags/install.log'
[1.252s] Invoked command in '/home/filipe/ros2_selfdriving/src/ros2bag_convert' returned '0': PYTHONPATH=/home/filipe/ros2_selfdriving/build/ros2bags/prefix_override:/home/filipe/ros2_selfdriving/install/ros2bags/lib/python3.10/site-packages:${PYTHONPATH} /usr/bin/python3 -W ignore:setup.py install is deprecated setup.py egg_info --egg-base ../../build/ros2bags build --build-base /home/filipe/ros2_selfdriving/build/ros2bags/build install --record /home/filipe/ros2_selfdriving/build/ros2bags/install.log --single-version-externally-managed
