[0.896s] Invoking command in '/home/filipe/ros2_selfdriving/src/ros2bag_convert': PYTHONPATH=/home/filipe/ros2_selfdriving/build/ros2bag_convert/prefix_override:/home/filipe/ros2_selfdriving/install/ros2bag_convert/lib/python3.10/site-packages:${PYTHONPATH} /usr/bin/python3 -W ignore:setup.py install is deprecated setup.py egg_info --egg-base ../../build/ros2bag_convert build --build-base /home/filipe/ros2_selfdriving/build/ros2bag_convert/build install --record /home/filipe/ros2_selfdriving/build/ros2bag_convert/install.log --single-version-externally-managed
[1.094s] running egg_info
[1.108s] writing ../../build/ros2bag_convert/ros2bag_convert.egg-info/PKG-INFO
[1.109s] writing dependency_links to ../../build/ros2bag_convert/ros2bag_convert.egg-info/dependency_links.txt
[1.109s] writing entry points to ../../build/ros2bag_convert/ros2bag_convert.egg-info/entry_points.txt
[1.109s] writing requirements to ../../build/ros2bag_convert/ros2bag_convert.egg-info/requires.txt
[1.109s] writing top-level names to ../../build/ros2bag_convert/ros2bag_convert.egg-info/top_level.txt
[1.140s] reading manifest file '../../build/ros2bag_convert/ros2bag_convert.egg-info/SOURCES.txt'
[1.140s] adding license file 'LICENSE'
[1.141s] writing manifest file '../../build/ros2bag_convert/ros2bag_convert.egg-info/SOURCES.txt'
[1.141s] running build
[1.141s] running build_py
[1.141s] copying ros2bag_convert/__init__.py -> /home/filipe/ros2_selfdriving/build/ros2bag_convert/build/lib/ros2bag_convert
[1.141s] copying ros2bag_convert/main.py -> /home/filipe/ros2_selfdriving/build/ros2bag_convert/build/lib/ros2bag_convert
[1.142s] copying ros2bag_convert/ros2bag_convert/__init__.py -> /home/filipe/ros2_selfdriving/build/ros2bag_convert/build/lib/ros2bag_convert/ros2bag_convert
[1.142s] copying ros2bag_convert/ros2bag_convert/read_bag.py -> /home/filipe/ros2_selfdriving/build/ros2bag_convert/build/lib/ros2bag_convert/ros2bag_convert
[1.142s] copying ros2bag_convert/ros2bag_convert/save_csv_file.py -> /home/filipe/ros2_selfdriving/build/ros2bag_convert/build/lib/ros2bag_convert/ros2bag_convert
[1.142s] copying ros2bag_convert/ros2bag_convert/message_converter.py -> /home/filipe/ros2_selfdriving/build/ros2bag_convert/build/lib/ros2bag_convert/ros2bag_convert
[1.142s] copying ros2bag_convert/ros2bag_convert/json_message_converter.py -> /home/filipe/ros2_selfdriving/build/ros2bag_convert/build/lib/ros2bag_convert/ros2bag_convert
[1.142s] running install
[1.146s] running install_lib
[1.162s] running install_egg_info
[1.178s] removing '/home/filipe/ros2_selfdriving/install/ros2bag_convert/lib/python3.10/site-packages/ros2bag_convert-0.1.0-py3.10.egg-info' (and everything under it)
[1.178s] Copying ../../build/ros2bag_convert/ros2bag_convert.egg-info to /home/filipe/ros2_selfdriving/install/ros2bag_convert/lib/python3.10/site-packages/ros2bag_convert-0.1.0-py3.10.egg-info
[1.179s] running install_scripts
[1.303s] Installing ros2bags script to /home/filipe/ros2_selfdriving/install/ros2bag_convert/lib/ros2bag_convert
[1.303s] writing list of installed files to '/home/filipe/ros2_selfdriving/build/ros2bag_convert/install.log'
[1.321s] Invoked command in '/home/filipe/ros2_selfdriving/src/ros2bag_convert' returned '0': PYTHONPATH=/home/filipe/ros2_selfdriving/build/ros2bag_convert/prefix_override:/home/filipe/ros2_selfdriving/install/ros2bag_convert/lib/python3.10/site-packages:${PYTHONPATH} /usr/bin/python3 -W ignore:setup.py install is deprecated setup.py egg_info --egg-base ../../build/ros2bag_convert build --build-base /home/filipe/ros2_selfdriving/build/ros2bag_convert/build install --record /home/filipe/ros2_selfdriving/build/ros2bag_convert/install.log --single-version-externally-managed
