[0.942s] Invoking command in '/home/filipe/ros2_selfdriving/src/ros2bag_convert': PYTHONPATH=/home/filipe/ros2_selfdriving/build/ros2bag_convert/prefix_override:/home/filipe/ros2_selfdriving/install/ros2bag_convert/lib/python3.10/site-packages:${PYTHONPATH} /usr/bin/python3 -W ignore:setup.py install is deprecated setup.py egg_info --egg-base ../../build/ros2bag_convert build --build-base /home/filipe/ros2_selfdriving/build/ros2bag_convert/build install --record /home/filipe/ros2_selfdriving/build/ros2bag_convert/install.log --single-version-externally-managed
[1.155s] running egg_info
[1.155s] creating ../../build/ros2bag_convert/ros2bag_convert.egg-info
[1.173s] writing ../../build/ros2bag_convert/ros2bag_convert.egg-info/PKG-INFO
[1.174s] writing dependency_links to ../../build/ros2bag_convert/ros2bag_convert.egg-info/dependency_links.txt
[1.174s] writing entry points to ../../build/ros2bag_convert/ros2bag_convert.egg-info/entry_points.txt
[1.174s] writing requirements to ../../build/ros2bag_convert/ros2bag_convert.egg-info/requires.txt
[1.174s] writing top-level names to ../../build/ros2bag_convert/ros2bag_convert.egg-info/top_level.txt
[1.175s] writing manifest file '../../build/ros2bag_convert/ros2bag_convert.egg-info/SOURCES.txt'
[1.207s] reading manifest file '../../build/ros2bag_convert/ros2bag_convert.egg-info/SOURCES.txt'
[1.207s] adding license file 'LICENSE'
[1.207s] writing manifest file '../../build/ros2bag_convert/ros2bag_convert.egg-info/SOURCES.txt'
[1.208s] running build
[1.208s] running build_py
[1.208s] creating /home/filipe/ros2_selfdriving/build/ros2bag_convert/build
[1.208s] creating /home/filipe/ros2_selfdriving/build/ros2bag_convert/build/lib
[1.208s] creating /home/filipe/ros2_selfdriving/build/ros2bag_convert/build/lib/ros2bag_convert
[1.208s] copying ros2bag_convert/__init__.py -> /home/filipe/ros2_selfdriving/build/ros2bag_convert/build/lib/ros2bag_convert
[1.208s] copying ros2bag_convert/main.py -> /home/filipe/ros2_selfdriving/build/ros2bag_convert/build/lib/ros2bag_convert
[1.208s] creating /home/filipe/ros2_selfdriving/build/ros2bag_convert/build/lib/ros2bag_convert/ros2bag_convert
[1.208s] copying ros2bag_convert/ros2bag_convert/__init__.py -> /home/filipe/ros2_selfdriving/build/ros2bag_convert/build/lib/ros2bag_convert/ros2bag_convert
[1.208s] copying ros2bag_convert/ros2bag_convert/read_bag.py -> /home/filipe/ros2_selfdriving/build/ros2bag_convert/build/lib/ros2bag_convert/ros2bag_convert
[1.209s] copying ros2bag_convert/ros2bag_convert/save_csv_file.py -> /home/filipe/ros2_selfdriving/build/ros2bag_convert/build/lib/ros2bag_convert/ros2bag_convert
[1.209s] copying ros2bag_convert/ros2bag_convert/message_converter.py -> /home/filipe/ros2_selfdriving/build/ros2bag_convert/build/lib/ros2bag_convert/ros2bag_convert
[1.209s] copying ros2bag_convert/ros2bag_convert/json_message_converter.py -> /home/filipe/ros2_selfdriving/build/ros2bag_convert/build/lib/ros2bag_convert/ros2bag_convert
[1.209s] running install
[1.213s] running install_lib
[1.228s] creating /home/filipe/ros2_selfdriving/install/ros2bag_convert/lib/python3.10/site-packages/ros2bag_convert
[1.228s] creating /home/filipe/ros2_selfdriving/install/ros2bag_convert/lib/python3.10/site-packages/ros2bag_convert/ros2bag_convert
[1.229s] copying /home/filipe/ros2_selfdriving/build/ros2bag_convert/build/lib/ros2bag_convert/ros2bag_convert/__init__.py -> /home/filipe/ros2_selfdriving/install/ros2bag_convert/lib/python3.10/site-packages/ros2bag_convert/ros2bag_convert
[1.229s] copying /home/filipe/ros2_selfdriving/build/ros2bag_convert/build/lib/ros2bag_convert/ros2bag_convert/read_bag.py -> /home/filipe/ros2_selfdriving/install/ros2bag_convert/lib/python3.10/site-packages/ros2bag_convert/ros2bag_convert
[1.229s] copying /home/filipe/ros2_selfdriving/build/ros2bag_convert/build/lib/ros2bag_convert/ros2bag_convert/save_csv_file.py -> /home/filipe/ros2_selfdriving/install/ros2bag_convert/lib/python3.10/site-packages/ros2bag_convert/ros2bag_convert
[1.229s] copying /home/filipe/ros2_selfdriving/build/ros2bag_convert/build/lib/ros2bag_convert/ros2bag_convert/message_converter.py -> /home/filipe/ros2_selfdriving/install/ros2bag_convert/lib/python3.10/site-packages/ros2bag_convert/ros2bag_convert
[1.229s] copying /home/filipe/ros2_selfdriving/build/ros2bag_convert/build/lib/ros2bag_convert/ros2bag_convert/json_message_converter.py -> /home/filipe/ros2_selfdriving/install/ros2bag_convert/lib/python3.10/site-packages/ros2bag_convert/ros2bag_convert
[1.229s] copying /home/filipe/ros2_selfdriving/build/ros2bag_convert/build/lib/ros2bag_convert/__init__.py -> /home/filipe/ros2_selfdriving/install/ros2bag_convert/lib/python3.10/site-packages/ros2bag_convert
[1.229s] copying /home/filipe/ros2_selfdriving/build/ros2bag_convert/build/lib/ros2bag_convert/main.py -> /home/filipe/ros2_selfdriving/install/ros2bag_convert/lib/python3.10/site-packages/ros2bag_convert
[1.230s] byte-compiling /home/filipe/ros2_selfdriving/install/ros2bag_convert/lib/python3.10/site-packages/ros2bag_convert/ros2bag_convert/__init__.py to __init__.cpython-310.pyc
[1.230s] byte-compiling /home/filipe/ros2_selfdriving/install/ros2bag_convert/lib/python3.10/site-packages/ros2bag_convert/ros2bag_convert/read_bag.py to read_bag.cpython-310.pyc
[1.231s] byte-compiling /home/filipe/ros2_selfdriving/install/ros2bag_convert/lib/python3.10/site-packages/ros2bag_convert/ros2bag_convert/save_csv_file.py to save_csv_file.cpython-310.pyc
[1.231s] byte-compiling /home/filipe/ros2_selfdriving/install/ros2bag_convert/lib/python3.10/site-packages/ros2bag_convert/ros2bag_convert/message_converter.py to message_converter.cpython-310.pyc
[1.232s] byte-compiling /home/filipe/ros2_selfdriving/install/ros2bag_convert/lib/python3.10/site-packages/ros2bag_convert/ros2bag_convert/json_message_converter.py to json_message_converter.cpython-310.pyc
[1.233s] byte-compiling /home/filipe/ros2_selfdriving/install/ros2bag_convert/lib/python3.10/site-packages/ros2bag_convert/__init__.py to __init__.cpython-310.pyc
[1.233s] byte-compiling /home/filipe/ros2_selfdriving/install/ros2bag_convert/lib/python3.10/site-packages/ros2bag_convert/main.py to main.cpython-310.pyc
[1.233s] running install_egg_info
[1.249s] Copying ../../build/ros2bag_convert/ros2bag_convert.egg-info to /home/filipe/ros2_selfdriving/install/ros2bag_convert/lib/python3.10/site-packages/ros2bag_convert-0.1.0-py3.10.egg-info
[1.250s] running install_scripts
[1.391s] Installing ros2bags script to /home/filipe/ros2_selfdriving/install/ros2bag_convert/lib/ros2bag_convert
[1.392s] writing list of installed files to '/home/filipe/ros2_selfdriving/build/ros2bag_convert/install.log'
[1.415s] Invoked command in '/home/filipe/ros2_selfdriving/src/ros2bag_convert' returned '0': PYTHONPATH=/home/filipe/ros2_selfdriving/build/ros2bag_convert/prefix_override:/home/filipe/ros2_selfdriving/install/ros2bag_convert/lib/python3.10/site-packages:${PYTHONPATH} /usr/bin/python3 -W ignore:setup.py install is deprecated setup.py egg_info --egg-base ../../build/ros2bag_convert build --build-base /home/filipe/ros2_selfdriving/build/ros2bag_convert/build install --record /home/filipe/ros2_selfdriving/build/ros2bag_convert/install.log --single-version-externally-managed
