[0.134s] DEBUG:colcon:Command line arguments: ['/usr/bin/colcon', 'build']
[0.134s] DEBUG:colcon:Parsed command line arguments: Namespace(log_base=None, log_level=None, verb_name='build', build_base='build', install_base='install', merge_install=False, symlink_install=False, test_result_base=None, continue_on_error=False, executor='parallel', parallel_workers=4, event_handlers=None, ignore_user_meta=False, metas=['./colcon.meta'], base_paths=['.'], packages_ignore=None, packages_ignore_regex=None, paths=None, packages_up_to=None, packages_up_to_regex=None, packages_above=None, packages_above_and_dependencies=None, packages_above_depth=None, packages_select_by_dep=None, packages_skip_by_dep=None, packages_skip_up_to=None, packages_select_build_failed=False, packages_skip_build_finished=False, packages_select_test_failures=False, packages_skip_test_passed=False, packages_select=None, packages_skip=None, packages_select_regex=None, packages_skip_regex=None, packages_start=None, packages_end=None, allow_overriding=[], cmake_args=None, cmake_target=None, cmake_target_skip_unavailable=False, cmake_clean_cache=False, cmake_clean_first=False, cmake_force_configure=False, ament_cmake_args=None, catkin_cmake_args=None, catkin_skip_building_tests=False, mixin_files=None, mixin=None, verb_parser=<colcon_mixin.mixin.mixin_argument.MixinArgumentDecorator object at 0x70993e92e950>, verb_extension=<colcon_core.verb.build.BuildVerb object at 0x70993e92e2c0>, main=<bound method BuildVerb.main of <colcon_core.verb.build.BuildVerb object at 0x70993e92e2c0>>, mixin_verb=('build',))
[0.343s] Level 1:colcon.colcon_core.package_discovery:discover_packages(colcon_meta) check parameters
[0.343s] Level 1:colcon.colcon_core.package_discovery:discover_packages(recursive) check parameters
[0.343s] Level 1:colcon.colcon_core.package_discovery:discover_packages(ignore) check parameters
[0.343s] Level 1:colcon.colcon_core.package_discovery:discover_packages(path) check parameters
[0.343s] Level 1:colcon.colcon_core.package_discovery:discover_packages(colcon_meta) discover
[0.343s] Level 1:colcon.colcon_core.package_discovery:discover_packages(recursive) discover
[0.343s] INFO:colcon.colcon_core.package_discovery:Crawling recursively for packages in '/home/rics/ros2_selfdriving'
[0.343s] Level 1:colcon.colcon_core.package_identification:_identify(.) by extensions ['ignore', 'ignore_ament_install']
[0.344s] Level 1:colcon.colcon_core.package_identification:_identify(.) by extension 'ignore'
[0.344s] Level 1:colcon.colcon_core.package_identification:_identify(.) by extension 'ignore_ament_install'
[0.344s] Level 1:colcon.colcon_core.package_identification:_identify(.) by extensions ['colcon_pkg']
[0.344s] Level 1:colcon.colcon_core.package_identification:_identify(.) by extension 'colcon_pkg'
[0.344s] Level 1:colcon.colcon_core.package_identification:_identify(.) by extensions ['colcon_meta']
[0.344s] Level 1:colcon.colcon_core.package_identification:_identify(.) by extension 'colcon_meta'
[0.344s] Level 1:colcon.colcon_core.package_identification:_identify(.) by extensions ['ros']
[0.344s] Level 1:colcon.colcon_core.package_identification:_identify(.) by extension 'ros'
[0.357s] Level 1:colcon.colcon_core.package_identification:_identify(.) by extensions ['cmake', 'python']
[0.357s] Level 1:colcon.colcon_core.package_identification:_identify(.) by extension 'cmake'
[0.357s] Level 1:colcon.colcon_core.package_identification:_identify(.) by extension 'python'
[0.357s] Level 1:colcon.colcon_core.package_identification:_identify(.) by extensions ['python_setup_py']
[0.357s] Level 1:colcon.colcon_core.package_identification:_identify(.) by extension 'python_setup_py'
[0.357s] Level 1:colcon.colcon_core.package_identification:_identify(bag) by extensions ['ignore', 'ignore_ament_install']
[0.357s] Level 1:colcon.colcon_core.package_identification:_identify(bag) by extension 'ignore'
[0.358s] Level 1:colcon.colcon_core.package_identification:_identify(bag) by extension 'ignore_ament_install'
[0.358s] Level 1:colcon.colcon_core.package_identification:_identify(bag) by extensions ['colcon_pkg']
[0.358s] Level 1:colcon.colcon_core.package_identification:_identify(bag) by extension 'colcon_pkg'
[0.358s] Level 1:colcon.colcon_core.package_identification:_identify(bag) by extensions ['colcon_meta']
[0.358s] Level 1:colcon.colcon_core.package_identification:_identify(bag) by extension 'colcon_meta'
[0.358s] Level 1:colcon.colcon_core.package_identification:_identify(bag) by extensions ['ros']
[0.358s] Level 1:colcon.colcon_core.package_identification:_identify(bag) by extension 'ros'
[0.358s] Level 1:colcon.colcon_core.package_identification:_identify(bag) by extensions ['cmake', 'python']
[0.358s] Level 1:colcon.colcon_core.package_identification:_identify(bag) by extension 'cmake'
[0.358s] Level 1:colcon.colcon_core.package_identification:_identify(bag) by extension 'python'
[0.359s] Level 1:colcon.colcon_core.package_identification:_identify(bag) by extensions ['python_setup_py']
[0.359s] Level 1:colcon.colcon_core.package_identification:_identify(bag) by extension 'python_setup_py'
[0.359s] Level 1:colcon.colcon_core.package_identification:_identify(bags) by extensions ['ignore', 'ignore_ament_install']
[0.359s] Level 1:colcon.colcon_core.package_identification:_identify(bags) by extension 'ignore'
[0.359s] Level 1:colcon.colcon_core.package_identification:_identify(bags) by extension 'ignore_ament_install'
[0.359s] Level 1:colcon.colcon_core.package_identification:_identify(bags) by extensions ['colcon_pkg']
[0.359s] Level 1:colcon.colcon_core.package_identification:_identify(bags) by extension 'colcon_pkg'
[0.359s] Level 1:colcon.colcon_core.package_identification:_identify(bags) by extensions ['colcon_meta']
[0.359s] Level 1:colcon.colcon_core.package_identification:_identify(bags) by extension 'colcon_meta'
[0.359s] Level 1:colcon.colcon_core.package_identification:_identify(bags) by extensions ['ros']
[0.359s] Level 1:colcon.colcon_core.package_identification:_identify(bags) by extension 'ros'
[0.360s] Level 1:colcon.colcon_core.package_identification:_identify(bags) by extensions ['cmake', 'python']
[0.360s] Level 1:colcon.colcon_core.package_identification:_identify(bags) by extension 'cmake'
[0.360s] Level 1:colcon.colcon_core.package_identification:_identify(bags) by extension 'python'
[0.360s] Level 1:colcon.colcon_core.package_identification:_identify(bags) by extensions ['python_setup_py']
[0.360s] Level 1:colcon.colcon_core.package_identification:_identify(bags) by extension 'python_setup_py'
[0.360s] Level 1:colcon.colcon_core.package_identification:_identify(bags/circular_bag) by extensions ['ignore', 'ignore_ament_install']
[0.360s] Level 1:colcon.colcon_core.package_identification:_identify(bags/circular_bag) by extension 'ignore'
[0.360s] Level 1:colcon.colcon_core.package_identification:_identify(bags/circular_bag) by extension 'ignore_ament_install'
[0.361s] Level 1:colcon.colcon_core.package_identification:_identify(bags/circular_bag) by extensions ['colcon_pkg']
[0.361s] Level 1:colcon.colcon_core.package_identification:_identify(bags/circular_bag) by extension 'colcon_pkg'
[0.361s] Level 1:colcon.colcon_core.package_identification:_identify(bags/circular_bag) by extensions ['colcon_meta']
[0.361s] Level 1:colcon.colcon_core.package_identification:_identify(bags/circular_bag) by extension 'colcon_meta'
[0.361s] Level 1:colcon.colcon_core.package_identification:_identify(bags/circular_bag) by extensions ['ros']
[0.361s] Level 1:colcon.colcon_core.package_identification:_identify(bags/circular_bag) by extension 'ros'
[0.361s] Level 1:colcon.colcon_core.package_identification:_identify(bags/circular_bag) by extensions ['cmake', 'python']
[0.361s] Level 1:colcon.colcon_core.package_identification:_identify(bags/circular_bag) by extension 'cmake'
[0.361s] Level 1:colcon.colcon_core.package_identification:_identify(bags/circular_bag) by extension 'python'
[0.361s] Level 1:colcon.colcon_core.package_identification:_identify(bags/circular_bag) by extensions ['python_setup_py']
[0.361s] Level 1:colcon.colcon_core.package_identification:_identify(bags/circular_bag) by extension 'python_setup_py'
[0.362s] Level 1:colcon.colcon_core.package_identification:_identify(bags/eight_bag) by extensions ['ignore', 'ignore_ament_install']
[0.362s] Level 1:colcon.colcon_core.package_identification:_identify(bags/eight_bag) by extension 'ignore'
[0.362s] Level 1:colcon.colcon_core.package_identification:_identify(bags/eight_bag) by extension 'ignore_ament_install'
[0.362s] Level 1:colcon.colcon_core.package_identification:_identify(bags/eight_bag) by extensions ['colcon_pkg']
[0.362s] Level 1:colcon.colcon_core.package_identification:_identify(bags/eight_bag) by extension 'colcon_pkg'
[0.362s] Level 1:colcon.colcon_core.package_identification:_identify(bags/eight_bag) by extensions ['colcon_meta']
[0.362s] Level 1:colcon.colcon_core.package_identification:_identify(bags/eight_bag) by extension 'colcon_meta'
[0.362s] Level 1:colcon.colcon_core.package_identification:_identify(bags/eight_bag) by extensions ['ros']
[0.362s] Level 1:colcon.colcon_core.package_identification:_identify(bags/eight_bag) by extension 'ros'
[0.362s] Level 1:colcon.colcon_core.package_identification:_identify(bags/eight_bag) by extensions ['cmake', 'python']
[0.363s] Level 1:colcon.colcon_core.package_identification:_identify(bags/eight_bag) by extension 'cmake'
[0.363s] Level 1:colcon.colcon_core.package_identification:_identify(bags/eight_bag) by extension 'python'
[0.363s] Level 1:colcon.colcon_core.package_identification:_identify(bags/eight_bag) by extensions ['python_setup_py']
[0.363s] Level 1:colcon.colcon_core.package_identification:_identify(bags/eight_bag) by extension 'python_setup_py'
[0.363s] Level 1:colcon.colcon_core.package_identification:_identify(bags/full_bag_nav) by extensions ['ignore', 'ignore_ament_install']
[0.363s] Level 1:colcon.colcon_core.package_identification:_identify(bags/full_bag_nav) by extension 'ignore'
[0.363s] Level 1:colcon.colcon_core.package_identification:_identify(bags/full_bag_nav) by extension 'ignore_ament_install'
[0.363s] Level 1:colcon.colcon_core.package_identification:_identify(bags/full_bag_nav) by extensions ['colcon_pkg']
[0.363s] Level 1:colcon.colcon_core.package_identification:_identify(bags/full_bag_nav) by extension 'colcon_pkg'
[0.363s] Level 1:colcon.colcon_core.package_identification:_identify(bags/full_bag_nav) by extensions ['colcon_meta']
[0.364s] Level 1:colcon.colcon_core.package_identification:_identify(bags/full_bag_nav) by extension 'colcon_meta'
[0.364s] Level 1:colcon.colcon_core.package_identification:_identify(bags/full_bag_nav) by extensions ['ros']
[0.364s] Level 1:colcon.colcon_core.package_identification:_identify(bags/full_bag_nav) by extension 'ros'
[0.364s] Level 1:colcon.colcon_core.package_identification:_identify(bags/full_bag_nav) by extensions ['cmake', 'python']
[0.364s] Level 1:colcon.colcon_core.package_identification:_identify(bags/full_bag_nav) by extension 'cmake'
[0.364s] Level 1:colcon.colcon_core.package_identification:_identify(bags/full_bag_nav) by extension 'python'
[0.364s] Level 1:colcon.colcon_core.package_identification:_identify(bags/full_bag_nav) by extensions ['python_setup_py']
[0.364s] Level 1:colcon.colcon_core.package_identification:_identify(bags/full_bag_nav) by extension 'python_setup_py'
[0.364s] Level 1:colcon.colcon_core.package_identification:_identify(bags/scan_today_bag) by extensions ['ignore', 'ignore_ament_install']
[0.364s] Level 1:colcon.colcon_core.package_identification:_identify(bags/scan_today_bag) by extension 'ignore'
[0.365s] Level 1:colcon.colcon_core.package_identification:_identify(bags/scan_today_bag) by extension 'ignore_ament_install'
[0.365s] Level 1:colcon.colcon_core.package_identification:_identify(bags/scan_today_bag) by extensions ['colcon_pkg']
[0.365s] Level 1:colcon.colcon_core.package_identification:_identify(bags/scan_today_bag) by extension 'colcon_pkg'
[0.365s] Level 1:colcon.colcon_core.package_identification:_identify(bags/scan_today_bag) by extensions ['colcon_meta']
[0.365s] Level 1:colcon.colcon_core.package_identification:_identify(bags/scan_today_bag) by extension 'colcon_meta'
[0.365s] Level 1:colcon.colcon_core.package_identification:_identify(bags/scan_today_bag) by extensions ['ros']
[0.365s] Level 1:colcon.colcon_core.package_identification:_identify(bags/scan_today_bag) by extension 'ros'
[0.365s] Level 1:colcon.colcon_core.package_identification:_identify(bags/scan_today_bag) by extensions ['cmake', 'python']
[0.365s] Level 1:colcon.colcon_core.package_identification:_identify(bags/scan_today_bag) by extension 'cmake'
[0.365s] Level 1:colcon.colcon_core.package_identification:_identify(bags/scan_today_bag) by extension 'python'
[0.365s] Level 1:colcon.colcon_core.package_identification:_identify(bags/scan_today_bag) by extensions ['python_setup_py']
[0.366s] Level 1:colcon.colcon_core.package_identification:_identify(bags/scan_today_bag) by extension 'python_setup_py'
[0.366s] Level 1:colcon.colcon_core.package_identification:_identify(bags/speed) by extensions ['ignore', 'ignore_ament_install']
[0.366s] Level 1:colcon.colcon_core.package_identification:_identify(bags/speed) by extension 'ignore'
[0.366s] Level 1:colcon.colcon_core.package_identification:_identify(bags/speed) by extension 'ignore_ament_install'
[0.366s] Level 1:colcon.colcon_core.package_identification:_identify(bags/speed) by extensions ['colcon_pkg']
[0.366s] Level 1:colcon.colcon_core.package_identification:_identify(bags/speed) by extension 'colcon_pkg'
[0.366s] Level 1:colcon.colcon_core.package_identification:_identify(bags/speed) by extensions ['colcon_meta']
[0.366s] Level 1:colcon.colcon_core.package_identification:_identify(bags/speed) by extension 'colcon_meta'
[0.366s] Level 1:colcon.colcon_core.package_identification:_identify(bags/speed) by extensions ['ros']
[0.367s] Level 1:colcon.colcon_core.package_identification:_identify(bags/speed) by extension 'ros'
[0.367s] Level 1:colcon.colcon_core.package_identification:_identify(bags/speed) by extensions ['cmake', 'python']
[0.367s] Level 1:colcon.colcon_core.package_identification:_identify(bags/speed) by extension 'cmake'
[0.367s] Level 1:colcon.colcon_core.package_identification:_identify(bags/speed) by extension 'python'
[0.367s] Level 1:colcon.colcon_core.package_identification:_identify(bags/speed) by extensions ['python_setup_py']
[0.367s] Level 1:colcon.colcon_core.package_identification:_identify(bags/speed) by extension 'python_setup_py'
[0.367s] Level 1:colcon.colcon_core.package_identification:_identify(bags/squared_bag) by extensions ['ignore', 'ignore_ament_install']
[0.367s] Level 1:colcon.colcon_core.package_identification:_identify(bags/squared_bag) by extension 'ignore'
[0.367s] Level 1:colcon.colcon_core.package_identification:_identify(bags/squared_bag) by extension 'ignore_ament_install'
[0.368s] Level 1:colcon.colcon_core.package_identification:_identify(bags/squared_bag) by extensions ['colcon_pkg']
[0.368s] Level 1:colcon.colcon_core.package_identification:_identify(bags/squared_bag) by extension 'colcon_pkg'
[0.368s] Level 1:colcon.colcon_core.package_identification:_identify(bags/squared_bag) by extensions ['colcon_meta']
[0.368s] Level 1:colcon.colcon_core.package_identification:_identify(bags/squared_bag) by extension 'colcon_meta'
[0.368s] Level 1:colcon.colcon_core.package_identification:_identify(bags/squared_bag) by extensions ['ros']
[0.368s] Level 1:colcon.colcon_core.package_identification:_identify(bags/squared_bag) by extension 'ros'
[0.368s] Level 1:colcon.colcon_core.package_identification:_identify(bags/squared_bag) by extensions ['cmake', 'python']
[0.368s] Level 1:colcon.colcon_core.package_identification:_identify(bags/squared_bag) by extension 'cmake'
[0.368s] Level 1:colcon.colcon_core.package_identification:_identify(bags/squared_bag) by extension 'python'
[0.368s] Level 1:colcon.colcon_core.package_identification:_identify(bags/squared_bag) by extensions ['python_setup_py']
[0.368s] Level 1:colcon.colcon_core.package_identification:_identify(bags/squared_bag) by extension 'python_setup_py'
[0.369s] Level 1:colcon.colcon_core.package_identification:_identify(bags/test_bag) by extensions ['ignore', 'ignore_ament_install']
[0.369s] Level 1:colcon.colcon_core.package_identification:_identify(bags/test_bag) by extension 'ignore'
[0.369s] Level 1:colcon.colcon_core.package_identification:_identify(bags/test_bag) by extension 'ignore_ament_install'
[0.369s] Level 1:colcon.colcon_core.package_identification:_identify(bags/test_bag) by extensions ['colcon_pkg']
[0.369s] Level 1:colcon.colcon_core.package_identification:_identify(bags/test_bag) by extension 'colcon_pkg'
[0.369s] Level 1:colcon.colcon_core.package_identification:_identify(bags/test_bag) by extensions ['colcon_meta']
[0.369s] Level 1:colcon.colcon_core.package_identification:_identify(bags/test_bag) by extension 'colcon_meta'
[0.369s] Level 1:colcon.colcon_core.package_identification:_identify(bags/test_bag) by extensions ['ros']
[0.369s] Level 1:colcon.colcon_core.package_identification:_identify(bags/test_bag) by extension 'ros'
[0.369s] Level 1:colcon.colcon_core.package_identification:_identify(bags/test_bag) by extensions ['cmake', 'python']
[0.370s] Level 1:colcon.colcon_core.package_identification:_identify(bags/test_bag) by extension 'cmake'
[0.370s] Level 1:colcon.colcon_core.package_identification:_identify(bags/test_bag) by extension 'python'
[0.370s] Level 1:colcon.colcon_core.package_identification:_identify(bags/test_bag) by extensions ['python_setup_py']
[0.370s] Level 1:colcon.colcon_core.package_identification:_identify(bags/test_bag) by extension 'python_setup_py'
[0.370s] Level 1:colcon.colcon_core.package_identification:_identify(build) by extensions ['ignore', 'ignore_ament_install']
[0.370s] Level 1:colcon.colcon_core.package_identification:_identify(build) by extension 'ignore'
[0.370s] Level 1:colcon.colcon_core.package_identification:_identify(build) ignored
[0.370s] Level 1:colcon.colcon_core.package_identification:_identify(circular_bag) by extensions ['ignore', 'ignore_ament_install']
[0.371s] Level 1:colcon.colcon_core.package_identification:_identify(circular_bag) by extension 'ignore'
[0.371s] Level 1:colcon.colcon_core.package_identification:_identify(circular_bag) by extension 'ignore_ament_install'
[0.371s] Level 1:colcon.colcon_core.package_identification:_identify(circular_bag) by extensions ['colcon_pkg']
[0.371s] Level 1:colcon.colcon_core.package_identification:_identify(circular_bag) by extension 'colcon_pkg'
[0.371s] Level 1:colcon.colcon_core.package_identification:_identify(circular_bag) by extensions ['colcon_meta']
[0.371s] Level 1:colcon.colcon_core.package_identification:_identify(circular_bag) by extension 'colcon_meta'
[0.371s] Level 1:colcon.colcon_core.package_identification:_identify(circular_bag) by extensions ['ros']
[0.371s] Level 1:colcon.colcon_core.package_identification:_identify(circular_bag) by extension 'ros'
[0.371s] Level 1:colcon.colcon_core.package_identification:_identify(circular_bag) by extensions ['cmake', 'python']
[0.371s] Level 1:colcon.colcon_core.package_identification:_identify(circular_bag) by extension 'cmake'
[0.371s] Level 1:colcon.colcon_core.package_identification:_identify(circular_bag) by extension 'python'
[0.371s] Level 1:colcon.colcon_core.package_identification:_identify(circular_bag) by extensions ['python_setup_py']
[0.372s] Level 1:colcon.colcon_core.package_identification:_identify(circular_bag) by extension 'python_setup_py'
[0.372s] Level 1:colcon.colcon_core.package_identification:_identify(circular_bag_framed) by extensions ['ignore', 'ignore_ament_install']
[0.372s] Level 1:colcon.colcon_core.package_identification:_identify(circular_bag_framed) by extension 'ignore'
[0.372s] Level 1:colcon.colcon_core.package_identification:_identify(circular_bag_framed) by extension 'ignore_ament_install'
[0.372s] Level 1:colcon.colcon_core.package_identification:_identify(circular_bag_framed) by extensions ['colcon_pkg']
[0.372s] Level 1:colcon.colcon_core.package_identification:_identify(circular_bag_framed) by extension 'colcon_pkg'
[0.372s] Level 1:colcon.colcon_core.package_identification:_identify(circular_bag_framed) by extensions ['colcon_meta']
[0.372s] Level 1:colcon.colcon_core.package_identification:_identify(circular_bag_framed) by extension 'colcon_meta'
[0.372s] Level 1:colcon.colcon_core.package_identification:_identify(circular_bag_framed) by extensions ['ros']
[0.372s] Level 1:colcon.colcon_core.package_identification:_identify(circular_bag_framed) by extension 'ros'
[0.373s] Level 1:colcon.colcon_core.package_identification:_identify(circular_bag_framed) by extensions ['cmake', 'python']
[0.373s] Level 1:colcon.colcon_core.package_identification:_identify(circular_bag_framed) by extension 'cmake'
[0.373s] Level 1:colcon.colcon_core.package_identification:_identify(circular_bag_framed) by extension 'python'
[0.373s] Level 1:colcon.colcon_core.package_identification:_identify(circular_bag_framed) by extensions ['python_setup_py']
[0.373s] Level 1:colcon.colcon_core.package_identification:_identify(circular_bag_framed) by extension 'python_setup_py'
[0.373s] Level 1:colcon.colcon_core.package_identification:_identify(eight_bag) by extensions ['ignore', 'ignore_ament_install']
[0.373s] Level 1:colcon.colcon_core.package_identification:_identify(eight_bag) by extension 'ignore'
[0.373s] Level 1:colcon.colcon_core.package_identification:_identify(eight_bag) by extension 'ignore_ament_install'
[0.373s] Level 1:colcon.colcon_core.package_identification:_identify(eight_bag) by extensions ['colcon_pkg']
[0.373s] Level 1:colcon.colcon_core.package_identification:_identify(eight_bag) by extension 'colcon_pkg'
[0.374s] Level 1:colcon.colcon_core.package_identification:_identify(eight_bag) by extensions ['colcon_meta']
[0.374s] Level 1:colcon.colcon_core.package_identification:_identify(eight_bag) by extension 'colcon_meta'
[0.374s] Level 1:colcon.colcon_core.package_identification:_identify(eight_bag) by extensions ['ros']
[0.374s] Level 1:colcon.colcon_core.package_identification:_identify(eight_bag) by extension 'ros'
[0.374s] Level 1:colcon.colcon_core.package_identification:_identify(eight_bag) by extensions ['cmake', 'python']
[0.374s] Level 1:colcon.colcon_core.package_identification:_identify(eight_bag) by extension 'cmake'
[0.374s] Level 1:colcon.colcon_core.package_identification:_identify(eight_bag) by extension 'python'
[0.374s] Level 1:colcon.colcon_core.package_identification:_identify(eight_bag) by extensions ['python_setup_py']
[0.374s] Level 1:colcon.colcon_core.package_identification:_identify(eight_bag) by extension 'python_setup_py'
[0.374s] Level 1:colcon.colcon_core.package_identification:_identify(install) by extensions ['ignore', 'ignore_ament_install']
[0.375s] Level 1:colcon.colcon_core.package_identification:_identify(install) by extension 'ignore'
[0.375s] Level 1:colcon.colcon_core.package_identification:_identify(install) ignored
[0.375s] Level 1:colcon.colcon_core.package_identification:_identify(log) by extensions ['ignore', 'ignore_ament_install']
[0.375s] Level 1:colcon.colcon_core.package_identification:_identify(log) by extension 'ignore'
[0.375s] Level 1:colcon.colcon_core.package_identification:_identify(log) ignored
[0.375s] Level 1:colcon.colcon_core.package_identification:_identify(squared_bag) by extensions ['ignore', 'ignore_ament_install']
[0.375s] Level 1:colcon.colcon_core.package_identification:_identify(squared_bag) by extension 'ignore'
[0.375s] Level 1:colcon.colcon_core.package_identification:_identify(squared_bag) by extension 'ignore_ament_install'
[0.376s] Level 1:colcon.colcon_core.package_identification:_identify(squared_bag) by extensions ['colcon_pkg']
[0.376s] Level 1:colcon.colcon_core.package_identification:_identify(squared_bag) by extension 'colcon_pkg'
[0.376s] Level 1:colcon.colcon_core.package_identification:_identify(squared_bag) by extensions ['colcon_meta']
[0.376s] Level 1:colcon.colcon_core.package_identification:_identify(squared_bag) by extension 'colcon_meta'
[0.376s] Level 1:colcon.colcon_core.package_identification:_identify(squared_bag) by extensions ['ros']
[0.376s] Level 1:colcon.colcon_core.package_identification:_identify(squared_bag) by extension 'ros'
[0.376s] Level 1:colcon.colcon_core.package_identification:_identify(squared_bag) by extensions ['cmake', 'python']
[0.376s] Level 1:colcon.colcon_core.package_identification:_identify(squared_bag) by extension 'cmake'
[0.376s] Level 1:colcon.colcon_core.package_identification:_identify(squared_bag) by extension 'python'
[0.376s] Level 1:colcon.colcon_core.package_identification:_identify(squared_bag) by extensions ['python_setup_py']
[0.376s] Level 1:colcon.colcon_core.package_identification:_identify(squared_bag) by extension 'python_setup_py'
[0.377s] Level 1:colcon.colcon_core.package_identification:_identify(src) by extensions ['ignore', 'ignore_ament_install']
[0.377s] Level 1:colcon.colcon_core.package_identification:_identify(src) by extension 'ignore'
[0.377s] Level 1:colcon.colcon_core.package_identification:_identify(src) by extension 'ignore_ament_install'
[0.377s] Level 1:colcon.colcon_core.package_identification:_identify(src) by extensions ['colcon_pkg']
[0.377s] Level 1:colcon.colcon_core.package_identification:_identify(src) by extension 'colcon_pkg'
[0.377s] Level 1:colcon.colcon_core.package_identification:_identify(src) by extensions ['colcon_meta']
[0.377s] Level 1:colcon.colcon_core.package_identification:_identify(src) by extension 'colcon_meta'
[0.377s] Level 1:colcon.colcon_core.package_identification:_identify(src) by extensions ['ros']
[0.377s] Level 1:colcon.colcon_core.package_identification:_identify(src) by extension 'ros'
[0.377s] Level 1:colcon.colcon_core.package_identification:_identify(src) by extensions ['cmake', 'python']
[0.377s] Level 1:colcon.colcon_core.package_identification:_identify(src) by extension 'cmake'
[0.378s] Level 1:colcon.colcon_core.package_identification:_identify(src) by extension 'python'
[0.378s] Level 1:colcon.colcon_core.package_identification:_identify(src) by extensions ['python_setup_py']
[0.378s] Level 1:colcon.colcon_core.package_identification:_identify(src) by extension 'python_setup_py'
[0.378s] Level 1:colcon.colcon_core.package_identification:_identify(src/generated_bags) by extensions ['ignore', 'ignore_ament_install']
[0.378s] Level 1:colcon.colcon_core.package_identification:_identify(src/generated_bags) by extension 'ignore'
[0.378s] Level 1:colcon.colcon_core.package_identification:_identify(src/generated_bags) by extension 'ignore_ament_install'
[0.378s] Level 1:colcon.colcon_core.package_identification:_identify(src/generated_bags) by extensions ['colcon_pkg']
[0.378s] Level 1:colcon.colcon_core.package_identification:_identify(src/generated_bags) by extension 'colcon_pkg'
[0.378s] Level 1:colcon.colcon_core.package_identification:_identify(src/generated_bags) by extensions ['colcon_meta']
[0.378s] Level 1:colcon.colcon_core.package_identification:_identify(src/generated_bags) by extension 'colcon_meta'
[0.379s] Level 1:colcon.colcon_core.package_identification:_identify(src/generated_bags) by extensions ['ros']
[0.379s] Level 1:colcon.colcon_core.package_identification:_identify(src/generated_bags) by extension 'ros'
[0.379s] Level 1:colcon.colcon_core.package_identification:_identify(src/generated_bags) by extensions ['cmake', 'python']
[0.379s] Level 1:colcon.colcon_core.package_identification:_identify(src/generated_bags) by extension 'cmake'
[0.379s] Level 1:colcon.colcon_core.package_identification:_identify(src/generated_bags) by extension 'python'
[0.379s] Level 1:colcon.colcon_core.package_identification:_identify(src/generated_bags) by extensions ['python_setup_py']
[0.379s] Level 1:colcon.colcon_core.package_identification:_identify(src/generated_bags) by extension 'python_setup_py'
[0.379s] Level 1:colcon.colcon_core.package_identification:_identify(src/generated_bags/full_bag_nav) by extensions ['ignore', 'ignore_ament_install']
[0.379s] Level 1:colcon.colcon_core.package_identification:_identify(src/generated_bags/full_bag_nav) by extension 'ignore'
[0.380s] Level 1:colcon.colcon_core.package_identification:_identify(src/generated_bags/full_bag_nav) by extension 'ignore_ament_install'
[0.380s] Level 1:colcon.colcon_core.package_identification:_identify(src/generated_bags/full_bag_nav) by extensions ['colcon_pkg']
[0.380s] Level 1:colcon.colcon_core.package_identification:_identify(src/generated_bags/full_bag_nav) by extension 'colcon_pkg'
[0.380s] Level 1:colcon.colcon_core.package_identification:_identify(src/generated_bags/full_bag_nav) by extensions ['colcon_meta']
[0.380s] Level 1:colcon.colcon_core.package_identification:_identify(src/generated_bags/full_bag_nav) by extension 'colcon_meta'
[0.380s] Level 1:colcon.colcon_core.package_identification:_identify(src/generated_bags/full_bag_nav) by extensions ['ros']
[0.380s] Level 1:colcon.colcon_core.package_identification:_identify(src/generated_bags/full_bag_nav) by extension 'ros'
[0.380s] Level 1:colcon.colcon_core.package_identification:_identify(src/generated_bags/full_bag_nav) by extensions ['cmake', 'python']
[0.380s] Level 1:colcon.colcon_core.package_identification:_identify(src/generated_bags/full_bag_nav) by extension 'cmake'
[0.380s] Level 1:colcon.colcon_core.package_identification:_identify(src/generated_bags/full_bag_nav) by extension 'python'
[0.380s] Level 1:colcon.colcon_core.package_identification:_identify(src/generated_bags/full_bag_nav) by extensions ['python_setup_py']
[0.380s] Level 1:colcon.colcon_core.package_identification:_identify(src/generated_bags/full_bag_nav) by extension 'python_setup_py'
[0.381s] Level 1:colcon.colcon_core.package_identification:_identify(src/generated_bags/scan_today_bag) by extensions ['ignore', 'ignore_ament_install']
[0.381s] Level 1:colcon.colcon_core.package_identification:_identify(src/generated_bags/scan_today_bag) by extension 'ignore'
[0.381s] Level 1:colcon.colcon_core.package_identification:_identify(src/generated_bags/scan_today_bag) by extension 'ignore_ament_install'
[0.381s] Level 1:colcon.colcon_core.package_identification:_identify(src/generated_bags/scan_today_bag) by extensions ['colcon_pkg']
[0.381s] Level 1:colcon.colcon_core.package_identification:_identify(src/generated_bags/scan_today_bag) by extension 'colcon_pkg'
[0.381s] Level 1:colcon.colcon_core.package_identification:_identify(src/generated_bags/scan_today_bag) by extensions ['colcon_meta']
[0.381s] Level 1:colcon.colcon_core.package_identification:_identify(src/generated_bags/scan_today_bag) by extension 'colcon_meta'
[0.381s] Level 1:colcon.colcon_core.package_identification:_identify(src/generated_bags/scan_today_bag) by extensions ['ros']
[0.381s] Level 1:colcon.colcon_core.package_identification:_identify(src/generated_bags/scan_today_bag) by extension 'ros'
[0.381s] Level 1:colcon.colcon_core.package_identification:_identify(src/generated_bags/scan_today_bag) by extensions ['cmake', 'python']
[0.382s] Level 1:colcon.colcon_core.package_identification:_identify(src/generated_bags/scan_today_bag) by extension 'cmake'
[0.382s] Level 1:colcon.colcon_core.package_identification:_identify(src/generated_bags/scan_today_bag) by extension 'python'
[0.382s] Level 1:colcon.colcon_core.package_identification:_identify(src/generated_bags/scan_today_bag) by extensions ['python_setup_py']
[0.382s] Level 1:colcon.colcon_core.package_identification:_identify(src/generated_bags/scan_today_bag) by extension 'python_setup_py'
[0.382s] Level 1:colcon.colcon_core.package_identification:_identify(src/generated_bags/speed) by extensions ['ignore', 'ignore_ament_install']
[0.382s] Level 1:colcon.colcon_core.package_identification:_identify(src/generated_bags/speed) by extension 'ignore'
[0.382s] Level 1:colcon.colcon_core.package_identification:_identify(src/generated_bags/speed) by extension 'ignore_ament_install'
[0.382s] Level 1:colcon.colcon_core.package_identification:_identify(src/generated_bags/speed) by extensions ['colcon_pkg']
[0.382s] Level 1:colcon.colcon_core.package_identification:_identify(src/generated_bags/speed) by extension 'colcon_pkg'
[0.383s] Level 1:colcon.colcon_core.package_identification:_identify(src/generated_bags/speed) by extensions ['colcon_meta']
[0.383s] Level 1:colcon.colcon_core.package_identification:_identify(src/generated_bags/speed) by extension 'colcon_meta'
[0.383s] Level 1:colcon.colcon_core.package_identification:_identify(src/generated_bags/speed) by extensions ['ros']
[0.383s] Level 1:colcon.colcon_core.package_identification:_identify(src/generated_bags/speed) by extension 'ros'
[0.383s] Level 1:colcon.colcon_core.package_identification:_identify(src/generated_bags/speed) by extensions ['cmake', 'python']
[0.383s] Level 1:colcon.colcon_core.package_identification:_identify(src/generated_bags/speed) by extension 'cmake'
[0.383s] Level 1:colcon.colcon_core.package_identification:_identify(src/generated_bags/speed) by extension 'python'
[0.383s] Level 1:colcon.colcon_core.package_identification:_identify(src/generated_bags/speed) by extensions ['python_setup_py']
[0.383s] Level 1:colcon.colcon_core.package_identification:_identify(src/generated_bags/speed) by extension 'python_setup_py'
[0.383s] Level 1:colcon.colcon_core.package_identification:_identify(src/generated_bags/test_bag) by extensions ['ignore', 'ignore_ament_install']
[0.384s] Level 1:colcon.colcon_core.package_identification:_identify(src/generated_bags/test_bag) by extension 'ignore'
[0.384s] Level 1:colcon.colcon_core.package_identification:_identify(src/generated_bags/test_bag) by extension 'ignore_ament_install'
[0.384s] Level 1:colcon.colcon_core.package_identification:_identify(src/generated_bags/test_bag) by extensions ['colcon_pkg']
[0.384s] Level 1:colcon.colcon_core.package_identification:_identify(src/generated_bags/test_bag) by extension 'colcon_pkg'
[0.384s] Level 1:colcon.colcon_core.package_identification:_identify(src/generated_bags/test_bag) by extensions ['colcon_meta']
[0.384s] Level 1:colcon.colcon_core.package_identification:_identify(src/generated_bags/test_bag) by extension 'colcon_meta'
[0.384s] Level 1:colcon.colcon_core.package_identification:_identify(src/generated_bags/test_bag) by extensions ['ros']
[0.384s] Level 1:colcon.colcon_core.package_identification:_identify(src/generated_bags/test_bag) by extension 'ros'
[0.384s] Level 1:colcon.colcon_core.package_identification:_identify(src/generated_bags/test_bag) by extensions ['cmake', 'python']
[0.384s] Level 1:colcon.colcon_core.package_identification:_identify(src/generated_bags/test_bag) by extension 'cmake'
[0.384s] Level 1:colcon.colcon_core.package_identification:_identify(src/generated_bags/test_bag) by extension 'python'
[0.384s] Level 1:colcon.colcon_core.package_identification:_identify(src/generated_bags/test_bag) by extensions ['python_setup_py']
[0.385s] Level 1:colcon.colcon_core.package_identification:_identify(src/generated_bags/test_bag) by extension 'python_setup_py'
[0.385s] Level 1:colcon.colcon_core.package_identification:_identify(src/mlmodels) by extensions ['ignore', 'ignore_ament_install']
[0.385s] Level 1:colcon.colcon_core.package_identification:_identify(src/mlmodels) by extension 'ignore'
[0.385s] Level 1:colcon.colcon_core.package_identification:_identify(src/mlmodels) by extension 'ignore_ament_install'
[0.385s] Level 1:colcon.colcon_core.package_identification:_identify(src/mlmodels) by extensions ['colcon_pkg']
[0.385s] Level 1:colcon.colcon_core.package_identification:_identify(src/mlmodels) by extension 'colcon_pkg'
[0.385s] Level 1:colcon.colcon_core.package_identification:_identify(src/mlmodels) by extensions ['colcon_meta']
[0.385s] Level 1:colcon.colcon_core.package_identification:_identify(src/mlmodels) by extension 'colcon_meta'
[0.385s] Level 1:colcon.colcon_core.package_identification:_identify(src/mlmodels) by extensions ['ros']
[0.385s] Level 1:colcon.colcon_core.package_identification:_identify(src/mlmodels) by extension 'ros'
[0.386s] Level 1:colcon.colcon_core.package_identification:_identify(src/mlmodels) by extensions ['cmake', 'python']
[0.386s] Level 1:colcon.colcon_core.package_identification:_identify(src/mlmodels) by extension 'cmake'
[0.386s] Level 1:colcon.colcon_core.package_identification:_identify(src/mlmodels) by extension 'python'
[0.386s] Level 1:colcon.colcon_core.package_identification:_identify(src/mlmodels) by extensions ['python_setup_py']
[0.386s] Level 1:colcon.colcon_core.package_identification:_identify(src/mlmodels) by extension 'python_setup_py'
[0.386s] Level 1:colcon.colcon_core.package_identification:_identify(src/navigation_testing) by extensions ['ignore', 'ignore_ament_install']
[0.386s] Level 1:colcon.colcon_core.package_identification:_identify(src/navigation_testing) by extension 'ignore'
[0.386s] Level 1:colcon.colcon_core.package_identification:_identify(src/navigation_testing) by extension 'ignore_ament_install'
[0.386s] Level 1:colcon.colcon_core.package_identification:_identify(src/navigation_testing) by extensions ['colcon_pkg']
[0.386s] Level 1:colcon.colcon_core.package_identification:_identify(src/navigation_testing) by extension 'colcon_pkg'
[0.387s] Level 1:colcon.colcon_core.package_identification:_identify(src/navigation_testing) by extensions ['colcon_meta']
[0.387s] Level 1:colcon.colcon_core.package_identification:_identify(src/navigation_testing) by extension 'colcon_meta'
[0.387s] Level 1:colcon.colcon_core.package_identification:_identify(src/navigation_testing) by extensions ['ros']
[0.387s] Level 1:colcon.colcon_core.package_identification:_identify(src/navigation_testing) by extension 'ros'
[0.389s] DEBUG:colcon.colcon_core.package_identification:Package 'src/navigation_testing' with type 'ros.ament_python' and name 'navigation_testing'
[0.390s] Level 1:colcon.colcon_core.package_identification:_identify(src/ros2bag_convert) by extensions ['ignore', 'ignore_ament_install']
[0.390s] Level 1:colcon.colcon_core.package_identification:_identify(src/ros2bag_convert) by extension 'ignore'
[0.390s] Level 1:colcon.colcon_core.package_identification:_identify(src/ros2bag_convert) by extension 'ignore_ament_install'
[0.390s] Level 1:colcon.colcon_core.package_identification:_identify(src/ros2bag_convert) by extensions ['colcon_pkg']
[0.390s] Level 1:colcon.colcon_core.package_identification:_identify(src/ros2bag_convert) by extension 'colcon_pkg'
[0.390s] Level 1:colcon.colcon_core.package_identification:_identify(src/ros2bag_convert) by extensions ['colcon_meta']
[0.390s] Level 1:colcon.colcon_core.package_identification:_identify(src/ros2bag_convert) by extension 'colcon_meta'
[0.390s] Level 1:colcon.colcon_core.package_identification:_identify(src/ros2bag_convert) by extensions ['ros']
[0.391s] Level 1:colcon.colcon_core.package_identification:_identify(src/ros2bag_convert) by extension 'ros'
[0.391s] Level 1:colcon.colcon_core.package_identification:_identify(src/ros2bag_convert) by extensions ['cmake', 'python']
[0.391s] Level 1:colcon.colcon_core.package_identification:_identify(src/ros2bag_convert) by extension 'cmake'
[0.391s] Level 1:colcon.colcon_core.package_identification:_identify(src/ros2bag_convert) by extension 'python'
[0.391s] Level 1:colcon.colcon_core.package_identification:_identify(src/ros2bag_convert) by extensions ['python_setup_py']
[0.391s] Level 1:colcon.colcon_core.package_identification:_identify(src/ros2bag_convert) by extension 'python_setup_py'
[0.391s] Level 1:colcon.colcon_core.package_discovery:discover_packages(recursive) using defaults
[0.391s] Level 1:colcon.colcon_core.package_discovery:discover_packages(ignore) discover
[0.391s] Level 1:colcon.colcon_core.package_discovery:discover_packages(ignore) using defaults
[0.391s] Level 1:colcon.colcon_core.package_discovery:discover_packages(path) discover
[0.391s] Level 1:colcon.colcon_core.package_discovery:discover_packages(path) using defaults
[0.426s] Level 1:colcon.colcon_core.package_discovery:discover_packages(prefix_path) check parameters
[0.426s] Level 1:colcon.colcon_core.package_discovery:discover_packages(prefix_path) discover
[0.428s] DEBUG:colcon.colcon_installed_package_information.package_discovery:Found 1 installed packages in /home/rics/novamob_ws/install
[0.430s] DEBUG:colcon.colcon_installed_package_information.package_discovery:Found 419 installed packages in /opt/ros/humble
[0.432s] Level 1:colcon.colcon_core.package_discovery:discover_packages(prefix_path) using defaults
[0.498s] Level 5:colcon.colcon_core.verb:set package 'navigation_testing' build argument 'cmake_args' from command line to 'None'
[0.498s] Level 5:colcon.colcon_core.verb:set package 'navigation_testing' build argument 'cmake_target' from command line to 'None'
[0.498s] Level 5:colcon.colcon_core.verb:set package 'navigation_testing' build argument 'cmake_target_skip_unavailable' from command line to 'False'
[0.498s] Level 5:colcon.colcon_core.verb:set package 'navigation_testing' build argument 'cmake_clean_cache' from command line to 'False'
[0.499s] Level 5:colcon.colcon_core.verb:set package 'navigation_testing' build argument 'cmake_clean_first' from command line to 'False'
[0.499s] Level 5:colcon.colcon_core.verb:set package 'navigation_testing' build argument 'cmake_force_configure' from command line to 'False'
[0.499s] Level 5:colcon.colcon_core.verb:set package 'navigation_testing' build argument 'ament_cmake_args' from command line to 'None'
[0.499s] Level 5:colcon.colcon_core.verb:set package 'navigation_testing' build argument 'catkin_cmake_args' from command line to 'None'
[0.499s] Level 5:colcon.colcon_core.verb:set package 'navigation_testing' build argument 'catkin_skip_building_tests' from command line to 'False'
[0.499s] DEBUG:colcon.colcon_core.verb:Building package 'navigation_testing' with the following arguments: {'ament_cmake_args': None, 'build_base': '/home/rics/ros2_selfdriving/build/navigation_testing', 'catkin_cmake_args': None, 'catkin_skip_building_tests': False, 'cmake_args': None, 'cmake_clean_cache': False, 'cmake_clean_first': False, 'cmake_force_configure': False, 'cmake_target': None, 'cmake_target_skip_unavailable': False, 'install_base': '/home/rics/ros2_selfdriving/install/navigation_testing', 'merge_install': False, 'path': '/home/rics/ros2_selfdriving/src/navigation_testing', 'symlink_install': False, 'test_result_base': None}
[0.499s] INFO:colcon.colcon_core.executor:Executing jobs using 'parallel' executor
[0.500s] DEBUG:colcon.colcon_parallel_executor.executor.parallel:run_until_complete
[0.501s] INFO:colcon.colcon_ros.task.ament_python.build:Building ROS package in '/home/rics/ros2_selfdriving/src/navigation_testing' with build type 'ament_python'
[0.501s] Level 1:colcon.colcon_core.shell:create_environment_hook('navigation_testing', 'ament_prefix_path')
[0.504s] INFO:colcon.colcon_core.plugin_system:Skipping extension 'colcon_core.shell.bat': Not used on non-Windows systems
[0.504s] INFO:colcon.colcon_core.shell:Creating environment hook '/home/rics/ros2_selfdriving/install/navigation_testing/share/navigation_testing/hook/ament_prefix_path.ps1'
[0.505s] INFO:colcon.colcon_core.shell:Creating environment descriptor '/home/rics/ros2_selfdriving/install/navigation_testing/share/navigation_testing/hook/ament_prefix_path.dsv'
[0.505s] INFO:colcon.colcon_core.shell:Creating environment hook '/home/rics/ros2_selfdriving/install/navigation_testing/share/navigation_testing/hook/ament_prefix_path.sh'
[0.506s] INFO:colcon.colcon_core.shell:Skip shell extension 'powershell' for command environment: Not usable outside of PowerShell
[0.506s] DEBUG:colcon.colcon_core.shell:Skip shell extension 'dsv' for command environment
[0.832s] INFO:colcon.colcon_core.task.python.build:Building Python package in '/home/rics/ros2_selfdriving/src/navigation_testing'
[0.833s] INFO:colcon.colcon_core.shell:Skip shell extension 'powershell' for command environment: Not usable outside of PowerShell
[0.833s] DEBUG:colcon.colcon_core.shell:Skip shell extension 'dsv' for command environment
[1.287s] DEBUG:colcon.colcon_core.event_handler.log_command:Invoking command in '/home/rics/ros2_selfdriving/src/navigation_testing': PYTHONPATH=/home/rics/ros2_selfdriving/build/navigation_testing/prefix_override:/home/rics/ros2_selfdriving/install/navigation_testing/lib/python3.10/site-packages:${PYTHONPATH} /usr/bin/python3 -W ignore:setup.py install is deprecated setup.py egg_info --egg-base ../../build/navigation_testing build --build-base /home/rics/ros2_selfdriving/build/navigation_testing/build install --record /home/rics/ros2_selfdriving/build/navigation_testing/install.log --single-version-externally-managed install_data
[1.656s] DEBUG:colcon.colcon_core.event_handler.log_command:Invoked command in '/home/rics/ros2_selfdriving/src/navigation_testing' returned '0': PYTHONPATH=/home/rics/ros2_selfdriving/build/navigation_testing/prefix_override:/home/rics/ros2_selfdriving/install/navigation_testing/lib/python3.10/site-packages:${PYTHONPATH} /usr/bin/python3 -W ignore:setup.py install is deprecated setup.py egg_info --egg-base ../../build/navigation_testing build --build-base /home/rics/ros2_selfdriving/build/navigation_testing/build install --record /home/rics/ros2_selfdriving/build/navigation_testing/install.log --single-version-externally-managed install_data
[1.659s] Level 1:colcon.colcon_core.environment:checking '/home/rics/ros2_selfdriving/install/navigation_testing' for CMake module files
[1.659s] Level 1:colcon.colcon_core.environment:checking '/home/rics/ros2_selfdriving/install/navigation_testing' for CMake config files
[1.660s] Level 1:colcon.colcon_core.environment:checking '/home/rics/ros2_selfdriving/install/navigation_testing/lib'
[1.660s] Level 1:colcon.colcon_core.environment:checking '/home/rics/ros2_selfdriving/install/navigation_testing/bin'
[1.660s] Level 1:colcon.colcon_core.environment:checking '/home/rics/ros2_selfdriving/install/navigation_testing/lib/pkgconfig/navigation_testing.pc'
[1.661s] Level 1:colcon.colcon_core.environment:checking '/home/rics/ros2_selfdriving/install/navigation_testing/lib/python3.10/site-packages'
[1.661s] Level 1:colcon.colcon_core.shell:create_environment_hook('navigation_testing', 'pythonpath')
[1.661s] INFO:colcon.colcon_core.shell:Creating environment hook '/home/rics/ros2_selfdriving/install/navigation_testing/share/navigation_testing/hook/pythonpath.ps1'
[1.662s] INFO:colcon.colcon_core.shell:Creating environment descriptor '/home/rics/ros2_selfdriving/install/navigation_testing/share/navigation_testing/hook/pythonpath.dsv'
[1.662s] INFO:colcon.colcon_core.shell:Creating environment hook '/home/rics/ros2_selfdriving/install/navigation_testing/share/navigation_testing/hook/pythonpath.sh'
[1.663s] Level 1:colcon.colcon_core.environment:checking '/home/rics/ros2_selfdriving/install/navigation_testing/bin'
[1.663s] Level 1:colcon.colcon_core.environment:create_environment_scripts_only(navigation_testing)
[1.663s] INFO:colcon.colcon_core.shell:Creating package script '/home/rics/ros2_selfdriving/install/navigation_testing/share/navigation_testing/package.ps1'
[1.664s] INFO:colcon.colcon_core.shell:Creating package descriptor '/home/rics/ros2_selfdriving/install/navigation_testing/share/navigation_testing/package.dsv'
[1.665s] INFO:colcon.colcon_core.shell:Creating package script '/home/rics/ros2_selfdriving/install/navigation_testing/share/navigation_testing/package.sh'
[1.666s] INFO:colcon.colcon_core.shell:Creating package script '/home/rics/ros2_selfdriving/install/navigation_testing/share/navigation_testing/package.bash'
[1.666s] INFO:colcon.colcon_core.shell:Creating package script '/home/rics/ros2_selfdriving/install/navigation_testing/share/navigation_testing/package.zsh'
[1.667s] Level 1:colcon.colcon_core.environment:create_file_with_runtime_dependencies(/home/rics/ros2_selfdriving/install/navigation_testing/share/colcon-core/packages/navigation_testing)
[1.668s] DEBUG:colcon.colcon_parallel_executor.executor.parallel:closing loop
[1.668s] DEBUG:colcon.colcon_parallel_executor.executor.parallel:loop closed
[1.668s] DEBUG:colcon.colcon_parallel_executor.executor.parallel:run_until_complete finished with '0'
[1.668s] DEBUG:colcon.colcon_core.event_reactor:joining thread
[1.674s] INFO:colcon.colcon_core.plugin_system:Skipping extension 'colcon_notification.desktop_notification.terminal_notifier': Not used on non-Darwin systems
[1.674s] INFO:colcon.colcon_core.plugin_system:Skipping extension 'colcon_notification.desktop_notification.win32': Not used on non-Windows systems
[1.674s] INFO:colcon.colcon_notification.desktop_notification:Sending desktop notification using 'notify2'
[1.692s] DEBUG:colcon.colcon_core.event_reactor:joined thread
[1.693s] INFO:colcon.colcon_core.shell:Creating prefix script '/home/rics/ros2_selfdriving/install/local_setup.ps1'
[1.695s] INFO:colcon.colcon_core.shell:Creating prefix util module '/home/rics/ros2_selfdriving/install/_local_setup_util_ps1.py'
[1.697s] INFO:colcon.colcon_core.shell:Creating prefix chain script '/home/rics/ros2_selfdriving/install/setup.ps1'
[1.698s] INFO:colcon.colcon_core.shell:Creating prefix script '/home/rics/ros2_selfdriving/install/local_setup.sh'
[1.699s] INFO:colcon.colcon_core.shell:Creating prefix util module '/home/rics/ros2_selfdriving/install/_local_setup_util_sh.py'
[1.700s] INFO:colcon.colcon_core.shell:Creating prefix chain script '/home/rics/ros2_selfdriving/install/setup.sh'
[1.702s] INFO:colcon.colcon_core.shell:Creating prefix script '/home/rics/ros2_selfdriving/install/local_setup.bash'
[1.703s] INFO:colcon.colcon_core.shell:Creating prefix chain script '/home/rics/ros2_selfdriving/install/setup.bash'
[1.704s] INFO:colcon.colcon_core.shell:Creating prefix script '/home/rics/ros2_selfdriving/install/local_setup.zsh'
[1.706s] INFO:colcon.colcon_core.shell:Creating prefix chain script '/home/rics/ros2_selfdriving/install/setup.zsh'
